2020-08-25 10:51:27.4481||DEBUG||程序启动 |ContentRootPath:E:\资料\私人项目\2020_08\code\YiShaAdmin-master\YiSha.Web\YiSha.Admin.Web |WebRootPath:E:\资料\私人项目\2020_08\code\YiShaAdmin-master\YiSha.Web\YiSha.Admin.Web\wwwroot |IsDevelopment:True |url: |action: 
2020-08-25 11:36:35.4904||DEBUG||程序启动 |ContentRootPath:E:\资料\私人项目\2020_08\code\YiShaAdmin-master\YiSha.Web\YiSha.Admin.Web |WebRootPath:E:\资料\私人项目\2020_08\code\YiShaAdmin-master\YiSha.Web\YiSha.Admin.Web\wwwroot |IsDevelopment:True |url: |action: 
2020-08-25 11:37:01.6767||DEBUG||程序启动 |ContentRootPath:E:\资料\私人项目\2020_08\code\YiShaAdmin-master\YiSha.Web\YiSha.Admin.Web |WebRootPath:E:\资料\私人项目\2020_08\code\YiShaAdmin-master\YiSha.Web\YiSha.Admin.Web\wwwroot |IsDevelopment:True |url: |action: 
2020-08-25 14:07:47.4053||DEBUG||程序启动 |ContentRootPath:E:\资料\私人项目\2020_08\code\YiShaAdmin-master\YiSha.Web\YiSha.Admin.Web |WebRootPath:E:\资料\私人项目\2020_08\code\YiShaAdmin-master\YiSha.Web\YiSha.Admin.Web\wwwroot |IsDevelopment:True |url: |action: 
2020-08-25 14:31:12.9081||ERROR||An error occurred while updating the entries. See the inner exception for details.
Incorrect integer value: '普沃森管理员' for column 'GrandParentTxt' at row 1
   at Microsoft.EntityFrameworkCore.Update.ReaderModificationCommandBatch.ExecuteAsync(IRelationalConnection connection, CancellationToken cancellationToken)
   at Microsoft.EntityFrameworkCore.Update.Internal.BatchExecutor.ExecuteAsync(IEnumerable`1 commandBatches, IRelationalConnection connection, CancellationToken cancellationToken)
   at Microsoft.EntityFrameworkCore.Update.Internal.BatchExecutor.ExecuteAsync(IEnumerable`1 commandBatches, IRelationalConnection connection, CancellationToken cancellationToken)
   at Microsoft.EntityFrameworkCore.ChangeTracking.Internal.StateManager.SaveChangesAsync(IList`1 entriesToSave, CancellationToken cancellationToken)
   at Microsoft.EntityFrameworkCore.ChangeTracking.Internal.StateManager.SaveChangesAsync(DbContext _, Boolean acceptAllChangesOnSuccess, CancellationToken cancellationToken)
   at Pomelo.EntityFrameworkCore.MySql.Storage.Internal.MySqlExecutionStrategy.ExecuteAsync[TState,TResult](TState state, Func`4 operation, Func`4 verifySucceeded, CancellationToken cancellationToken)
   at Microsoft.EntityFrameworkCore.DbContext.SaveChangesAsync(Boolean acceptAllChangesOnSuccess, CancellationToken cancellationToken)
   at YiSha.Data.EF.MySqlDatabase.CommitTrans() in E:\资料\私人项目\2020_08\code\YiShaAdmin-master\YiSha.Data\YiSha.Data.EF\Database\MySqlDatabase.cs:line 65
   at YiSha.Data.EF.MySqlDatabase.CommitTrans() in E:\资料\私人项目\2020_08\code\YiShaAdmin-master\YiSha.Data\YiSha.Data.EF\Database\MySqlDatabase.cs:line 87
   at YiSha.Data.Repository.Repository.CommitTrans() in E:\资料\私人项目\2020_08\code\YiShaAdmin-master\YiSha.Data\YiSha.Data.Repository\Repository.cs:line 39
   at YiSha.Service.OrganizationManage.UserService.SaveForm(UserEntity entity) in E:\资料\私人项目\2020_08\code\YiShaAdmin-master\YiSha.Business\YiSha.Service\OrganizationManage\UserService.cs:line 127
   at YiSha.Service.OrganizationManage.UserService.SaveForm(UserEntity entity) in E:\资料\私人项目\2020_08\code\YiShaAdmin-master\YiSha.Business\YiSha.Service\OrganizationManage\UserService.cs:line 132
   at YiSha.Business.OrganizationManage.UserBLL.SaveForm(UserEntity entity) in E:\资料\私人项目\2020_08\code\YiShaAdmin-master\YiSha.Business\YiSha.Business\OrganizationManage\UserBLL.cs:line 202
   at YiSha.Admin.Web.Areas.OrganizationManage.Controllers.UserController.SaveFormJson(UserEntity entity) in E:\资料\私人项目\2020_08\code\YiShaAdmin-master\YiSha.Web\YiSha.Admin.Web\Areas\OrganizationManage\Controllers\UserController.cs:line 123
   at Microsoft.AspNetCore.Mvc.Infrastructure.ActionMethodExecutor.TaskOfIActionResultExecutor.Execute(IActionResultTypeMapper mapper, ObjectMethodExecutor executor, Object controller, Object[] arguments)
   at Microsoft.AspNetCore.Mvc.Infrastructure.ControllerActionInvoker.<InvokeActionMethodAsync>g__Awaited|12_0(ControllerActionInvoker invoker, ValueTask`1 actionResultValueTask)
   at Microsoft.AspNetCore.Mvc.Infrastructure.ControllerActionInvoker.<InvokeNextActionFilterAsync>g__Awaited|10_0(ControllerActionInvoker invoker, Task lastTask, State next, Scope scope, Object state, Boolean isCompleted)
   at Microsoft.AspNetCore.Mvc.Infrastructure.ControllerActionInvoker.Rethrow(ActionExecutedContextSealed context)
   at Microsoft.AspNetCore.Mvc.Infrastructure.ControllerActionInvoker.Next(State& next, Scope& scope, Object& state, Boolean& isCompleted)
   at Microsoft.AspNetCore.Mvc.Infrastructure.ControllerActionInvoker.<InvokeInnerFilterAsync>g__Awaited|13_0(ControllerActionInvoker invoker, Task lastTask, State next, Scope scope, Object state, Boolean isCompleted)
   at Microsoft.AspNetCore.Mvc.Infrastructure.ResourceInvoker.<InvokeNextExceptionFilterAsync>g__Awaited|25_0(ResourceInvoker invoker, Task lastTask, State next, Scope scope, Object state, Boolean isCompleted)
 |url: http://localhost/OrganizationManage/User/SaveFormJson|action: SaveFormJson
2020-08-25 14:34:47.7302||DEBUG||程序启动 |ContentRootPath:E:\资料\私人项目\2020_08\code\YiShaAdmin-master\YiSha.Web\YiSha.Admin.Web |WebRootPath:E:\资料\私人项目\2020_08\code\YiShaAdmin-master\YiSha.Web\YiSha.Admin.Web\wwwroot |IsDevelopment:True |url: |action: 
2020-08-25 14:35:34.3154||DEBUG||程序启动 |ContentRootPath:E:\资料\私人项目\2020_08\code\YiShaAdmin-master\YiSha.Web\YiSha.Admin.Web |WebRootPath:E:\资料\私人项目\2020_08\code\YiShaAdmin-master\YiSha.Web\YiSha.Admin.Web\wwwroot |IsDevelopment:True |url: |action: 
2020-08-25 14:37:59.0867||ERROR||An error occurred while updating the entries. See the inner exception for details.
Incorrect integer value: '普沃森管理员' for column 'GrandParentTxt' at row 1
   at Microsoft.EntityFrameworkCore.Update.ReaderModificationCommandBatch.ExecuteAsync(IRelationalConnection connection, CancellationToken cancellationToken)
   at Microsoft.EntityFrameworkCore.Update.Internal.BatchExecutor.ExecuteAsync(IEnumerable`1 commandBatches, IRelationalConnection connection, CancellationToken cancellationToken)
   at Microsoft.EntityFrameworkCore.Update.Internal.BatchExecutor.ExecuteAsync(IEnumerable`1 commandBatches, IRelationalConnection connection, CancellationToken cancellationToken)
   at Microsoft.EntityFrameworkCore.ChangeTracking.Internal.StateManager.SaveChangesAsync(IList`1 entriesToSave, CancellationToken cancellationToken)
   at Microsoft.EntityFrameworkCore.ChangeTracking.Internal.StateManager.SaveChangesAsync(DbContext _, Boolean acceptAllChangesOnSuccess, CancellationToken cancellationToken)
   at Pomelo.EntityFrameworkCore.MySql.Storage.Internal.MySqlExecutionStrategy.ExecuteAsync[TState,TResult](TState state, Func`4 operation, Func`4 verifySucceeded, CancellationToken cancellationToken)
   at Microsoft.EntityFrameworkCore.DbContext.SaveChangesAsync(Boolean acceptAllChangesOnSuccess, CancellationToken cancellationToken)
   at YiSha.Data.EF.MySqlDatabase.CommitTrans() in E:\资料\私人项目\2020_08\code\YiShaAdmin-master\YiSha.Data\YiSha.Data.EF\Database\MySqlDatabase.cs:line 65
   at YiSha.Data.EF.MySqlDatabase.CommitTrans() in E:\资料\私人项目\2020_08\code\YiShaAdmin-master\YiSha.Data\YiSha.Data.EF\Database\MySqlDatabase.cs:line 87
   at YiSha.Data.Repository.Repository.CommitTrans() in E:\资料\私人项目\2020_08\code\YiShaAdmin-master\YiSha.Data\YiSha.Data.Repository\Repository.cs:line 39
   at YiSha.Service.OrganizationManage.UserService.SaveForm(UserEntity entity) in E:\资料\私人项目\2020_08\code\YiShaAdmin-master\YiSha.Business\YiSha.Service\OrganizationManage\UserService.cs:line 127
   at YiSha.Service.OrganizationManage.UserService.SaveForm(UserEntity entity) in E:\资料\私人项目\2020_08\code\YiShaAdmin-master\YiSha.Business\YiSha.Service\OrganizationManage\UserService.cs:line 132
   at YiSha.Business.OrganizationManage.UserBLL.SaveForm(UserEntity entity) in E:\资料\私人项目\2020_08\code\YiShaAdmin-master\YiSha.Business\YiSha.Business\OrganizationManage\UserBLL.cs:line 202
   at YiSha.Admin.Web.Areas.OrganizationManage.Controllers.UserController.SaveFormJson(UserEntity entity) in E:\资料\私人项目\2020_08\code\YiShaAdmin-master\YiSha.Web\YiSha.Admin.Web\Areas\OrganizationManage\Controllers\UserController.cs:line 123
   at Microsoft.AspNetCore.Mvc.Infrastructure.ActionMethodExecutor.TaskOfIActionResultExecutor.Execute(IActionResultTypeMapper mapper, ObjectMethodExecutor executor, Object controller, Object[] arguments)
   at Microsoft.AspNetCore.Mvc.Infrastructure.ControllerActionInvoker.<InvokeActionMethodAsync>g__Awaited|12_0(ControllerActionInvoker invoker, ValueTask`1 actionResultValueTask)
   at Microsoft.AspNetCore.Mvc.Infrastructure.ControllerActionInvoker.<InvokeNextActionFilterAsync>g__Awaited|10_0(ControllerActionInvoker invoker, Task lastTask, State next, Scope scope, Object state, Boolean isCompleted)
   at Microsoft.AspNetCore.Mvc.Infrastructure.ControllerActionInvoker.Rethrow(ActionExecutedContextSealed context)
   at Microsoft.AspNetCore.Mvc.Infrastructure.ControllerActionInvoker.Next(State& next, Scope& scope, Object& state, Boolean& isCompleted)
   at Microsoft.AspNetCore.Mvc.Infrastructure.ControllerActionInvoker.<InvokeInnerFilterAsync>g__Awaited|13_0(ControllerActionInvoker invoker, Task lastTask, State next, Scope scope, Object state, Boolean isCompleted)
   at Microsoft.AspNetCore.Mvc.Infrastructure.ResourceInvoker.<InvokeNextExceptionFilterAsync>g__Awaited|25_0(ResourceInvoker invoker, Task lastTask, State next, Scope scope, Object state, Boolean isCompleted)
 |url: http://localhost/OrganizationManage/User/SaveFormJson|action: SaveFormJson
2020-08-25 14:38:06.1376||ERROR||An error occurred while updating the entries. See the inner exception for details.
Incorrect integer value: '普沃森管理员' for column 'GrandParentTxt' at row 1
   at Microsoft.EntityFrameworkCore.Update.ReaderModificationCommandBatch.ExecuteAsync(IRelationalConnection connection, CancellationToken cancellationToken)
   at Microsoft.EntityFrameworkCore.Update.Internal.BatchExecutor.ExecuteAsync(IEnumerable`1 commandBatches, IRelationalConnection connection, CancellationToken cancellationToken)
   at Microsoft.EntityFrameworkCore.Update.Internal.BatchExecutor.ExecuteAsync(IEnumerable`1 commandBatches, IRelationalConnection connection, CancellationToken cancellationToken)
   at Microsoft.EntityFrameworkCore.ChangeTracking.Internal.StateManager.SaveChangesAsync(IList`1 entriesToSave, CancellationToken cancellationToken)
   at Microsoft.EntityFrameworkCore.ChangeTracking.Internal.StateManager.SaveChangesAsync(DbContext _, Boolean acceptAllChangesOnSuccess, CancellationToken cancellationToken)
   at Pomelo.EntityFrameworkCore.MySql.Storage.Internal.MySqlExecutionStrategy.ExecuteAsync[TState,TResult](TState state, Func`4 operation, Func`4 verifySucceeded, CancellationToken cancellationToken)
   at Microsoft.EntityFrameworkCore.DbContext.SaveChangesAsync(Boolean acceptAllChangesOnSuccess, CancellationToken cancellationToken)
   at YiSha.Data.EF.MySqlDatabase.CommitTrans() in E:\资料\私人项目\2020_08\code\YiShaAdmin-master\YiSha.Data\YiSha.Data.EF\Database\MySqlDatabase.cs:line 65
   at YiSha.Data.EF.MySqlDatabase.CommitTrans() in E:\资料\私人项目\2020_08\code\YiShaAdmin-master\YiSha.Data\YiSha.Data.EF\Database\MySqlDatabase.cs:line 87
   at YiSha.Data.Repository.Repository.CommitTrans() in E:\资料\私人项目\2020_08\code\YiShaAdmin-master\YiSha.Data\YiSha.Data.Repository\Repository.cs:line 39
   at YiSha.Service.OrganizationManage.UserService.SaveForm(UserEntity entity) in E:\资料\私人项目\2020_08\code\YiShaAdmin-master\YiSha.Business\YiSha.Service\OrganizationManage\UserService.cs:line 127
   at YiSha.Service.OrganizationManage.UserService.SaveForm(UserEntity entity) in E:\资料\私人项目\2020_08\code\YiShaAdmin-master\YiSha.Business\YiSha.Service\OrganizationManage\UserService.cs:line 132
   at YiSha.Business.OrganizationManage.UserBLL.SaveForm(UserEntity entity) in E:\资料\私人项目\2020_08\code\YiShaAdmin-master\YiSha.Business\YiSha.Business\OrganizationManage\UserBLL.cs:line 202
   at YiSha.Admin.Web.Areas.OrganizationManage.Controllers.UserController.SaveFormJson(UserEntity entity) in E:\资料\私人项目\2020_08\code\YiShaAdmin-master\YiSha.Web\YiSha.Admin.Web\Areas\OrganizationManage\Controllers\UserController.cs:line 123
   at Microsoft.AspNetCore.Mvc.Infrastructure.ActionMethodExecutor.TaskOfIActionResultExecutor.Execute(IActionResultTypeMapper mapper, ObjectMethodExecutor executor, Object controller, Object[] arguments)
   at Microsoft.AspNetCore.Mvc.Infrastructure.ControllerActionInvoker.<InvokeActionMethodAsync>g__Awaited|12_0(ControllerActionInvoker invoker, ValueTask`1 actionResultValueTask)
   at Microsoft.AspNetCore.Mvc.Infrastructure.ControllerActionInvoker.<InvokeNextActionFilterAsync>g__Awaited|10_0(ControllerActionInvoker invoker, Task lastTask, State next, Scope scope, Object state, Boolean isCompleted)
   at Microsoft.AspNetCore.Mvc.Infrastructure.ControllerActionInvoker.Rethrow(ActionExecutedContextSealed context)
   at Microsoft.AspNetCore.Mvc.Infrastructure.ControllerActionInvoker.Next(State& next, Scope& scope, Object& state, Boolean& isCompleted)
   at Microsoft.AspNetCore.Mvc.Infrastructure.ControllerActionInvoker.<InvokeInnerFilterAsync>g__Awaited|13_0(ControllerActionInvoker invoker, Task lastTask, State next, Scope scope, Object state, Boolean isCompleted)
   at Microsoft.AspNetCore.Mvc.Infrastructure.ResourceInvoker.<InvokeNextExceptionFilterAsync>g__Awaited|25_0(ResourceInvoker invoker, Task lastTask, State next, Scope scope, Object state, Boolean isCompleted)
 |url: http://localhost/OrganizationManage/User/SaveFormJson|action: SaveFormJson
2020-08-25 16:16:35.0407||DEBUG||程序启动 |ContentRootPath:E:\资料\私人项目\2020_08\code\YiShaAdmin-master\YiSha.Web\YiSha.Admin.Web |WebRootPath:E:\资料\私人项目\2020_08\code\YiShaAdmin-master\YiSha.Web\YiSha.Admin.Web\wwwroot |IsDevelopment:True |url: |action: 
2020-08-25 16:20:32.8240||DEBUG||程序启动 |ContentRootPath:E:\资料\私人项目\2020_08\code\YiShaAdmin-master\YiSha.Web\YiSha.Admin.Web |WebRootPath:E:\资料\私人项目\2020_08\code\YiShaAdmin-master\YiSha.Web\YiSha.Admin.Web\wwwroot |IsDevelopment:True |url: |action: 
2020-08-25 16:22:28.4551||DEBUG||程序启动 |ContentRootPath:E:\资料\私人项目\2020_08\code\YiShaAdmin-master\YiSha.Web\YiSha.Admin.Web |WebRootPath:E:\资料\私人项目\2020_08\code\YiShaAdmin-master\YiSha.Web\YiSha.Admin.Web\wwwroot |IsDevelopment:True |url: |action: 
2020-08-25 16:25:45.3312||DEBUG||程序启动 |ContentRootPath:E:\资料\私人项目\2020_08\code\YiShaAdmin-master\YiSha.Web\YiSha.Admin.Web |WebRootPath:E:\资料\私人项目\2020_08\code\YiShaAdmin-master\YiSha.Web\YiSha.Admin.Web\wwwroot |IsDevelopment:True |url: |action: 
2020-08-25 16:27:17.9432||WARN||耗时的Sql：INSERT INTO `SysLogOperate` (`Id`, `BaseCreateTime`, `BaseCreatorId`, `BusinessType`, `ExecuteParam`, `ExecuteResult`, `ExecuteTime`, `ExecuteUrl`, `IpAddress`, `IpLocation`, `LogStatus`, `LogType`, `Remark`)
VALUES (218405810538024960, 2020/8/25 16:26:43, 16508640061130151, , , , 2718, /Department/GetDepartmentTreeListJson, 192.168.2.105, , 2020/8/25 16:26:430, 2020/8/25 16:26:431, 2020/8/25 16:26:432);
 |url: |action: 
2020-08-25 16:29:03.0333||DEBUG||程序启动 |ContentRootPath:E:\资料\私人项目\2020_08\code\YiShaAdmin-master\YiSha.Web\YiSha.Admin.Web |WebRootPath:E:\资料\私人项目\2020_08\code\YiShaAdmin-master\YiSha.Web\YiSha.Admin.Web\wwwroot |IsDevelopment:True |url: |action: 
2020-08-25 16:34:43.5487||DEBUG||程序启动 |ContentRootPath:E:\资料\私人项目\2020_08\code\YiShaAdmin-master\YiSha.Web\YiSha.Admin.Web |WebRootPath:E:\资料\私人项目\2020_08\code\YiShaAdmin-master\YiSha.Web\YiSha.Admin.Web\wwwroot |IsDevelopment:True |url: |action: 
2020-08-25 16:37:02.4704||DEBUG||程序启动 |ContentRootPath:E:\资料\私人项目\2020_08\code\YiShaAdmin-master\YiSha.Web\YiSha.Admin.Web |WebRootPath:E:\资料\私人项目\2020_08\code\YiShaAdmin-master\YiSha.Web\YiSha.Admin.Web\wwwroot |IsDevelopment:True |url: |action: 
2020-08-25 16:42:20.0563||DEBUG||程序启动 |ContentRootPath:E:\资料\私人项目\2020_08\code\YiShaAdmin-master\YiSha.Web\YiSha.Admin.Web |WebRootPath:E:\资料\私人项目\2020_08\code\YiShaAdmin-master\YiSha.Web\YiSha.Admin.Web\wwwroot |IsDevelopment:True |url: |action: 
2020-08-25 17:42:35.8852||DEBUG||程序启动 |ContentRootPath:E:\资料\私人项目\2020_08\code\YiShaAdmin-master\YiSha.Web\YiSha.Admin.Web |WebRootPath:E:\资料\私人项目\2020_08\code\YiShaAdmin-master\YiSha.Web\YiSha.Admin.Web\wwwroot |IsDevelopment:True |url: |action: 
2020-08-25 17:56:27.5720||DEBUG||程序启动 |ContentRootPath:E:\资料\私人项目\2020_08\code\YiShaAdmin-master\YiSha.Web\YiSha.Admin.Web |WebRootPath:E:\资料\私人项目\2020_08\code\YiShaAdmin-master\YiSha.Web\YiSha.Admin.Web\wwwroot |IsDevelopment:True |url: |action: 
2020-08-25 17:56:41.7015||DEBUG||程序启动 |ContentRootPath:E:\资料\私人项目\2020_08\code\YiShaAdmin-master\YiSha.Web\YiSha.Admin.Web |WebRootPath:E:\资料\私人项目\2020_08\code\YiShaAdmin-master\YiSha.Web\YiSha.Admin.Web\wwwroot |IsDevelopment:True |url: |action: 
2020-08-25 22:41:39.9557||DEBUG||程序启动 |ContentRootPath:E:\资料\私人项目\2020_08\code\YiShaAdmin-master\YiSha.Web\YiSha.Admin.Web |WebRootPath:E:\资料\私人项目\2020_08\code\YiShaAdmin-master\YiSha.Web\YiSha.Admin.Web\wwwroot |IsDevelopment:True |url: |action: 
