2020-09-23 16:50:51.8465||DEBUG||程序启动 |ContentRootPath:E:\资料\私人项目\2020_08\code\YiShaAdmin-master\YiSha.Web\YiSha.Admin.Web |WebRootPath:E:\资料\私人项目\2020_08\code\YiShaAdmin-master\YiSha.Web\YiSha.Admin.Web\wwwroot |IsDevelopment:True |url: |action: 
2020-09-23 17:24:25.1019||DEBUG||程序启动 |ContentRootPath:E:\资料\私人项目\2020_08\code\YiShaAdmin-master\YiSha.Web\YiSha.Admin.Web |WebRootPath:E:\资料\私人项目\2020_08\code\YiShaAdmin-master\YiSha.Web\YiSha.Admin.Web\wwwroot |IsDevelopment:True |url: |action: 
2020-09-23 17:26:38.8946||ERROR||An error occurred while updating the entries. See the inner exception for details.
Unknown column 'OrderTerIssueIds' in 'field list'
   at Microsoft.EntityFrameworkCore.Update.ReaderModificationCommandBatch.ExecuteAsync(IRelationalConnection connection, CancellationToken cancellationToken)
   at Microsoft.EntityFrameworkCore.Update.Internal.BatchExecutor.ExecuteAsync(IEnumerable`1 commandBatches, IRelationalConnection connection, CancellationToken cancellationToken)
   at Microsoft.EntityFrameworkCore.Update.Internal.BatchExecutor.ExecuteAsync(IEnumerable`1 commandBatches, IRelationalConnection connection, CancellationToken cancellationToken)
   at Microsoft.EntityFrameworkCore.ChangeTracking.Internal.StateManager.SaveChangesAsync(IList`1 entriesToSave, CancellationToken cancellationToken)
   at Microsoft.EntityFrameworkCore.ChangeTracking.Internal.StateManager.SaveChangesAsync(DbContext _, Boolean acceptAllChangesOnSuccess, CancellationToken cancellationToken)
   at Pomelo.EntityFrameworkCore.MySql.Storage.Internal.MySqlExecutionStrategy.ExecuteAsync[TState,TResult](TState state, Func`4 operation, Func`4 verifySucceeded, CancellationToken cancellationToken)
   at Microsoft.EntityFrameworkCore.DbContext.SaveChangesAsync(Boolean acceptAllChangesOnSuccess, CancellationToken cancellationToken)
   at YiSha.Data.EF.MySqlDatabase.CommitTrans() in E:\资料\私人项目\2020_08\code\YiShaAdmin-master\YiSha.Data\YiSha.Data.EF\Database\MySqlDatabase.cs:line 65
   at YiSha.Data.EF.MySqlDatabase.CommitTrans() in E:\资料\私人项目\2020_08\code\YiShaAdmin-master\YiSha.Data\YiSha.Data.EF\Database\MySqlDatabase.cs:line 87
   at YiSha.Data.EF.MySqlDatabase.Insert[T](T entity) in E:\资料\私人项目\2020_08\code\YiShaAdmin-master\YiSha.Data\YiSha.Data.EF\Database\MySqlDatabase.cs:line 162
   at YiSha.Data.Repository.Repository.Insert[T](T entity) in E:\资料\私人项目\2020_08\code\YiShaAdmin-master\YiSha.Data\YiSha.Data.Repository\Repository.cs:line 69
   at YiSha.Service.OrderManage.OrderPrintIssueService.SaveForm(OrderPrintIssueEntity entity) in E:\资料\私人项目\2020_08\code\YiShaAdmin-master\YiSha.Business\YiSha.Service\OrderManage\OrderPrintIssueService.cs:line 91
   at YiSha.Business.OrderManage.OrderPrintIssueBLL.SaveForm(OrderPrintIssueEntity entity) in E:\资料\私人项目\2020_08\code\YiShaAdmin-master\YiSha.Business\YiSha.Business\OrderManage\OrderPrintIssueBLL.cs:line 154
   at YiSha.Admin.Web.Areas.OrderManage.Controllers.OrderTerIssueController.UpdatePrintOrderNumbe(String ids, String printOrderNumber, String custName, String linkName, String printDay) in E:\资料\私人项目\2020_08\code\YiShaAdmin-master\YiSha.Web\YiSha.Admin.Web\Areas\OrderManage\Controllers\OrderTerIssueController.cs:line 121
   at lambda_method(Closure , Object )
   at Microsoft.Extensions.Internal.ObjectMethodExecutorAwaitable.Awaiter.GetResult()
   at Microsoft.AspNetCore.Mvc.Infrastructure.ActionMethodExecutor.TaskOfActionResultExecutor.Execute(IActionResultTypeMapper mapper, ObjectMethodExecutor executor, Object controller, Object[] arguments)
   at Microsoft.AspNetCore.Mvc.Infrastructure.ControllerActionInvoker.<InvokeActionMethodAsync>g__Awaited|12_0(ControllerActionInvoker invoker, ValueTask`1 actionResultValueTask)
   at Microsoft.AspNetCore.Mvc.Infrastructure.ControllerActionInvoker.<InvokeNextActionFilterAsync>g__Awaited|10_0(ControllerActionInvoker invoker, Task lastTask, State next, Scope scope, Object state, Boolean isCompleted)
   at Microsoft.AspNetCore.Mvc.Infrastructure.ControllerActionInvoker.Rethrow(ActionExecutedContextSealed context)
   at Microsoft.AspNetCore.Mvc.Infrastructure.ControllerActionInvoker.Next(State& next, Scope& scope, Object& state, Boolean& isCompleted)
   at Microsoft.AspNetCore.Mvc.Infrastructure.ControllerActionInvoker.<InvokeInnerFilterAsync>g__Awaited|13_0(ControllerActionInvoker invoker, Task lastTask, State next, Scope scope, Object state, Boolean isCompleted)
   at Microsoft.AspNetCore.Mvc.Infrastructure.ResourceInvoker.<InvokeNextExceptionFilterAsync>g__Awaited|25_0(ResourceInvoker invoker, Task lastTask, State next, Scope scope, Object state, Boolean isCompleted)
 |url: http://localhost/OrderManage/OrderTerIssue/UpdatePrintOrderNumbe|action: UpdatePrintOrderNumbe
2020-09-23 17:28:35.8036||DEBUG||程序启动 |ContentRootPath:E:\资料\私人项目\2020_08\code\YiShaAdmin-master\YiSha.Web\YiSha.Admin.Web |WebRootPath:E:\资料\私人项目\2020_08\code\YiShaAdmin-master\YiSha.Web\YiSha.Admin.Web\wwwroot |IsDevelopment:True |url: |action: 
2020-09-23 17:32:07.8945||ERROR||An error occurred while updating the entries. See the inner exception for details.
Unknown column 'OrderTerIssueIds' in 'field list'
   at Microsoft.EntityFrameworkCore.Update.ReaderModificationCommandBatch.ExecuteAsync(IRelationalConnection connection, CancellationToken cancellationToken)
   at Microsoft.EntityFrameworkCore.Update.Internal.BatchExecutor.ExecuteAsync(IEnumerable`1 commandBatches, IRelationalConnection connection, CancellationToken cancellationToken)
   at Microsoft.EntityFrameworkCore.Update.Internal.BatchExecutor.ExecuteAsync(IEnumerable`1 commandBatches, IRelationalConnection connection, CancellationToken cancellationToken)
   at Microsoft.EntityFrameworkCore.ChangeTracking.Internal.StateManager.SaveChangesAsync(IList`1 entriesToSave, CancellationToken cancellationToken)
   at Microsoft.EntityFrameworkCore.ChangeTracking.Internal.StateManager.SaveChangesAsync(DbContext _, Boolean acceptAllChangesOnSuccess, CancellationToken cancellationToken)
   at Pomelo.EntityFrameworkCore.MySql.Storage.Internal.MySqlExecutionStrategy.ExecuteAsync[TState,TResult](TState state, Func`4 operation, Func`4 verifySucceeded, CancellationToken cancellationToken)
   at Microsoft.EntityFrameworkCore.DbContext.SaveChangesAsync(Boolean acceptAllChangesOnSuccess, CancellationToken cancellationToken)
   at YiSha.Data.EF.MySqlDatabase.CommitTrans() in E:\资料\私人项目\2020_08\code\YiShaAdmin-master\YiSha.Data\YiSha.Data.EF\Database\MySqlDatabase.cs:line 65
   at YiSha.Data.EF.MySqlDatabase.CommitTrans() in E:\资料\私人项目\2020_08\code\YiShaAdmin-master\YiSha.Data\YiSha.Data.EF\Database\MySqlDatabase.cs:line 87
   at YiSha.Data.EF.MySqlDatabase.Insert[T](T entity) in E:\资料\私人项目\2020_08\code\YiShaAdmin-master\YiSha.Data\YiSha.Data.EF\Database\MySqlDatabase.cs:line 162
   at YiSha.Data.Repository.Repository.Insert[T](T entity) in E:\资料\私人项目\2020_08\code\YiShaAdmin-master\YiSha.Data\YiSha.Data.Repository\Repository.cs:line 69
   at YiSha.Service.OrderManage.OrderPrintIssueService.SaveForm(OrderPrintIssueEntity entity) in E:\资料\私人项目\2020_08\code\YiShaAdmin-master\YiSha.Business\YiSha.Service\OrderManage\OrderPrintIssueService.cs:line 91
   at YiSha.Business.OrderManage.OrderPrintIssueBLL.SaveForm(OrderPrintIssueEntity entity) in E:\资料\私人项目\2020_08\code\YiShaAdmin-master\YiSha.Business\YiSha.Business\OrderManage\OrderPrintIssueBLL.cs:line 154
   at YiSha.Admin.Web.Areas.OrderManage.Controllers.OrderTerIssueController.UpdatePrintOrderNumbe(String ids, String printOrderNumber, String custName, String linkName, String printDay) in E:\资料\私人项目\2020_08\code\YiShaAdmin-master\YiSha.Web\YiSha.Admin.Web\Areas\OrderManage\Controllers\OrderTerIssueController.cs:line 121
   at lambda_method(Closure , Object )
   at Microsoft.Extensions.Internal.ObjectMethodExecutorAwaitable.Awaiter.GetResult()
   at Microsoft.AspNetCore.Mvc.Infrastructure.ActionMethodExecutor.TaskOfActionResultExecutor.Execute(IActionResultTypeMapper mapper, ObjectMethodExecutor executor, Object controller, Object[] arguments)
   at Microsoft.AspNetCore.Mvc.Infrastructure.ControllerActionInvoker.<InvokeActionMethodAsync>g__Awaited|12_0(ControllerActionInvoker invoker, ValueTask`1 actionResultValueTask)
   at Microsoft.AspNetCore.Mvc.Infrastructure.ControllerActionInvoker.<InvokeNextActionFilterAsync>g__Awaited|10_0(ControllerActionInvoker invoker, Task lastTask, State next, Scope scope, Object state, Boolean isCompleted)
   at Microsoft.AspNetCore.Mvc.Infrastructure.ControllerActionInvoker.Rethrow(ActionExecutedContextSealed context)
   at Microsoft.AspNetCore.Mvc.Infrastructure.ControllerActionInvoker.Next(State& next, Scope& scope, Object& state, Boolean& isCompleted)
   at Microsoft.AspNetCore.Mvc.Infrastructure.ControllerActionInvoker.<InvokeInnerFilterAsync>g__Awaited|13_0(ControllerActionInvoker invoker, Task lastTask, State next, Scope scope, Object state, Boolean isCompleted)
   at Microsoft.AspNetCore.Mvc.Infrastructure.ResourceInvoker.<InvokeNextExceptionFilterAsync>g__Awaited|25_0(ResourceInvoker invoker, Task lastTask, State next, Scope scope, Object state, Boolean isCompleted)
 |url: http://localhost/OrderManage/OrderTerIssue/UpdatePrintOrderNumbe|action: UpdatePrintOrderNumbe
2020-09-23 17:34:39.6243||DEBUG||程序启动 |ContentRootPath:E:\资料\私人项目\2020_08\code\YiShaAdmin-master\YiSha.Web\YiSha.Admin.Web |WebRootPath:E:\资料\私人项目\2020_08\code\YiShaAdmin-master\YiSha.Web\YiSha.Admin.Web\wwwroot |IsDevelopment:True |url: |action: 
2020-09-23 17:45:06.6262||DEBUG||程序启动 |ContentRootPath:E:\资料\私人项目\2020_08\code\YiShaAdmin-master\YiSha.Web\YiSha.Admin.Web |WebRootPath:E:\资料\私人项目\2020_08\code\YiShaAdmin-master\YiSha.Web\YiSha.Admin.Web\wwwroot |IsDevelopment:True |url: |action: 
2020-09-23 17:46:05.1919||ERROR||An error occurred while updating the entries. See the inner exception for details.
Unknown column 'LinkPhone' in 'field list'
   at Microsoft.EntityFrameworkCore.Update.ReaderModificationCommandBatch.ExecuteAsync(IRelationalConnection connection, CancellationToken cancellationToken)
   at Microsoft.EntityFrameworkCore.Update.Internal.BatchExecutor.ExecuteAsync(IEnumerable`1 commandBatches, IRelationalConnection connection, CancellationToken cancellationToken)
   at Microsoft.EntityFrameworkCore.Update.Internal.BatchExecutor.ExecuteAsync(IEnumerable`1 commandBatches, IRelationalConnection connection, CancellationToken cancellationToken)
   at Microsoft.EntityFrameworkCore.ChangeTracking.Internal.StateManager.SaveChangesAsync(IList`1 entriesToSave, CancellationToken cancellationToken)
   at Microsoft.EntityFrameworkCore.ChangeTracking.Internal.StateManager.SaveChangesAsync(DbContext _, Boolean acceptAllChangesOnSuccess, CancellationToken cancellationToken)
   at Pomelo.EntityFrameworkCore.MySql.Storage.Internal.MySqlExecutionStrategy.ExecuteAsync[TState,TResult](TState state, Func`4 operation, Func`4 verifySucceeded, CancellationToken cancellationToken)
   at Microsoft.EntityFrameworkCore.DbContext.SaveChangesAsync(Boolean acceptAllChangesOnSuccess, CancellationToken cancellationToken)
   at YiSha.Data.EF.MySqlDatabase.CommitTrans() in E:\资料\私人项目\2020_08\code\YiShaAdmin-master\YiSha.Data\YiSha.Data.EF\Database\MySqlDatabase.cs:line 65
   at YiSha.Data.EF.MySqlDatabase.CommitTrans() in E:\资料\私人项目\2020_08\code\YiShaAdmin-master\YiSha.Data\YiSha.Data.EF\Database\MySqlDatabase.cs:line 87
   at YiSha.Data.EF.MySqlDatabase.Insert[T](T entity) in E:\资料\私人项目\2020_08\code\YiShaAdmin-master\YiSha.Data\YiSha.Data.EF\Database\MySqlDatabase.cs:line 162
   at YiSha.Data.Repository.Repository.Insert[T](T entity) in E:\资料\私人项目\2020_08\code\YiShaAdmin-master\YiSha.Data\YiSha.Data.Repository\Repository.cs:line 69
   at YiSha.Service.OrderManage.OrderPrintIssueService.SaveForm(OrderPrintIssueEntity entity) in E:\资料\私人项目\2020_08\code\YiShaAdmin-master\YiSha.Business\YiSha.Service\OrderManage\OrderPrintIssueService.cs:line 91
   at YiSha.Business.OrderManage.OrderPrintIssueBLL.SaveForm(OrderPrintIssueEntity entity) in E:\资料\私人项目\2020_08\code\YiShaAdmin-master\YiSha.Business\YiSha.Business\OrderManage\OrderPrintIssueBLL.cs:line 154
   at YiSha.Admin.Web.Areas.OrderManage.Controllers.OrderTerIssueController.UpdatePrintOrderNumbe(String ids, String printOrderNumber, String custName, String linkName, String linkPhone, String printDay) in E:\资料\私人项目\2020_08\code\YiShaAdmin-master\YiSha.Web\YiSha.Admin.Web\Areas\OrderManage\Controllers\OrderTerIssueController.cs:line 122
   at lambda_method(Closure , Object )
   at Microsoft.Extensions.Internal.ObjectMethodExecutorAwaitable.Awaiter.GetResult()
   at Microsoft.AspNetCore.Mvc.Infrastructure.ActionMethodExecutor.TaskOfActionResultExecutor.Execute(IActionResultTypeMapper mapper, ObjectMethodExecutor executor, Object controller, Object[] arguments)
   at Microsoft.AspNetCore.Mvc.Infrastructure.ControllerActionInvoker.<InvokeActionMethodAsync>g__Awaited|12_0(ControllerActionInvoker invoker, ValueTask`1 actionResultValueTask)
   at Microsoft.AspNetCore.Mvc.Infrastructure.ControllerActionInvoker.<InvokeNextActionFilterAsync>g__Awaited|10_0(ControllerActionInvoker invoker, Task lastTask, State next, Scope scope, Object state, Boolean isCompleted)
   at Microsoft.AspNetCore.Mvc.Infrastructure.ControllerActionInvoker.Rethrow(ActionExecutedContextSealed context)
   at Microsoft.AspNetCore.Mvc.Infrastructure.ControllerActionInvoker.Next(State& next, Scope& scope, Object& state, Boolean& isCompleted)
   at Microsoft.AspNetCore.Mvc.Infrastructure.ControllerActionInvoker.<InvokeInnerFilterAsync>g__Awaited|13_0(ControllerActionInvoker invoker, Task lastTask, State next, Scope scope, Object state, Boolean isCompleted)
   at Microsoft.AspNetCore.Mvc.Infrastructure.ResourceInvoker.<InvokeNextExceptionFilterAsync>g__Awaited|25_0(ResourceInvoker invoker, Task lastTask, State next, Scope scope, Object state, Boolean isCompleted)
 |url: http://localhost/OrderManage/OrderTerIssue/UpdatePrintOrderNumbe|action: UpdatePrintOrderNumbe
