2020-09-20 11:08:45.7164||DEBUG||程序启动 |ContentRootPath:E:\资料\私人项目\2020_08\code\YiShaAdmin-master\YiSha.Web\YiSha.Admin.Web |WebRootPath:E:\资料\私人项目\2020_08\code\YiShaAdmin-master\YiSha.Web\YiSha.Admin.Web\wwwroot |IsDevelopment:True |url: |action: 
2020-09-20 11:31:25.8146||DEBUG||程序启动 |ContentRootPath:E:\资料\私人项目\2020_08\code\YiShaAdmin-master\YiSha.Web\YiSha.Admin.Web |WebRootPath:E:\资料\私人项目\2020_08\code\YiShaAdmin-master\YiSha.Web\YiSha.Admin.Web\wwwroot |IsDevelopment:True |url: |action: 
2020-09-20 11:33:26.1790||DEBUG||程序启动 |ContentRootPath:E:\资料\私人项目\2020_08\code\YiShaAdmin-master\YiSha.Web\YiSha.Admin.Web |WebRootPath:E:\资料\私人项目\2020_08\code\YiShaAdmin-master\YiSha.Web\YiSha.Admin.Web\wwwroot |IsDevelopment:True |url: |action: 
2020-09-20 17:04:15.0164||DEBUG||程序启动 |ContentRootPath:E:\资料\私人项目\2020_08\code\YiShaAdmin-master\YiSha.Web\YiSha.Admin.Web |WebRootPath:E:\资料\私人项目\2020_08\code\YiShaAdmin-master\YiSha.Web\YiSha.Admin.Web\wwwroot |IsDevelopment:True |url: |action: 
2020-09-20 17:17:42.6976||DEBUG||程序启动 |ContentRootPath:E:\资料\私人项目\2020_08\code\YiShaAdmin-master\YiSha.Web\YiSha.Admin.Web |WebRootPath:E:\资料\私人项目\2020_08\code\YiShaAdmin-master\YiSha.Web\YiSha.Admin.Web\wwwroot |IsDevelopment:True |url: |action: 
2020-09-20 17:53:53.6299||DEBUG||程序启动 |ContentRootPath:E:\资料\私人项目\2020_08\code\YiShaAdmin-master\YiSha.Web\YiSha.Admin.Web |WebRootPath:E:\资料\私人项目\2020_08\code\YiShaAdmin-master\YiSha.Web\YiSha.Admin.Web\wwwroot |IsDevelopment:True |url: |action: 
2020-09-20 17:56:48.5124||DEBUG||程序启动 |ContentRootPath:E:\资料\私人项目\2020_08\code\YiShaAdmin-master\YiSha.Web\YiSha.Admin.Web |WebRootPath:E:\资料\私人项目\2020_08\code\YiShaAdmin-master\YiSha.Web\YiSha.Admin.Web\wwwroot |IsDevelopment:True |url: |action: 
2020-09-20 18:03:55.1975||DEBUG||程序启动 |ContentRootPath:E:\资料\私人项目\2020_08\code\YiShaAdmin-master\YiSha.Web\YiSha.Admin.Web |WebRootPath:E:\资料\私人项目\2020_08\code\YiShaAdmin-master\YiSha.Web\YiSha.Admin.Web\wwwroot |IsDevelopment:True |url: |action: 
2020-09-20 18:26:27.0447||DEBUG||程序启动 |ContentRootPath:E:\资料\私人项目\2020_08\code\YiShaAdmin-master\YiSha.Web\YiSha.Admin.Web |WebRootPath:E:\资料\私人项目\2020_08\code\YiShaAdmin-master\YiSha.Web\YiSha.Admin.Web\wwwroot |IsDevelopment:True |url: |action: 
2020-09-20 18:35:07.0018||DEBUG||程序启动 |ContentRootPath:E:\资料\私人项目\2020_08\code\YiShaAdmin-master\YiSha.Web\YiSha.Admin.Web |WebRootPath:E:\资料\私人项目\2020_08\code\YiShaAdmin-master\YiSha.Web\YiSha.Admin.Web\wwwroot |IsDevelopment:True |url: |action: 
2020-09-20 18:35:19.7973||ERROR||Duplicate column name 'SysBankName'
   at MySql.Data.MySqlClient.MySqlDataReader.ActivateResultSet() in C:\projects\mysqlconnector\src\MySqlConnector\MySql.Data.MySqlClient\MySqlDataReader.cs:line 130
   at MySql.Data.MySqlClient.MySqlDataReader.CreateAsync(CommandListPosition commandListPosition, ICommandPayloadCreator payloadCreator, IDictionary`2 cachedProcedures, IMySqlCommand command, CommandBehavior behavior, IOBehavior ioBehavior, CancellationToken cancellationToken) in C:\projects\mysqlconnector\src\MySqlConnector\MySql.Data.MySqlClient\MySqlDataReader.cs:line 391
   at MySqlConnector.Core.CommandExecutor.ExecuteReaderAsync(IReadOnlyList`1 commands, ICommandPayloadCreator payloadCreator, CommandBehavior behavior, IOBehavior ioBehavior, CancellationToken cancellationToken) in C:\projects\mysqlconnector\src\MySqlConnector\Core\CommandExecutor.cs:line 62
   at MySql.Data.MySqlClient.MySqlCommand.ExecuteScalarAsync(IOBehavior ioBehavior, CancellationToken cancellationToken) in C:\projects\mysqlconnector\src\MySqlConnector\MySql.Data.MySqlClient\MySqlCommand.cs:line 244
   at YiSha.Data.DbHelper.ExecuteScalarAsync(CommandType cmdType, String strSql, DbParameter[] dbParameter) in E:\资料\私人项目\2020_08\code\YiShaAdmin-master\YiSha.Data\YiSha.Data\DbHelper.cs:line 174
   at YiSha.Data.EF.MySqlDatabase.FindList[T](String strSql, DbParameter[] dbParameter, String sort, Boolean isAsc, Int32 pageSize, Int32 pageIndex) in E:\资料\私人项目\2020_08\code\YiShaAdmin-master\YiSha.Data\YiSha.Data.EF\Database\MySqlDatabase.cs:line 338
   at YiSha.Data.EF.MySqlDatabase.FindList[T](String strSql, String sort, Boolean isAsc, Int32 pageSize, Int32 pageIndex) in E:\资料\私人项目\2020_08\code\YiShaAdmin-master\YiSha.Data\YiSha.Data.EF\Database\MySqlDatabase.cs:line 329
   at YiSha.Data.Repository.Repository.FindList[T](String strSql, Pagination pagination) in E:\资料\私人项目\2020_08\code\YiShaAdmin-master\YiSha.Data\YiSha.Data.Repository\Repository.cs:line 186
   at YiSha.Service.SystemManage.SysIssueConfigService.GetPageList(SysIssueConfigListParam param, Pagination pagination) in E:\资料\私人项目\2020_08\code\YiShaAdmin-master\YiSha.Business\YiSha.Service\SystemManage\SysIssueConfigService.cs:line 41
   at YiSha.Business.SystemManage.SysIssueConfigBLL.GetPageList(SysIssueConfigListParam param, Pagination pagination) in E:\资料\私人项目\2020_08\code\YiShaAdmin-master\YiSha.Business\YiSha.Business\SystemManage\SysIssueConfigBLL.cs:line 36
   at YiSha.Admin.Web.Areas.SystemManage.Controllers.SysIssueConfigController.GetPageListJson(SysIssueConfigListParam param, Pagination pagination) in E:\资料\私人项目\2020_08\code\YiShaAdmin-master\YiSha.Web\YiSha.Admin.Web\Areas\SystemManage\Controllers\SysIssueConfigController.cs:line 54
   at lambda_method(Closure , Object )
   at Microsoft.Extensions.Internal.ObjectMethodExecutorAwaitable.Awaiter.GetResult()
   at Microsoft.AspNetCore.Mvc.Infrastructure.ActionMethodExecutor.TaskOfActionResultExecutor.Execute(IActionResultTypeMapper mapper, ObjectMethodExecutor executor, Object controller, Object[] arguments)
   at Microsoft.AspNetCore.Mvc.Infrastructure.ControllerActionInvoker.<InvokeActionMethodAsync>g__Awaited|12_0(ControllerActionInvoker invoker, ValueTask`1 actionResultValueTask)
   at Microsoft.AspNetCore.Mvc.Infrastructure.ControllerActionInvoker.<InvokeNextActionFilterAsync>g__Awaited|10_0(ControllerActionInvoker invoker, Task lastTask, State next, Scope scope, Object state, Boolean isCompleted)
   at Microsoft.AspNetCore.Mvc.Infrastructure.ControllerActionInvoker.Rethrow(ActionExecutedContextSealed context)
   at Microsoft.AspNetCore.Mvc.Infrastructure.ControllerActionInvoker.Next(State& next, Scope& scope, Object& state, Boolean& isCompleted)
   at Microsoft.AspNetCore.Mvc.Infrastructure.ControllerActionInvoker.<InvokeInnerFilterAsync>g__Awaited|13_0(ControllerActionInvoker invoker, Task lastTask, State next, Scope scope, Object state, Boolean isCompleted)
   at Microsoft.AspNetCore.Mvc.Infrastructure.ResourceInvoker.<InvokeNextExceptionFilterAsync>g__Awaited|25_0(ResourceInvoker invoker, Task lastTask, State next, Scope scope, Object state, Boolean isCompleted)
 |url: http://localhost/SystemManage/SysIssueConfig/GetPageListJson|action: GetPageListJson
2020-09-20 18:36:40.2764||ERROR||Duplicate column name 'SysBankName'
   at MySql.Data.MySqlClient.MySqlDataReader.ActivateResultSet() in C:\projects\mysqlconnector\src\MySqlConnector\MySql.Data.MySqlClient\MySqlDataReader.cs:line 130
   at MySql.Data.MySqlClient.MySqlDataReader.CreateAsync(CommandListPosition commandListPosition, ICommandPayloadCreator payloadCreator, IDictionary`2 cachedProcedures, IMySqlCommand command, CommandBehavior behavior, IOBehavior ioBehavior, CancellationToken cancellationToken) in C:\projects\mysqlconnector\src\MySqlConnector\MySql.Data.MySqlClient\MySqlDataReader.cs:line 391
   at MySqlConnector.Core.CommandExecutor.ExecuteReaderAsync(IReadOnlyList`1 commands, ICommandPayloadCreator payloadCreator, CommandBehavior behavior, IOBehavior ioBehavior, CancellationToken cancellationToken) in C:\projects\mysqlconnector\src\MySqlConnector\Core\CommandExecutor.cs:line 62
   at MySql.Data.MySqlClient.MySqlCommand.ExecuteScalarAsync(IOBehavior ioBehavior, CancellationToken cancellationToken) in C:\projects\mysqlconnector\src\MySqlConnector\MySql.Data.MySqlClient\MySqlCommand.cs:line 244
   at YiSha.Data.DbHelper.ExecuteScalarAsync(CommandType cmdType, String strSql, DbParameter[] dbParameter) in E:\资料\私人项目\2020_08\code\YiShaAdmin-master\YiSha.Data\YiSha.Data\DbHelper.cs:line 174
   at YiSha.Data.EF.MySqlDatabase.FindList[T](String strSql, DbParameter[] dbParameter, String sort, Boolean isAsc, Int32 pageSize, Int32 pageIndex) in E:\资料\私人项目\2020_08\code\YiShaAdmin-master\YiSha.Data\YiSha.Data.EF\Database\MySqlDatabase.cs:line 338
   at YiSha.Data.EF.MySqlDatabase.FindList[T](String strSql, String sort, Boolean isAsc, Int32 pageSize, Int32 pageIndex) in E:\资料\私人项目\2020_08\code\YiShaAdmin-master\YiSha.Data\YiSha.Data.EF\Database\MySqlDatabase.cs:line 329
   at YiSha.Data.Repository.Repository.FindList[T](String strSql, Pagination pagination) in E:\资料\私人项目\2020_08\code\YiShaAdmin-master\YiSha.Data\YiSha.Data.Repository\Repository.cs:line 186
   at YiSha.Service.SystemManage.SysIssueConfigService.GetPageList(SysIssueConfigListParam param, Pagination pagination) in E:\资料\私人项目\2020_08\code\YiShaAdmin-master\YiSha.Business\YiSha.Service\SystemManage\SysIssueConfigService.cs:line 41
   at YiSha.Business.SystemManage.SysIssueConfigBLL.GetPageList(SysIssueConfigListParam param, Pagination pagination) in E:\资料\私人项目\2020_08\code\YiShaAdmin-master\YiSha.Business\YiSha.Business\SystemManage\SysIssueConfigBLL.cs:line 36
   at YiSha.Admin.Web.Areas.SystemManage.Controllers.SysIssueConfigController.GetPageListJson(SysIssueConfigListParam param, Pagination pagination) in E:\资料\私人项目\2020_08\code\YiShaAdmin-master\YiSha.Web\YiSha.Admin.Web\Areas\SystemManage\Controllers\SysIssueConfigController.cs:line 54
   at lambda_method(Closure , Object )
   at Microsoft.Extensions.Internal.ObjectMethodExecutorAwaitable.Awaiter.GetResult()
   at Microsoft.AspNetCore.Mvc.Infrastructure.ActionMethodExecutor.TaskOfActionResultExecutor.Execute(IActionResultTypeMapper mapper, ObjectMethodExecutor executor, Object controller, Object[] arguments)
   at Microsoft.AspNetCore.Mvc.Infrastructure.ControllerActionInvoker.<InvokeActionMethodAsync>g__Awaited|12_0(ControllerActionInvoker invoker, ValueTask`1 actionResultValueTask)
   at Microsoft.AspNetCore.Mvc.Infrastructure.ControllerActionInvoker.<InvokeNextActionFilterAsync>g__Awaited|10_0(ControllerActionInvoker invoker, Task lastTask, State next, Scope scope, Object state, Boolean isCompleted)
   at Microsoft.AspNetCore.Mvc.Infrastructure.ControllerActionInvoker.Rethrow(ActionExecutedContextSealed context)
   at Microsoft.AspNetCore.Mvc.Infrastructure.ControllerActionInvoker.Next(State& next, Scope& scope, Object& state, Boolean& isCompleted)
   at Microsoft.AspNetCore.Mvc.Infrastructure.ControllerActionInvoker.<InvokeInnerFilterAsync>g__Awaited|13_0(ControllerActionInvoker invoker, Task lastTask, State next, Scope scope, Object state, Boolean isCompleted)
   at Microsoft.AspNetCore.Mvc.Infrastructure.ResourceInvoker.<InvokeNextExceptionFilterAsync>g__Awaited|25_0(ResourceInvoker invoker, Task lastTask, State next, Scope scope, Object state, Boolean isCompleted)
 |url: http://localhost/SystemManage/SysIssueConfig/GetPageListJson|action: GetPageListJson
2020-09-20 18:37:57.3819||DEBUG||程序启动 |ContentRootPath:E:\资料\私人项目\2020_08\code\YiShaAdmin-master\YiSha.Web\YiSha.Admin.Web |WebRootPath:E:\资料\私人项目\2020_08\code\YiShaAdmin-master\YiSha.Web\YiSha.Admin.Web\wwwroot |IsDevelopment:True |url: |action: 
2020-09-20 18:41:52.1679||DEBUG||程序启动 |ContentRootPath:E:\资料\私人项目\2020_08\code\YiShaAdmin-master\YiSha.Web\YiSha.Admin.Web |WebRootPath:E:\资料\私人项目\2020_08\code\YiShaAdmin-master\YiSha.Web\YiSha.Admin.Web\wwwroot |IsDevelopment:True |url: |action: 
2020-09-20 20:58:47.5609||DEBUG||程序启动 |ContentRootPath:E:\资料\私人项目\2020_08\code\YiShaAdmin-master\YiSha.Web\YiSha.Admin.Web |WebRootPath:E:\资料\私人项目\2020_08\code\YiShaAdmin-master\YiSha.Web\YiSha.Admin.Web\wwwroot |IsDevelopment:True |url: |action: 
