2020-08-26 14:14:43.7600||DEBUG||程序启动 |ContentRootPath:E:\资料\私人项目\2020_08\code\YiShaAdmin-master\YiSha.Web\YiSha.Admin.Web |WebRootPath:E:\资料\私人项目\2020_08\code\YiShaAdmin-master\YiSha.Web\YiSha.Admin.Web\wwwroot |IsDevelopment:True |url: |action: 
2020-08-26 14:15:13.5536||ERROR||'GBK' is not a supported encoding name. For information on defining a custom encoding, see the documentation for the Encoding.RegisterProvider method. (Parameter 'name')
   at System.Text.EncodingTable.InternalGetCodePageFromName(String name)
   at System.Text.EncodingTable.GetCodePageFromName(String name)
   at System.Text.Encoding.GetEncoding(String name)
   at YiSha.Util.HttpHelper.GetHttpRequestData(HttpItem objhttpitem) in E:\资料\私人项目\2020_08\code\YiShaAdmin-master\YiSha.Util\YiSha.Util\HttpHelper.cs:line 223
   at YiSha.Util.HttpHelper.GetHtml(HttpItem httpItem) in E:\资料\私人项目\2020_08\code\YiShaAdmin-master\YiSha.Util\YiSha.Util\HttpHelper.cs:line 463
   at YiSha.Util.IpLocationHelper.GetIpLocationFromPCOnline(String ipAddress) in E:\资料\私人项目\2020_08\code\YiShaAdmin-master\YiSha.Util\YiSha.Util\IpLocationHelper.cs:line 54
   at YiSha.Util.IpLocationHelper.GetIpLocation(String ipAddress) in E:\资料\私人项目\2020_08\code\YiShaAdmin-master\YiSha.Util\YiSha.Util\IpLocationHelper.cs:line 22
 |url: http://localhost/ToolManage/Server/GetServerIpJson|action: GetServerIpJson
2020-08-26 14:15:15.3514||ERROR||系统找不到指定的文件。
   at System.Diagnostics.Process.StartWithCreateProcess(ProcessStartInfo startInfo)
   at System.Diagnostics.Process.Start()
   at System.Diagnostics.Process.Start(ProcessStartInfo startInfo)
   at YiSha.Util.ShellHelper.Cmd(String fileName, String args) in E:\资料\私人项目\2020_08\code\YiShaAdmin-master\YiSha.Util\YiSha.Util\ShellHelper.cs:line 40
   at YiSha.Util.MemoryMetricsClient.GetWindowsMetrics() in E:\资料\私人项目\2020_08\code\YiShaAdmin-master\YiSha.Util\YiSha.Util\ComputerHelper.cs:line 104
   at YiSha.Util.MemoryMetricsClient.GetMetrics() in E:\资料\私人项目\2020_08\code\YiShaAdmin-master\YiSha.Util\YiSha.Util\ComputerHelper.cs:line 99
   at YiSha.Util.ComputerHelper.GetComputerInfo() in E:\资料\私人项目\2020_08\code\YiShaAdmin-master\YiSha.Util\YiSha.Util\ComputerHelper.cs:line 20
 |url: http://localhost/ToolManage/Server/GetServerJson|action: GetServerJson
2020-08-26 14:15:18.3405||ERROR||系统找不到指定的文件。
   at System.Diagnostics.Process.StartWithCreateProcess(ProcessStartInfo startInfo)
   at System.Diagnostics.Process.Start()
   at System.Diagnostics.Process.Start(ProcessStartInfo startInfo)
   at YiSha.Util.ShellHelper.Cmd(String fileName, String args) in E:\资料\私人项目\2020_08\code\YiShaAdmin-master\YiSha.Util\YiSha.Util\ShellHelper.cs:line 40
   at YiSha.Util.MemoryMetricsClient.GetWindowsMetrics() in E:\资料\私人项目\2020_08\code\YiShaAdmin-master\YiSha.Util\YiSha.Util\ComputerHelper.cs:line 104
   at YiSha.Util.MemoryMetricsClient.GetMetrics() in E:\资料\私人项目\2020_08\code\YiShaAdmin-master\YiSha.Util\YiSha.Util\ComputerHelper.cs:line 99
   at YiSha.Util.ComputerHelper.GetComputerInfo() in E:\资料\私人项目\2020_08\code\YiShaAdmin-master\YiSha.Util\YiSha.Util\ComputerHelper.cs:line 20
 |url: http://localhost/ToolManage/Server/GetServerJson|action: GetServerJson
2020-08-26 14:15:21.3421||ERROR||系统找不到指定的文件。
   at System.Diagnostics.Process.StartWithCreateProcess(ProcessStartInfo startInfo)
   at System.Diagnostics.Process.Start()
   at System.Diagnostics.Process.Start(ProcessStartInfo startInfo)
   at YiSha.Util.ShellHelper.Cmd(String fileName, String args) in E:\资料\私人项目\2020_08\code\YiShaAdmin-master\YiSha.Util\YiSha.Util\ShellHelper.cs:line 40
   at YiSha.Util.MemoryMetricsClient.GetWindowsMetrics() in E:\资料\私人项目\2020_08\code\YiShaAdmin-master\YiSha.Util\YiSha.Util\ComputerHelper.cs:line 104
   at YiSha.Util.MemoryMetricsClient.GetMetrics() in E:\资料\私人项目\2020_08\code\YiShaAdmin-master\YiSha.Util\YiSha.Util\ComputerHelper.cs:line 99
   at YiSha.Util.ComputerHelper.GetComputerInfo() in E:\资料\私人项目\2020_08\code\YiShaAdmin-master\YiSha.Util\YiSha.Util\ComputerHelper.cs:line 20
 |url: http://localhost/ToolManage/Server/GetServerJson|action: GetServerJson
2020-08-26 14:15:24.3279||ERROR||系统找不到指定的文件。
   at System.Diagnostics.Process.StartWithCreateProcess(ProcessStartInfo startInfo)
   at System.Diagnostics.Process.Start()
   at System.Diagnostics.Process.Start(ProcessStartInfo startInfo)
   at YiSha.Util.ShellHelper.Cmd(String fileName, String args) in E:\资料\私人项目\2020_08\code\YiShaAdmin-master\YiSha.Util\YiSha.Util\ShellHelper.cs:line 40
   at YiSha.Util.MemoryMetricsClient.GetWindowsMetrics() in E:\资料\私人项目\2020_08\code\YiShaAdmin-master\YiSha.Util\YiSha.Util\ComputerHelper.cs:line 104
   at YiSha.Util.MemoryMetricsClient.GetMetrics() in E:\资料\私人项目\2020_08\code\YiShaAdmin-master\YiSha.Util\YiSha.Util\ComputerHelper.cs:line 99
   at YiSha.Util.ComputerHelper.GetComputerInfo() in E:\资料\私人项目\2020_08\code\YiShaAdmin-master\YiSha.Util\YiSha.Util\ComputerHelper.cs:line 20
 |url: http://localhost/ToolManage/Server/GetServerJson|action: GetServerJson
2020-08-26 14:15:27.3350||ERROR||系统找不到指定的文件。
   at System.Diagnostics.Process.StartWithCreateProcess(ProcessStartInfo startInfo)
   at System.Diagnostics.Process.Start()
   at System.Diagnostics.Process.Start(ProcessStartInfo startInfo)
   at YiSha.Util.ShellHelper.Cmd(String fileName, String args) in E:\资料\私人项目\2020_08\code\YiShaAdmin-master\YiSha.Util\YiSha.Util\ShellHelper.cs:line 40
   at YiSha.Util.MemoryMetricsClient.GetWindowsMetrics() in E:\资料\私人项目\2020_08\code\YiShaAdmin-master\YiSha.Util\YiSha.Util\ComputerHelper.cs:line 104
   at YiSha.Util.MemoryMetricsClient.GetMetrics() in E:\资料\私人项目\2020_08\code\YiShaAdmin-master\YiSha.Util\YiSha.Util\ComputerHelper.cs:line 99
   at YiSha.Util.ComputerHelper.GetComputerInfo() in E:\资料\私人项目\2020_08\code\YiShaAdmin-master\YiSha.Util\YiSha.Util\ComputerHelper.cs:line 20
 |url: http://localhost/ToolManage/Server/GetServerJson|action: GetServerJson
2020-08-26 14:15:30.3381||ERROR||系统找不到指定的文件。
   at System.Diagnostics.Process.StartWithCreateProcess(ProcessStartInfo startInfo)
   at System.Diagnostics.Process.Start()
   at System.Diagnostics.Process.Start(ProcessStartInfo startInfo)
   at YiSha.Util.ShellHelper.Cmd(String fileName, String args) in E:\资料\私人项目\2020_08\code\YiShaAdmin-master\YiSha.Util\YiSha.Util\ShellHelper.cs:line 40
   at YiSha.Util.MemoryMetricsClient.GetWindowsMetrics() in E:\资料\私人项目\2020_08\code\YiShaAdmin-master\YiSha.Util\YiSha.Util\ComputerHelper.cs:line 104
   at YiSha.Util.MemoryMetricsClient.GetMetrics() in E:\资料\私人项目\2020_08\code\YiShaAdmin-master\YiSha.Util\YiSha.Util\ComputerHelper.cs:line 99
   at YiSha.Util.ComputerHelper.GetComputerInfo() in E:\资料\私人项目\2020_08\code\YiShaAdmin-master\YiSha.Util\YiSha.Util\ComputerHelper.cs:line 20
 |url: http://localhost/ToolManage/Server/GetServerJson|action: GetServerJson
2020-08-26 14:15:33.3321||ERROR||系统找不到指定的文件。
   at System.Diagnostics.Process.StartWithCreateProcess(ProcessStartInfo startInfo)
   at System.Diagnostics.Process.Start()
   at System.Diagnostics.Process.Start(ProcessStartInfo startInfo)
   at YiSha.Util.ShellHelper.Cmd(String fileName, String args) in E:\资料\私人项目\2020_08\code\YiShaAdmin-master\YiSha.Util\YiSha.Util\ShellHelper.cs:line 40
   at YiSha.Util.MemoryMetricsClient.GetWindowsMetrics() in E:\资料\私人项目\2020_08\code\YiShaAdmin-master\YiSha.Util\YiSha.Util\ComputerHelper.cs:line 104
   at YiSha.Util.MemoryMetricsClient.GetMetrics() in E:\资料\私人项目\2020_08\code\YiShaAdmin-master\YiSha.Util\YiSha.Util\ComputerHelper.cs:line 99
   at YiSha.Util.ComputerHelper.GetComputerInfo() in E:\资料\私人项目\2020_08\code\YiShaAdmin-master\YiSha.Util\YiSha.Util\ComputerHelper.cs:line 20
 |url: http://localhost/ToolManage/Server/GetServerJson|action: GetServerJson
2020-08-26 14:15:36.3367||ERROR||系统找不到指定的文件。
   at System.Diagnostics.Process.StartWithCreateProcess(ProcessStartInfo startInfo)
   at System.Diagnostics.Process.Start()
   at System.Diagnostics.Process.Start(ProcessStartInfo startInfo)
   at YiSha.Util.ShellHelper.Cmd(String fileName, String args) in E:\资料\私人项目\2020_08\code\YiShaAdmin-master\YiSha.Util\YiSha.Util\ShellHelper.cs:line 40
   at YiSha.Util.MemoryMetricsClient.GetWindowsMetrics() in E:\资料\私人项目\2020_08\code\YiShaAdmin-master\YiSha.Util\YiSha.Util\ComputerHelper.cs:line 104
   at YiSha.Util.MemoryMetricsClient.GetMetrics() in E:\资料\私人项目\2020_08\code\YiShaAdmin-master\YiSha.Util\YiSha.Util\ComputerHelper.cs:line 99
   at YiSha.Util.ComputerHelper.GetComputerInfo() in E:\资料\私人项目\2020_08\code\YiShaAdmin-master\YiSha.Util\YiSha.Util\ComputerHelper.cs:line 20
 |url: http://localhost/ToolManage/Server/GetServerJson|action: GetServerJson
2020-08-26 14:15:39.3355||ERROR||系统找不到指定的文件。
   at System.Diagnostics.Process.StartWithCreateProcess(ProcessStartInfo startInfo)
   at System.Diagnostics.Process.Start()
   at System.Diagnostics.Process.Start(ProcessStartInfo startInfo)
   at YiSha.Util.ShellHelper.Cmd(String fileName, String args) in E:\资料\私人项目\2020_08\code\YiShaAdmin-master\YiSha.Util\YiSha.Util\ShellHelper.cs:line 40
   at YiSha.Util.MemoryMetricsClient.GetWindowsMetrics() in E:\资料\私人项目\2020_08\code\YiShaAdmin-master\YiSha.Util\YiSha.Util\ComputerHelper.cs:line 104
   at YiSha.Util.MemoryMetricsClient.GetMetrics() in E:\资料\私人项目\2020_08\code\YiShaAdmin-master\YiSha.Util\YiSha.Util\ComputerHelper.cs:line 99
   at YiSha.Util.ComputerHelper.GetComputerInfo() in E:\资料\私人项目\2020_08\code\YiShaAdmin-master\YiSha.Util\YiSha.Util\ComputerHelper.cs:line 20
 |url: http://localhost/ToolManage/Server/GetServerJson|action: GetServerJson
2020-08-26 14:15:42.3397||ERROR||系统找不到指定的文件。
   at System.Diagnostics.Process.StartWithCreateProcess(ProcessStartInfo startInfo)
   at System.Diagnostics.Process.Start()
   at System.Diagnostics.Process.Start(ProcessStartInfo startInfo)
   at YiSha.Util.ShellHelper.Cmd(String fileName, String args) in E:\资料\私人项目\2020_08\code\YiShaAdmin-master\YiSha.Util\YiSha.Util\ShellHelper.cs:line 40
   at YiSha.Util.MemoryMetricsClient.GetWindowsMetrics() in E:\资料\私人项目\2020_08\code\YiShaAdmin-master\YiSha.Util\YiSha.Util\ComputerHelper.cs:line 104
   at YiSha.Util.MemoryMetricsClient.GetMetrics() in E:\资料\私人项目\2020_08\code\YiShaAdmin-master\YiSha.Util\YiSha.Util\ComputerHelper.cs:line 99
   at YiSha.Util.ComputerHelper.GetComputerInfo() in E:\资料\私人项目\2020_08\code\YiShaAdmin-master\YiSha.Util\YiSha.Util\ComputerHelper.cs:line 20
 |url: http://localhost/ToolManage/Server/GetServerJson|action: GetServerJson
2020-08-26 14:15:45.3312||ERROR||系统找不到指定的文件。
   at System.Diagnostics.Process.StartWithCreateProcess(ProcessStartInfo startInfo)
   at System.Diagnostics.Process.Start()
   at System.Diagnostics.Process.Start(ProcessStartInfo startInfo)
   at YiSha.Util.ShellHelper.Cmd(String fileName, String args) in E:\资料\私人项目\2020_08\code\YiShaAdmin-master\YiSha.Util\YiSha.Util\ShellHelper.cs:line 40
   at YiSha.Util.MemoryMetricsClient.GetWindowsMetrics() in E:\资料\私人项目\2020_08\code\YiShaAdmin-master\YiSha.Util\YiSha.Util\ComputerHelper.cs:line 104
   at YiSha.Util.MemoryMetricsClient.GetMetrics() in E:\资料\私人项目\2020_08\code\YiShaAdmin-master\YiSha.Util\YiSha.Util\ComputerHelper.cs:line 99
   at YiSha.Util.ComputerHelper.GetComputerInfo() in E:\资料\私人项目\2020_08\code\YiShaAdmin-master\YiSha.Util\YiSha.Util\ComputerHelper.cs:line 20
 |url: http://localhost/ToolManage/Server/GetServerJson|action: GetServerJson
2020-08-26 14:15:48.3371||ERROR||系统找不到指定的文件。
   at System.Diagnostics.Process.StartWithCreateProcess(ProcessStartInfo startInfo)
   at System.Diagnostics.Process.Start()
   at System.Diagnostics.Process.Start(ProcessStartInfo startInfo)
   at YiSha.Util.ShellHelper.Cmd(String fileName, String args) in E:\资料\私人项目\2020_08\code\YiShaAdmin-master\YiSha.Util\YiSha.Util\ShellHelper.cs:line 40
   at YiSha.Util.MemoryMetricsClient.GetWindowsMetrics() in E:\资料\私人项目\2020_08\code\YiShaAdmin-master\YiSha.Util\YiSha.Util\ComputerHelper.cs:line 104
   at YiSha.Util.MemoryMetricsClient.GetMetrics() in E:\资料\私人项目\2020_08\code\YiShaAdmin-master\YiSha.Util\YiSha.Util\ComputerHelper.cs:line 99
   at YiSha.Util.ComputerHelper.GetComputerInfo() in E:\资料\私人项目\2020_08\code\YiShaAdmin-master\YiSha.Util\YiSha.Util\ComputerHelper.cs:line 20
 |url: http://localhost/ToolManage/Server/GetServerJson|action: GetServerJson
2020-08-26 14:15:51.3282||ERROR||系统找不到指定的文件。
   at System.Diagnostics.Process.StartWithCreateProcess(ProcessStartInfo startInfo)
   at System.Diagnostics.Process.Start()
   at System.Diagnostics.Process.Start(ProcessStartInfo startInfo)
   at YiSha.Util.ShellHelper.Cmd(String fileName, String args) in E:\资料\私人项目\2020_08\code\YiShaAdmin-master\YiSha.Util\YiSha.Util\ShellHelper.cs:line 40
   at YiSha.Util.MemoryMetricsClient.GetWindowsMetrics() in E:\资料\私人项目\2020_08\code\YiShaAdmin-master\YiSha.Util\YiSha.Util\ComputerHelper.cs:line 104
   at YiSha.Util.MemoryMetricsClient.GetMetrics() in E:\资料\私人项目\2020_08\code\YiShaAdmin-master\YiSha.Util\YiSha.Util\ComputerHelper.cs:line 99
   at YiSha.Util.ComputerHelper.GetComputerInfo() in E:\资料\私人项目\2020_08\code\YiShaAdmin-master\YiSha.Util\YiSha.Util\ComputerHelper.cs:line 20
 |url: http://localhost/ToolManage/Server/GetServerJson|action: GetServerJson
2020-08-26 14:15:54.3275||ERROR||系统找不到指定的文件。
   at System.Diagnostics.Process.StartWithCreateProcess(ProcessStartInfo startInfo)
   at System.Diagnostics.Process.Start()
   at System.Diagnostics.Process.Start(ProcessStartInfo startInfo)
   at YiSha.Util.ShellHelper.Cmd(String fileName, String args) in E:\资料\私人项目\2020_08\code\YiShaAdmin-master\YiSha.Util\YiSha.Util\ShellHelper.cs:line 40
   at YiSha.Util.MemoryMetricsClient.GetWindowsMetrics() in E:\资料\私人项目\2020_08\code\YiShaAdmin-master\YiSha.Util\YiSha.Util\ComputerHelper.cs:line 104
   at YiSha.Util.MemoryMetricsClient.GetMetrics() in E:\资料\私人项目\2020_08\code\YiShaAdmin-master\YiSha.Util\YiSha.Util\ComputerHelper.cs:line 99
   at YiSha.Util.ComputerHelper.GetComputerInfo() in E:\资料\私人项目\2020_08\code\YiShaAdmin-master\YiSha.Util\YiSha.Util\ComputerHelper.cs:line 20
 |url: http://localhost/ToolManage/Server/GetServerJson|action: GetServerJson
2020-08-26 14:15:57.3510||ERROR||系统找不到指定的文件。
   at System.Diagnostics.Process.StartWithCreateProcess(ProcessStartInfo startInfo)
   at System.Diagnostics.Process.Start()
   at System.Diagnostics.Process.Start(ProcessStartInfo startInfo)
   at YiSha.Util.ShellHelper.Cmd(String fileName, String args) in E:\资料\私人项目\2020_08\code\YiShaAdmin-master\YiSha.Util\YiSha.Util\ShellHelper.cs:line 40
   at YiSha.Util.MemoryMetricsClient.GetWindowsMetrics() in E:\资料\私人项目\2020_08\code\YiShaAdmin-master\YiSha.Util\YiSha.Util\ComputerHelper.cs:line 104
   at YiSha.Util.MemoryMetricsClient.GetMetrics() in E:\资料\私人项目\2020_08\code\YiShaAdmin-master\YiSha.Util\YiSha.Util\ComputerHelper.cs:line 99
   at YiSha.Util.ComputerHelper.GetComputerInfo() in E:\资料\私人项目\2020_08\code\YiShaAdmin-master\YiSha.Util\YiSha.Util\ComputerHelper.cs:line 20
 |url: http://localhost/ToolManage/Server/GetServerJson|action: GetServerJson
2020-08-26 14:16:00.3280||ERROR||系统找不到指定的文件。
   at System.Diagnostics.Process.StartWithCreateProcess(ProcessStartInfo startInfo)
   at System.Diagnostics.Process.Start()
   at System.Diagnostics.Process.Start(ProcessStartInfo startInfo)
   at YiSha.Util.ShellHelper.Cmd(String fileName, String args) in E:\资料\私人项目\2020_08\code\YiShaAdmin-master\YiSha.Util\YiSha.Util\ShellHelper.cs:line 40
   at YiSha.Util.MemoryMetricsClient.GetWindowsMetrics() in E:\资料\私人项目\2020_08\code\YiShaAdmin-master\YiSha.Util\YiSha.Util\ComputerHelper.cs:line 104
   at YiSha.Util.MemoryMetricsClient.GetMetrics() in E:\资料\私人项目\2020_08\code\YiShaAdmin-master\YiSha.Util\YiSha.Util\ComputerHelper.cs:line 99
   at YiSha.Util.ComputerHelper.GetComputerInfo() in E:\资料\私人项目\2020_08\code\YiShaAdmin-master\YiSha.Util\YiSha.Util\ComputerHelper.cs:line 20
 |url: http://localhost/ToolManage/Server/GetServerJson|action: GetServerJson
2020-08-26 14:16:03.3492||ERROR||系统找不到指定的文件。
   at System.Diagnostics.Process.StartWithCreateProcess(ProcessStartInfo startInfo)
   at System.Diagnostics.Process.Start()
   at System.Diagnostics.Process.Start(ProcessStartInfo startInfo)
   at YiSha.Util.ShellHelper.Cmd(String fileName, String args) in E:\资料\私人项目\2020_08\code\YiShaAdmin-master\YiSha.Util\YiSha.Util\ShellHelper.cs:line 40
   at YiSha.Util.MemoryMetricsClient.GetWindowsMetrics() in E:\资料\私人项目\2020_08\code\YiShaAdmin-master\YiSha.Util\YiSha.Util\ComputerHelper.cs:line 104
   at YiSha.Util.MemoryMetricsClient.GetMetrics() in E:\资料\私人项目\2020_08\code\YiShaAdmin-master\YiSha.Util\YiSha.Util\ComputerHelper.cs:line 99
   at YiSha.Util.ComputerHelper.GetComputerInfo() in E:\资料\私人项目\2020_08\code\YiShaAdmin-master\YiSha.Util\YiSha.Util\ComputerHelper.cs:line 20
 |url: http://localhost/ToolManage/Server/GetServerJson|action: GetServerJson
2020-08-26 14:16:06.3355||ERROR||系统找不到指定的文件。
   at System.Diagnostics.Process.StartWithCreateProcess(ProcessStartInfo startInfo)
   at System.Diagnostics.Process.Start()
   at System.Diagnostics.Process.Start(ProcessStartInfo startInfo)
   at YiSha.Util.ShellHelper.Cmd(String fileName, String args) in E:\资料\私人项目\2020_08\code\YiShaAdmin-master\YiSha.Util\YiSha.Util\ShellHelper.cs:line 40
   at YiSha.Util.MemoryMetricsClient.GetWindowsMetrics() in E:\资料\私人项目\2020_08\code\YiShaAdmin-master\YiSha.Util\YiSha.Util\ComputerHelper.cs:line 104
   at YiSha.Util.MemoryMetricsClient.GetMetrics() in E:\资料\私人项目\2020_08\code\YiShaAdmin-master\YiSha.Util\YiSha.Util\ComputerHelper.cs:line 99
   at YiSha.Util.ComputerHelper.GetComputerInfo() in E:\资料\私人项目\2020_08\code\YiShaAdmin-master\YiSha.Util\YiSha.Util\ComputerHelper.cs:line 20
 |url: http://localhost/ToolManage/Server/GetServerJson|action: GetServerJson
2020-08-26 14:16:09.3290||ERROR||系统找不到指定的文件。
   at System.Diagnostics.Process.StartWithCreateProcess(ProcessStartInfo startInfo)
   at System.Diagnostics.Process.Start()
   at System.Diagnostics.Process.Start(ProcessStartInfo startInfo)
   at YiSha.Util.ShellHelper.Cmd(String fileName, String args) in E:\资料\私人项目\2020_08\code\YiShaAdmin-master\YiSha.Util\YiSha.Util\ShellHelper.cs:line 40
   at YiSha.Util.MemoryMetricsClient.GetWindowsMetrics() in E:\资料\私人项目\2020_08\code\YiShaAdmin-master\YiSha.Util\YiSha.Util\ComputerHelper.cs:line 104
   at YiSha.Util.MemoryMetricsClient.GetMetrics() in E:\资料\私人项目\2020_08\code\YiShaAdmin-master\YiSha.Util\YiSha.Util\ComputerHelper.cs:line 99
   at YiSha.Util.ComputerHelper.GetComputerInfo() in E:\资料\私人项目\2020_08\code\YiShaAdmin-master\YiSha.Util\YiSha.Util\ComputerHelper.cs:line 20
 |url: http://localhost/ToolManage/Server/GetServerJson|action: GetServerJson
2020-08-26 14:16:12.3281||ERROR||系统找不到指定的文件。
   at System.Diagnostics.Process.StartWithCreateProcess(ProcessStartInfo startInfo)
   at System.Diagnostics.Process.Start()
   at System.Diagnostics.Process.Start(ProcessStartInfo startInfo)
   at YiSha.Util.ShellHelper.Cmd(String fileName, String args) in E:\资料\私人项目\2020_08\code\YiShaAdmin-master\YiSha.Util\YiSha.Util\ShellHelper.cs:line 40
   at YiSha.Util.MemoryMetricsClient.GetWindowsMetrics() in E:\资料\私人项目\2020_08\code\YiShaAdmin-master\YiSha.Util\YiSha.Util\ComputerHelper.cs:line 104
   at YiSha.Util.MemoryMetricsClient.GetMetrics() in E:\资料\私人项目\2020_08\code\YiShaAdmin-master\YiSha.Util\YiSha.Util\ComputerHelper.cs:line 99
   at YiSha.Util.ComputerHelper.GetComputerInfo() in E:\资料\私人项目\2020_08\code\YiShaAdmin-master\YiSha.Util\YiSha.Util\ComputerHelper.cs:line 20
 |url: http://localhost/ToolManage/Server/GetServerJson|action: GetServerJson
2020-08-26 14:16:15.3344||ERROR||系统找不到指定的文件。
   at System.Diagnostics.Process.StartWithCreateProcess(ProcessStartInfo startInfo)
   at System.Diagnostics.Process.Start()
   at System.Diagnostics.Process.Start(ProcessStartInfo startInfo)
   at YiSha.Util.ShellHelper.Cmd(String fileName, String args) in E:\资料\私人项目\2020_08\code\YiShaAdmin-master\YiSha.Util\YiSha.Util\ShellHelper.cs:line 40
   at YiSha.Util.MemoryMetricsClient.GetWindowsMetrics() in E:\资料\私人项目\2020_08\code\YiShaAdmin-master\YiSha.Util\YiSha.Util\ComputerHelper.cs:line 104
   at YiSha.Util.MemoryMetricsClient.GetMetrics() in E:\资料\私人项目\2020_08\code\YiShaAdmin-master\YiSha.Util\YiSha.Util\ComputerHelper.cs:line 99
   at YiSha.Util.ComputerHelper.GetComputerInfo() in E:\资料\私人项目\2020_08\code\YiShaAdmin-master\YiSha.Util\YiSha.Util\ComputerHelper.cs:line 20
 |url: http://localhost/ToolManage/Server/GetServerJson|action: GetServerJson
2020-08-26 14:16:18.3337||ERROR||系统找不到指定的文件。
   at System.Diagnostics.Process.StartWithCreateProcess(ProcessStartInfo startInfo)
   at System.Diagnostics.Process.Start()
   at System.Diagnostics.Process.Start(ProcessStartInfo startInfo)
   at YiSha.Util.ShellHelper.Cmd(String fileName, String args) in E:\资料\私人项目\2020_08\code\YiShaAdmin-master\YiSha.Util\YiSha.Util\ShellHelper.cs:line 40
   at YiSha.Util.MemoryMetricsClient.GetWindowsMetrics() in E:\资料\私人项目\2020_08\code\YiShaAdmin-master\YiSha.Util\YiSha.Util\ComputerHelper.cs:line 104
   at YiSha.Util.MemoryMetricsClient.GetMetrics() in E:\资料\私人项目\2020_08\code\YiShaAdmin-master\YiSha.Util\YiSha.Util\ComputerHelper.cs:line 99
   at YiSha.Util.ComputerHelper.GetComputerInfo() in E:\资料\私人项目\2020_08\code\YiShaAdmin-master\YiSha.Util\YiSha.Util\ComputerHelper.cs:line 20
 |url: http://localhost/ToolManage/Server/GetServerJson|action: GetServerJson
2020-08-26 14:16:21.3266||ERROR||系统找不到指定的文件。
   at System.Diagnostics.Process.StartWithCreateProcess(ProcessStartInfo startInfo)
   at System.Diagnostics.Process.Start()
   at System.Diagnostics.Process.Start(ProcessStartInfo startInfo)
   at YiSha.Util.ShellHelper.Cmd(String fileName, String args) in E:\资料\私人项目\2020_08\code\YiShaAdmin-master\YiSha.Util\YiSha.Util\ShellHelper.cs:line 40
   at YiSha.Util.MemoryMetricsClient.GetWindowsMetrics() in E:\资料\私人项目\2020_08\code\YiShaAdmin-master\YiSha.Util\YiSha.Util\ComputerHelper.cs:line 104
   at YiSha.Util.MemoryMetricsClient.GetMetrics() in E:\资料\私人项目\2020_08\code\YiShaAdmin-master\YiSha.Util\YiSha.Util\ComputerHelper.cs:line 99
   at YiSha.Util.ComputerHelper.GetComputerInfo() in E:\资料\私人项目\2020_08\code\YiShaAdmin-master\YiSha.Util\YiSha.Util\ComputerHelper.cs:line 20
 |url: http://localhost/ToolManage/Server/GetServerJson|action: GetServerJson
2020-08-26 14:16:24.3271||ERROR||系统找不到指定的文件。
   at System.Diagnostics.Process.StartWithCreateProcess(ProcessStartInfo startInfo)
   at System.Diagnostics.Process.Start()
   at System.Diagnostics.Process.Start(ProcessStartInfo startInfo)
   at YiSha.Util.ShellHelper.Cmd(String fileName, String args) in E:\资料\私人项目\2020_08\code\YiShaAdmin-master\YiSha.Util\YiSha.Util\ShellHelper.cs:line 40
   at YiSha.Util.MemoryMetricsClient.GetWindowsMetrics() in E:\资料\私人项目\2020_08\code\YiShaAdmin-master\YiSha.Util\YiSha.Util\ComputerHelper.cs:line 104
   at YiSha.Util.MemoryMetricsClient.GetMetrics() in E:\资料\私人项目\2020_08\code\YiShaAdmin-master\YiSha.Util\YiSha.Util\ComputerHelper.cs:line 99
   at YiSha.Util.ComputerHelper.GetComputerInfo() in E:\资料\私人项目\2020_08\code\YiShaAdmin-master\YiSha.Util\YiSha.Util\ComputerHelper.cs:line 20
 |url: http://localhost/ToolManage/Server/GetServerJson|action: GetServerJson
2020-08-26 14:16:27.3270||ERROR||系统找不到指定的文件。
   at System.Diagnostics.Process.StartWithCreateProcess(ProcessStartInfo startInfo)
   at System.Diagnostics.Process.Start()
   at System.Diagnostics.Process.Start(ProcessStartInfo startInfo)
   at YiSha.Util.ShellHelper.Cmd(String fileName, String args) in E:\资料\私人项目\2020_08\code\YiShaAdmin-master\YiSha.Util\YiSha.Util\ShellHelper.cs:line 40
   at YiSha.Util.MemoryMetricsClient.GetWindowsMetrics() in E:\资料\私人项目\2020_08\code\YiShaAdmin-master\YiSha.Util\YiSha.Util\ComputerHelper.cs:line 104
   at YiSha.Util.MemoryMetricsClient.GetMetrics() in E:\资料\私人项目\2020_08\code\YiShaAdmin-master\YiSha.Util\YiSha.Util\ComputerHelper.cs:line 99
   at YiSha.Util.ComputerHelper.GetComputerInfo() in E:\资料\私人项目\2020_08\code\YiShaAdmin-master\YiSha.Util\YiSha.Util\ComputerHelper.cs:line 20
 |url: http://localhost/ToolManage/Server/GetServerJson|action: GetServerJson
2020-08-26 14:16:30.3288||ERROR||系统找不到指定的文件。
   at System.Diagnostics.Process.StartWithCreateProcess(ProcessStartInfo startInfo)
   at System.Diagnostics.Process.Start()
   at System.Diagnostics.Process.Start(ProcessStartInfo startInfo)
   at YiSha.Util.ShellHelper.Cmd(String fileName, String args) in E:\资料\私人项目\2020_08\code\YiShaAdmin-master\YiSha.Util\YiSha.Util\ShellHelper.cs:line 40
   at YiSha.Util.MemoryMetricsClient.GetWindowsMetrics() in E:\资料\私人项目\2020_08\code\YiShaAdmin-master\YiSha.Util\YiSha.Util\ComputerHelper.cs:line 104
   at YiSha.Util.MemoryMetricsClient.GetMetrics() in E:\资料\私人项目\2020_08\code\YiShaAdmin-master\YiSha.Util\YiSha.Util\ComputerHelper.cs:line 99
   at YiSha.Util.ComputerHelper.GetComputerInfo() in E:\资料\私人项目\2020_08\code\YiShaAdmin-master\YiSha.Util\YiSha.Util\ComputerHelper.cs:line 20
 |url: http://localhost/ToolManage/Server/GetServerJson|action: GetServerJson
2020-08-26 14:16:33.3369||ERROR||系统找不到指定的文件。
   at System.Diagnostics.Process.StartWithCreateProcess(ProcessStartInfo startInfo)
   at System.Diagnostics.Process.Start()
   at System.Diagnostics.Process.Start(ProcessStartInfo startInfo)
   at YiSha.Util.ShellHelper.Cmd(String fileName, String args) in E:\资料\私人项目\2020_08\code\YiShaAdmin-master\YiSha.Util\YiSha.Util\ShellHelper.cs:line 40
   at YiSha.Util.MemoryMetricsClient.GetWindowsMetrics() in E:\资料\私人项目\2020_08\code\YiShaAdmin-master\YiSha.Util\YiSha.Util\ComputerHelper.cs:line 104
   at YiSha.Util.MemoryMetricsClient.GetMetrics() in E:\资料\私人项目\2020_08\code\YiShaAdmin-master\YiSha.Util\YiSha.Util\ComputerHelper.cs:line 99
   at YiSha.Util.ComputerHelper.GetComputerInfo() in E:\资料\私人项目\2020_08\code\YiShaAdmin-master\YiSha.Util\YiSha.Util\ComputerHelper.cs:line 20
 |url: http://localhost/ToolManage/Server/GetServerJson|action: GetServerJson
2020-08-26 14:16:36.3336||ERROR||系统找不到指定的文件。
   at System.Diagnostics.Process.StartWithCreateProcess(ProcessStartInfo startInfo)
   at System.Diagnostics.Process.Start()
   at System.Diagnostics.Process.Start(ProcessStartInfo startInfo)
   at YiSha.Util.ShellHelper.Cmd(String fileName, String args) in E:\资料\私人项目\2020_08\code\YiShaAdmin-master\YiSha.Util\YiSha.Util\ShellHelper.cs:line 40
   at YiSha.Util.MemoryMetricsClient.GetWindowsMetrics() in E:\资料\私人项目\2020_08\code\YiShaAdmin-master\YiSha.Util\YiSha.Util\ComputerHelper.cs:line 104
   at YiSha.Util.MemoryMetricsClient.GetMetrics() in E:\资料\私人项目\2020_08\code\YiShaAdmin-master\YiSha.Util\YiSha.Util\ComputerHelper.cs:line 99
   at YiSha.Util.ComputerHelper.GetComputerInfo() in E:\资料\私人项目\2020_08\code\YiShaAdmin-master\YiSha.Util\YiSha.Util\ComputerHelper.cs:line 20
 |url: http://localhost/ToolManage/Server/GetServerJson|action: GetServerJson
2020-08-26 14:16:39.3270||ERROR||系统找不到指定的文件。
   at System.Diagnostics.Process.StartWithCreateProcess(ProcessStartInfo startInfo)
   at System.Diagnostics.Process.Start()
   at System.Diagnostics.Process.Start(ProcessStartInfo startInfo)
   at YiSha.Util.ShellHelper.Cmd(String fileName, String args) in E:\资料\私人项目\2020_08\code\YiShaAdmin-master\YiSha.Util\YiSha.Util\ShellHelper.cs:line 40
   at YiSha.Util.MemoryMetricsClient.GetWindowsMetrics() in E:\资料\私人项目\2020_08\code\YiShaAdmin-master\YiSha.Util\YiSha.Util\ComputerHelper.cs:line 104
   at YiSha.Util.MemoryMetricsClient.GetMetrics() in E:\资料\私人项目\2020_08\code\YiShaAdmin-master\YiSha.Util\YiSha.Util\ComputerHelper.cs:line 99
   at YiSha.Util.ComputerHelper.GetComputerInfo() in E:\资料\私人项目\2020_08\code\YiShaAdmin-master\YiSha.Util\YiSha.Util\ComputerHelper.cs:line 20
 |url: http://localhost/ToolManage/Server/GetServerJson|action: GetServerJson
2020-08-26 14:16:42.3274||ERROR||系统找不到指定的文件。
   at System.Diagnostics.Process.StartWithCreateProcess(ProcessStartInfo startInfo)
   at System.Diagnostics.Process.Start()
   at System.Diagnostics.Process.Start(ProcessStartInfo startInfo)
   at YiSha.Util.ShellHelper.Cmd(String fileName, String args) in E:\资料\私人项目\2020_08\code\YiShaAdmin-master\YiSha.Util\YiSha.Util\ShellHelper.cs:line 40
   at YiSha.Util.MemoryMetricsClient.GetWindowsMetrics() in E:\资料\私人项目\2020_08\code\YiShaAdmin-master\YiSha.Util\YiSha.Util\ComputerHelper.cs:line 104
   at YiSha.Util.MemoryMetricsClient.GetMetrics() in E:\资料\私人项目\2020_08\code\YiShaAdmin-master\YiSha.Util\YiSha.Util\ComputerHelper.cs:line 99
   at YiSha.Util.ComputerHelper.GetComputerInfo() in E:\资料\私人项目\2020_08\code\YiShaAdmin-master\YiSha.Util\YiSha.Util\ComputerHelper.cs:line 20
 |url: http://localhost/ToolManage/Server/GetServerJson|action: GetServerJson
2020-08-26 14:16:45.3294||ERROR||系统找不到指定的文件。
   at System.Diagnostics.Process.StartWithCreateProcess(ProcessStartInfo startInfo)
   at System.Diagnostics.Process.Start(ProcessStartInfo startInfo)
   at YiSha.Util.ShellHelper.Cmd(String fileName, String args) in E:\资料\私人项目\2020_08\code\YiShaAdmin-master\YiSha.Util\YiSha.Util\ShellHelper.cs:line 40
   at YiSha.Util.MemoryMetricsClient.GetWindowsMetrics() in E:\资料\私人项目\2020_08\code\YiShaAdmin-master\YiSha.Util\YiSha.Util\ComputerHelper.cs:line 104
   at YiSha.Util.MemoryMetricsClient.GetMetrics() in E:\资料\私人项目\2020_08\code\YiShaAdmin-master\YiSha.Util\YiSha.Util\ComputerHelper.cs:line 99
   at YiSha.Util.ComputerHelper.GetComputerInfo() in E:\资料\私人项目\2020_08\code\YiShaAdmin-master\YiSha.Util\YiSha.Util\ComputerHelper.cs:line 20
 |url: http://localhost/ToolManage/Server/GetServerJson|action: GetServerJson
2020-08-26 18:43:55.9869||DEBUG||程序启动 |ContentRootPath:E:\资料\私人项目\2020_08\code\YiShaAdmin-master\YiSha.Web\YiSha.Admin.Web |WebRootPath:E:\资料\私人项目\2020_08\code\YiShaAdmin-master\YiSha.Web\YiSha.Admin.Web\wwwroot |IsDevelopment:True |url: |action: 
2020-08-26 18:47:07.8642||DEBUG||程序启动 |ContentRootPath:E:\资料\私人项目\2020_08\code\YiShaAdmin-master\YiSha.Web\YiSha.Admin.Web |WebRootPath:E:\资料\私人项目\2020_08\code\YiShaAdmin-master\YiSha.Web\YiSha.Admin.Web\wwwroot |IsDevelopment:True |url: |action: 
2020-08-26 18:48:39.1396||DEBUG||程序启动 |ContentRootPath:E:\资料\私人项目\2020_08\code\YiShaAdmin-master\YiSha.Web\YiSha.Admin.Web |WebRootPath:E:\资料\私人项目\2020_08\code\YiShaAdmin-master\YiSha.Web\YiSha.Admin.Web\wwwroot |IsDevelopment:True |url: |action: 
2020-08-26 18:49:20.9591||DEBUG||程序启动 |ContentRootPath:E:\资料\私人项目\2020_08\code\YiShaAdmin-master\YiSha.Web\YiSha.Admin.Web |WebRootPath:E:\资料\私人项目\2020_08\code\YiShaAdmin-master\YiSha.Web\YiSha.Admin.Web\wwwroot |IsDevelopment:True |url: |action: 
2020-08-26 18:54:21.8977||DEBUG||程序启动 |ContentRootPath:E:\资料\私人项目\2020_08\code\YiShaAdmin-master\YiSha.Web\YiSha.Admin.Web |WebRootPath:E:\资料\私人项目\2020_08\code\YiShaAdmin-master\YiSha.Web\YiSha.Admin.Web\wwwroot |IsDevelopment:True |url: |action: 
2020-08-26 18:54:36.6767||ERROR||You have an error in your SQL syntax; check the manual that corresponds to your MySQL server version for the right syntax to use near '','130200','130203','110000','110100','110101) AND ParentAreaCode='0'' at line 1
   at MySql.Data.MySqlClient.MySqlDataReader.ActivateResultSet() in C:\projects\mysqlconnector\src\MySqlConnector\MySql.Data.MySqlClient\MySqlDataReader.cs:line 130
   at MySql.Data.MySqlClient.MySqlDataReader.CreateAsync(CommandListPosition commandListPosition, ICommandPayloadCreator payloadCreator, IDictionary`2 cachedProcedures, IMySqlCommand command, CommandBehavior behavior, IOBehavior ioBehavior, CancellationToken cancellationToken) in C:\projects\mysqlconnector\src\MySqlConnector\MySql.Data.MySqlClient\MySqlDataReader.cs:line 391
   at MySqlConnector.Core.CommandExecutor.ExecuteReaderAsync(IReadOnlyList`1 commands, ICommandPayloadCreator payloadCreator, CommandBehavior behavior, IOBehavior ioBehavior, CancellationToken cancellationToken) in C:\projects\mysqlconnector\src\MySqlConnector\Core\CommandExecutor.cs:line 62
   at YiSha.Data.DbHelper.ExecuteReadeAsync(CommandType cmdType, String strSql, DbParameter[] dbParameter) in E:\资料\私人项目\2020_08\code\YiShaAdmin-master\YiSha.Data\YiSha.Data\DbHelper.cs:line 106
   at YiSha.Data.EF.MySqlDatabase.FindTable(String strSql, DbParameter[] dbParameter) in E:\资料\私人项目\2020_08\code\YiShaAdmin-master\YiSha.Data\YiSha.Data.EF\Database\MySqlDatabase.cs:line 377
   at YiSha.Data.EF.MySqlDatabase.FindTable(String strSql) in E:\资料\私人项目\2020_08\code\YiShaAdmin-master\YiSha.Data\YiSha.Data.EF\Database\MySqlDatabase.cs:line 371
   at YiSha.Data.Repository.Repository.FindTable(String strSql) in E:\资料\私人项目\2020_08\code\YiShaAdmin-master\YiSha.Data\YiSha.Data.Repository\Repository.cs:line 194
   at YiSha.Service.SystemManage.AreaService.GetData(AreaListParam param) in E:\资料\私人项目\2020_08\code\YiShaAdmin-master\YiSha.Business\YiSha.Service\SystemManage\AreaService.cs:line 42
   at YiSha.Business.SystemManage.AreaBLL.GetAreaList(String parentCode, String curUserId) in E:\资料\私人项目\2020_08\code\YiShaAdmin-master\YiSha.Business\YiSha.Business\SystemManage\AreaBLL.cs:line 95
   at YiSha.Admin.Web.Areas.SystemManage.Controllers.AreaController.GetAreaList() in E:\资料\私人项目\2020_08\code\YiShaAdmin-master\YiSha.Web\YiSha.Admin.Web\Areas\SystemManage\Controllers\AreaController.cs:line 58
   at Microsoft.AspNetCore.Mvc.Infrastructure.ActionMethodExecutor.TaskOfIActionResultExecutor.Execute(IActionResultTypeMapper mapper, ObjectMethodExecutor executor, Object controller, Object[] arguments)
   at Microsoft.AspNetCore.Mvc.Infrastructure.ControllerActionInvoker.<InvokeActionMethodAsync>g__Awaited|12_0(ControllerActionInvoker invoker, ValueTask`1 actionResultValueTask)
   at Microsoft.AspNetCore.Mvc.Infrastructure.ControllerActionInvoker.<InvokeNextActionFilterAsync>g__Awaited|10_0(ControllerActionInvoker invoker, Task lastTask, State next, Scope scope, Object state, Boolean isCompleted)
   at Microsoft.AspNetCore.Mvc.Infrastructure.ControllerActionInvoker.Rethrow(ActionExecutedContextSealed context)
   at Microsoft.AspNetCore.Mvc.Infrastructure.ControllerActionInvoker.Next(State& next, Scope& scope, Object& state, Boolean& isCompleted)
   at Microsoft.AspNetCore.Mvc.Infrastructure.ControllerActionInvoker.<InvokeInnerFilterAsync>g__Awaited|13_0(ControllerActionInvoker invoker, Task lastTask, State next, Scope scope, Object state, Boolean isCompleted)
   at Microsoft.AspNetCore.Mvc.Infrastructure.ResourceInvoker.<InvokeNextExceptionFilterAsync>g__Awaited|25_0(ResourceInvoker invoker, Task lastTask, State next, Scope scope, Object state, Boolean isCompleted)
 |url: http://localhost/SystemManage/Area/GetAreaList|action: GetAreaList
2020-08-26 18:55:04.8793||DEBUG||程序启动 |ContentRootPath:E:\资料\私人项目\2020_08\code\YiShaAdmin-master\YiSha.Web\YiSha.Admin.Web |WebRootPath:E:\资料\私人项目\2020_08\code\YiShaAdmin-master\YiSha.Web\YiSha.Admin.Web\wwwroot |IsDevelopment:True |url: |action: 
2020-08-26 18:56:49.8411||DEBUG||程序启动 |ContentRootPath:E:\资料\私人项目\2020_08\code\YiShaAdmin-master\YiSha.Web\YiSha.Admin.Web |WebRootPath:E:\资料\私人项目\2020_08\code\YiShaAdmin-master\YiSha.Web\YiSha.Admin.Web\wwwroot |IsDevelopment:True |url: |action: 
