2020-08-13 11:23:23.0855||DEBUG||程序启动 |ContentRootPath:E:\资料\私人项目\2020_08\YiShaAdmin-master\YiSha.Web\YiSha.Admin.Web |WebRootPath:E:\资料\私人项目\2020_08\YiShaAdmin-master\YiSha.Web\YiSha.Admin.Web\wwwroot |IsDevelopment:True |url: |action: 
2020-08-13 11:23:26.3722|35|WARN|Microsoft.AspNetCore.DataProtection.KeyManagement.XmlKeyManager|No XML encryptor configured. Key {ed20a201-44b3-4097-8c9e-83ea67651a95} may be persisted to storage in unencrypted form. |url: |action: 
2020-08-13 11:24:16.8903||DEBUG||程序启动 |ContentRootPath:E:\资料\私人项目\2020_08\YiShaAdmin-master\YiSha.Web\YiSha.Admin.Web |WebRootPath:E:\资料\私人项目\2020_08\YiShaAdmin-master\YiSha.Web\YiSha.Admin.Web\wwwroot |IsDevelopment:True |url: |action: 
2020-08-13 11:24:34.8799||DEBUG||程序启动 |ContentRootPath:E:\资料\私人项目\2020_08\YiShaAdmin-master\YiSha.Web\YiSha.Admin.Web |WebRootPath:E:\资料\私人项目\2020_08\YiShaAdmin-master\YiSha.Web\YiSha.Admin.Web\wwwroot |IsDevelopment:True |url: |action: 
2020-08-13 15:25:20.4790||ERROR||'GBK' is not a supported encoding name. For information on defining a custom encoding, see the documentation for the Encoding.RegisterProvider method. (Parameter 'name')
   at System.Text.EncodingTable.InternalGetCodePageFromName(String name)
   at System.Text.EncodingTable.GetCodePageFromName(String name)
   at System.Text.Encoding.GetEncoding(String name)
   at YiSha.Util.HttpHelper.GetHttpRequestData(HttpItem objhttpitem) in E:\资料\私人项目\2020_08\YiShaAdmin-master\YiSha.Util\YiSha.Util\HttpHelper.cs:line 223
   at YiSha.Util.HttpHelper.GetHtml(HttpItem httpItem) in E:\资料\私人项目\2020_08\YiShaAdmin-master\YiSha.Util\YiSha.Util\HttpHelper.cs:line 463
   at YiSha.Util.IpLocationHelper.GetIpLocationFromPCOnline(String ipAddress) in E:\资料\私人项目\2020_08\YiShaAdmin-master\YiSha.Util\YiSha.Util\IpLocationHelper.cs:line 54
   at YiSha.Util.IpLocationHelper.GetIpLocation(String ipAddress) in E:\资料\私人项目\2020_08\YiShaAdmin-master\YiSha.Util\YiSha.Util\IpLocationHelper.cs:line 22
 |url: http://localhost/ToolManage/Server/GetServerIpJson|action: GetServerIpJson
2020-08-13 15:25:22.8130||ERROR||系统找不到指定的文件。
   at System.Diagnostics.Process.StartWithCreateProcess(ProcessStartInfo startInfo)
   at System.Diagnostics.Process.Start()
   at System.Diagnostics.Process.Start(ProcessStartInfo startInfo)
   at YiSha.Util.ShellHelper.Cmd(String fileName, String args) in E:\资料\私人项目\2020_08\YiShaAdmin-master\YiSha.Util\YiSha.Util\ShellHelper.cs:line 40
   at YiSha.Util.MemoryMetricsClient.GetWindowsMetrics() in E:\资料\私人项目\2020_08\YiShaAdmin-master\YiSha.Util\YiSha.Util\ComputerHelper.cs:line 104
   at YiSha.Util.MemoryMetricsClient.GetMetrics() in E:\资料\私人项目\2020_08\YiShaAdmin-master\YiSha.Util\YiSha.Util\ComputerHelper.cs:line 99
   at YiSha.Util.ComputerHelper.GetComputerInfo() in E:\资料\私人项目\2020_08\YiShaAdmin-master\YiSha.Util\YiSha.Util\ComputerHelper.cs:line 20
 |url: http://localhost/ToolManage/Server/GetServerJson|action: GetServerJson
2020-08-13 15:25:25.7939||ERROR||系统找不到指定的文件。
   at System.Diagnostics.Process.StartWithCreateProcess(ProcessStartInfo startInfo)
   at System.Diagnostics.Process.Start()
   at System.Diagnostics.Process.Start(ProcessStartInfo startInfo)
   at YiSha.Util.ShellHelper.Cmd(String fileName, String args) in E:\资料\私人项目\2020_08\YiShaAdmin-master\YiSha.Util\YiSha.Util\ShellHelper.cs:line 40
   at YiSha.Util.MemoryMetricsClient.GetWindowsMetrics() in E:\资料\私人项目\2020_08\YiShaAdmin-master\YiSha.Util\YiSha.Util\ComputerHelper.cs:line 104
   at YiSha.Util.MemoryMetricsClient.GetMetrics() in E:\资料\私人项目\2020_08\YiShaAdmin-master\YiSha.Util\YiSha.Util\ComputerHelper.cs:line 99
   at YiSha.Util.ComputerHelper.GetComputerInfo() in E:\资料\私人项目\2020_08\YiShaAdmin-master\YiSha.Util\YiSha.Util\ComputerHelper.cs:line 20
 |url: http://localhost/ToolManage/Server/GetServerJson|action: GetServerJson
2020-08-13 15:25:28.7900||ERROR||系统找不到指定的文件。
   at System.Diagnostics.Process.StartWithCreateProcess(ProcessStartInfo startInfo)
   at System.Diagnostics.Process.Start()
   at System.Diagnostics.Process.Start(ProcessStartInfo startInfo)
   at YiSha.Util.ShellHelper.Cmd(String fileName, String args) in E:\资料\私人项目\2020_08\YiShaAdmin-master\YiSha.Util\YiSha.Util\ShellHelper.cs:line 40
   at YiSha.Util.MemoryMetricsClient.GetWindowsMetrics() in E:\资料\私人项目\2020_08\YiShaAdmin-master\YiSha.Util\YiSha.Util\ComputerHelper.cs:line 104
   at YiSha.Util.MemoryMetricsClient.GetMetrics() in E:\资料\私人项目\2020_08\YiShaAdmin-master\YiSha.Util\YiSha.Util\ComputerHelper.cs:line 99
   at YiSha.Util.ComputerHelper.GetComputerInfo() in E:\资料\私人项目\2020_08\YiShaAdmin-master\YiSha.Util\YiSha.Util\ComputerHelper.cs:line 20
 |url: http://localhost/ToolManage/Server/GetServerJson|action: GetServerJson
2020-08-13 15:25:31.7868||ERROR||系统找不到指定的文件。
   at System.Diagnostics.Process.StartWithCreateProcess(ProcessStartInfo startInfo)
   at System.Diagnostics.Process.Start()
   at System.Diagnostics.Process.Start(ProcessStartInfo startInfo)
   at YiSha.Util.ShellHelper.Cmd(String fileName, String args) in E:\资料\私人项目\2020_08\YiShaAdmin-master\YiSha.Util\YiSha.Util\ShellHelper.cs:line 40
   at YiSha.Util.MemoryMetricsClient.GetWindowsMetrics() in E:\资料\私人项目\2020_08\YiShaAdmin-master\YiSha.Util\YiSha.Util\ComputerHelper.cs:line 104
   at YiSha.Util.MemoryMetricsClient.GetMetrics() in E:\资料\私人项目\2020_08\YiShaAdmin-master\YiSha.Util\YiSha.Util\ComputerHelper.cs:line 99
   at YiSha.Util.ComputerHelper.GetComputerInfo() in E:\资料\私人项目\2020_08\YiShaAdmin-master\YiSha.Util\YiSha.Util\ComputerHelper.cs:line 20
 |url: http://localhost/ToolManage/Server/GetServerJson|action: GetServerJson
2020-08-13 15:25:34.7850||ERROR||系统找不到指定的文件。
   at System.Diagnostics.Process.StartWithCreateProcess(ProcessStartInfo startInfo)
   at System.Diagnostics.Process.Start()
   at System.Diagnostics.Process.Start(ProcessStartInfo startInfo)
   at YiSha.Util.ShellHelper.Cmd(String fileName, String args) in E:\资料\私人项目\2020_08\YiShaAdmin-master\YiSha.Util\YiSha.Util\ShellHelper.cs:line 40
   at YiSha.Util.MemoryMetricsClient.GetWindowsMetrics() in E:\资料\私人项目\2020_08\YiShaAdmin-master\YiSha.Util\YiSha.Util\ComputerHelper.cs:line 104
   at YiSha.Util.MemoryMetricsClient.GetMetrics() in E:\资料\私人项目\2020_08\YiShaAdmin-master\YiSha.Util\YiSha.Util\ComputerHelper.cs:line 99
   at YiSha.Util.ComputerHelper.GetComputerInfo() in E:\资料\私人项目\2020_08\YiShaAdmin-master\YiSha.Util\YiSha.Util\ComputerHelper.cs:line 20
 |url: http://localhost/ToolManage/Server/GetServerJson|action: GetServerJson
2020-08-13 15:25:37.7872||ERROR||系统找不到指定的文件。
   at System.Diagnostics.Process.StartWithCreateProcess(ProcessStartInfo startInfo)
   at System.Diagnostics.Process.Start()
   at System.Diagnostics.Process.Start(ProcessStartInfo startInfo)
   at YiSha.Util.ShellHelper.Cmd(String fileName, String args) in E:\资料\私人项目\2020_08\YiShaAdmin-master\YiSha.Util\YiSha.Util\ShellHelper.cs:line 40
   at YiSha.Util.MemoryMetricsClient.GetWindowsMetrics() in E:\资料\私人项目\2020_08\YiShaAdmin-master\YiSha.Util\YiSha.Util\ComputerHelper.cs:line 104
   at YiSha.Util.MemoryMetricsClient.GetMetrics() in E:\资料\私人项目\2020_08\YiShaAdmin-master\YiSha.Util\YiSha.Util\ComputerHelper.cs:line 99
   at YiSha.Util.ComputerHelper.GetComputerInfo() in E:\资料\私人项目\2020_08\YiShaAdmin-master\YiSha.Util\YiSha.Util\ComputerHelper.cs:line 20
 |url: http://localhost/ToolManage/Server/GetServerJson|action: GetServerJson
2020-08-13 15:25:40.7864||ERROR||系统找不到指定的文件。
   at System.Diagnostics.Process.StartWithCreateProcess(ProcessStartInfo startInfo)
   at System.Diagnostics.Process.Start()
   at System.Diagnostics.Process.Start(ProcessStartInfo startInfo)
   at YiSha.Util.ShellHelper.Cmd(String fileName, String args) in E:\资料\私人项目\2020_08\YiShaAdmin-master\YiSha.Util\YiSha.Util\ShellHelper.cs:line 40
   at YiSha.Util.MemoryMetricsClient.GetWindowsMetrics() in E:\资料\私人项目\2020_08\YiShaAdmin-master\YiSha.Util\YiSha.Util\ComputerHelper.cs:line 104
   at YiSha.Util.MemoryMetricsClient.GetMetrics() in E:\资料\私人项目\2020_08\YiShaAdmin-master\YiSha.Util\YiSha.Util\ComputerHelper.cs:line 99
   at YiSha.Util.ComputerHelper.GetComputerInfo() in E:\资料\私人项目\2020_08\YiShaAdmin-master\YiSha.Util\YiSha.Util\ComputerHelper.cs:line 20
 |url: http://localhost/ToolManage/Server/GetServerJson|action: GetServerJson
2020-08-13 15:25:43.7852||ERROR||系统找不到指定的文件。
   at System.Diagnostics.Process.StartWithCreateProcess(ProcessStartInfo startInfo)
   at System.Diagnostics.Process.Start()
   at System.Diagnostics.Process.Start(ProcessStartInfo startInfo)
   at YiSha.Util.ShellHelper.Cmd(String fileName, String args) in E:\资料\私人项目\2020_08\YiShaAdmin-master\YiSha.Util\YiSha.Util\ShellHelper.cs:line 40
   at YiSha.Util.MemoryMetricsClient.GetWindowsMetrics() in E:\资料\私人项目\2020_08\YiShaAdmin-master\YiSha.Util\YiSha.Util\ComputerHelper.cs:line 104
   at YiSha.Util.MemoryMetricsClient.GetMetrics() in E:\资料\私人项目\2020_08\YiShaAdmin-master\YiSha.Util\YiSha.Util\ComputerHelper.cs:line 99
   at YiSha.Util.ComputerHelper.GetComputerInfo() in E:\资料\私人项目\2020_08\YiShaAdmin-master\YiSha.Util\YiSha.Util\ComputerHelper.cs:line 20
 |url: http://localhost/ToolManage/Server/GetServerJson|action: GetServerJson
2020-08-13 15:25:46.7908||ERROR||系统找不到指定的文件。
   at System.Diagnostics.Process.StartWithCreateProcess(ProcessStartInfo startInfo)
   at System.Diagnostics.Process.Start()
   at System.Diagnostics.Process.Start(ProcessStartInfo startInfo)
   at YiSha.Util.ShellHelper.Cmd(String fileName, String args) in E:\资料\私人项目\2020_08\YiShaAdmin-master\YiSha.Util\YiSha.Util\ShellHelper.cs:line 40
   at YiSha.Util.MemoryMetricsClient.GetWindowsMetrics() in E:\资料\私人项目\2020_08\YiShaAdmin-master\YiSha.Util\YiSha.Util\ComputerHelper.cs:line 104
   at YiSha.Util.MemoryMetricsClient.GetMetrics() in E:\资料\私人项目\2020_08\YiShaAdmin-master\YiSha.Util\YiSha.Util\ComputerHelper.cs:line 99
   at YiSha.Util.ComputerHelper.GetComputerInfo() in E:\资料\私人项目\2020_08\YiShaAdmin-master\YiSha.Util\YiSha.Util\ComputerHelper.cs:line 20
 |url: http://localhost/ToolManage/Server/GetServerJson|action: GetServerJson
2020-08-13 15:25:49.7943||ERROR||系统找不到指定的文件。
   at System.Diagnostics.Process.StartWithCreateProcess(ProcessStartInfo startInfo)
   at System.Diagnostics.Process.Start()
   at System.Diagnostics.Process.Start(ProcessStartInfo startInfo)
   at YiSha.Util.ShellHelper.Cmd(String fileName, String args) in E:\资料\私人项目\2020_08\YiShaAdmin-master\YiSha.Util\YiSha.Util\ShellHelper.cs:line 40
   at YiSha.Util.MemoryMetricsClient.GetWindowsMetrics() in E:\资料\私人项目\2020_08\YiShaAdmin-master\YiSha.Util\YiSha.Util\ComputerHelper.cs:line 104
   at YiSha.Util.MemoryMetricsClient.GetMetrics() in E:\资料\私人项目\2020_08\YiShaAdmin-master\YiSha.Util\YiSha.Util\ComputerHelper.cs:line 99
   at YiSha.Util.ComputerHelper.GetComputerInfo() in E:\资料\私人项目\2020_08\YiShaAdmin-master\YiSha.Util\YiSha.Util\ComputerHelper.cs:line 20
 |url: http://localhost/ToolManage/Server/GetServerJson|action: GetServerJson
2020-08-13 15:25:52.7857||ERROR||系统找不到指定的文件。
   at System.Diagnostics.Process.StartWithCreateProcess(ProcessStartInfo startInfo)
   at System.Diagnostics.Process.Start()
   at System.Diagnostics.Process.Start(ProcessStartInfo startInfo)
   at YiSha.Util.ShellHelper.Cmd(String fileName, String args) in E:\资料\私人项目\2020_08\YiShaAdmin-master\YiSha.Util\YiSha.Util\ShellHelper.cs:line 40
   at YiSha.Util.MemoryMetricsClient.GetWindowsMetrics() in E:\资料\私人项目\2020_08\YiShaAdmin-master\YiSha.Util\YiSha.Util\ComputerHelper.cs:line 104
   at YiSha.Util.MemoryMetricsClient.GetMetrics() in E:\资料\私人项目\2020_08\YiShaAdmin-master\YiSha.Util\YiSha.Util\ComputerHelper.cs:line 99
   at YiSha.Util.ComputerHelper.GetComputerInfo() in E:\资料\私人项目\2020_08\YiShaAdmin-master\YiSha.Util\YiSha.Util\ComputerHelper.cs:line 20
 |url: http://localhost/ToolManage/Server/GetServerJson|action: GetServerJson
2020-08-13 15:25:55.7979||ERROR||系统找不到指定的文件。
   at System.Diagnostics.Process.StartWithCreateProcess(ProcessStartInfo startInfo)
   at System.Diagnostics.Process.Start()
   at System.Diagnostics.Process.Start(ProcessStartInfo startInfo)
   at YiSha.Util.ShellHelper.Cmd(String fileName, String args) in E:\资料\私人项目\2020_08\YiShaAdmin-master\YiSha.Util\YiSha.Util\ShellHelper.cs:line 40
   at YiSha.Util.MemoryMetricsClient.GetWindowsMetrics() in E:\资料\私人项目\2020_08\YiShaAdmin-master\YiSha.Util\YiSha.Util\ComputerHelper.cs:line 104
   at YiSha.Util.MemoryMetricsClient.GetMetrics() in E:\资料\私人项目\2020_08\YiShaAdmin-master\YiSha.Util\YiSha.Util\ComputerHelper.cs:line 99
   at YiSha.Util.ComputerHelper.GetComputerInfo() in E:\资料\私人项目\2020_08\YiShaAdmin-master\YiSha.Util\YiSha.Util\ComputerHelper.cs:line 20
 |url: http://localhost/ToolManage/Server/GetServerJson|action: GetServerJson
2020-08-13 15:25:58.7895||ERROR||系统找不到指定的文件。
   at System.Diagnostics.Process.StartWithCreateProcess(ProcessStartInfo startInfo)
   at System.Diagnostics.Process.Start()
   at System.Diagnostics.Process.Start(ProcessStartInfo startInfo)
   at YiSha.Util.ShellHelper.Cmd(String fileName, String args) in E:\资料\私人项目\2020_08\YiShaAdmin-master\YiSha.Util\YiSha.Util\ShellHelper.cs:line 40
   at YiSha.Util.MemoryMetricsClient.GetWindowsMetrics() in E:\资料\私人项目\2020_08\YiShaAdmin-master\YiSha.Util\YiSha.Util\ComputerHelper.cs:line 104
   at YiSha.Util.MemoryMetricsClient.GetMetrics() in E:\资料\私人项目\2020_08\YiShaAdmin-master\YiSha.Util\YiSha.Util\ComputerHelper.cs:line 99
   at YiSha.Util.ComputerHelper.GetComputerInfo() in E:\资料\私人项目\2020_08\YiShaAdmin-master\YiSha.Util\YiSha.Util\ComputerHelper.cs:line 20
 |url: http://localhost/ToolManage/Server/GetServerJson|action: GetServerJson
2020-08-13 15:26:01.7981||ERROR||系统找不到指定的文件。
   at System.Diagnostics.Process.StartWithCreateProcess(ProcessStartInfo startInfo)
   at System.Diagnostics.Process.Start()
   at System.Diagnostics.Process.Start(ProcessStartInfo startInfo)
   at YiSha.Util.ShellHelper.Cmd(String fileName, String args) in E:\资料\私人项目\2020_08\YiShaAdmin-master\YiSha.Util\YiSha.Util\ShellHelper.cs:line 40
   at YiSha.Util.MemoryMetricsClient.GetWindowsMetrics() in E:\资料\私人项目\2020_08\YiShaAdmin-master\YiSha.Util\YiSha.Util\ComputerHelper.cs:line 104
   at YiSha.Util.MemoryMetricsClient.GetMetrics() in E:\资料\私人项目\2020_08\YiShaAdmin-master\YiSha.Util\YiSha.Util\ComputerHelper.cs:line 99
   at YiSha.Util.ComputerHelper.GetComputerInfo() in E:\资料\私人项目\2020_08\YiShaAdmin-master\YiSha.Util\YiSha.Util\ComputerHelper.cs:line 20
 |url: http://localhost/ToolManage/Server/GetServerJson|action: GetServerJson
2020-08-13 15:26:04.7872||ERROR||系统找不到指定的文件。
   at System.Diagnostics.Process.StartWithCreateProcess(ProcessStartInfo startInfo)
   at System.Diagnostics.Process.Start()
   at System.Diagnostics.Process.Start(ProcessStartInfo startInfo)
   at YiSha.Util.ShellHelper.Cmd(String fileName, String args) in E:\资料\私人项目\2020_08\YiShaAdmin-master\YiSha.Util\YiSha.Util\ShellHelper.cs:line 40
   at YiSha.Util.MemoryMetricsClient.GetWindowsMetrics() in E:\资料\私人项目\2020_08\YiShaAdmin-master\YiSha.Util\YiSha.Util\ComputerHelper.cs:line 104
   at YiSha.Util.MemoryMetricsClient.GetMetrics() in E:\资料\私人项目\2020_08\YiShaAdmin-master\YiSha.Util\YiSha.Util\ComputerHelper.cs:line 99
   at YiSha.Util.ComputerHelper.GetComputerInfo() in E:\资料\私人项目\2020_08\YiShaAdmin-master\YiSha.Util\YiSha.Util\ComputerHelper.cs:line 20
 |url: http://localhost/ToolManage/Server/GetServerJson|action: GetServerJson
2020-08-13 15:26:07.7934||ERROR||系统找不到指定的文件。
   at System.Diagnostics.Process.StartWithCreateProcess(ProcessStartInfo startInfo)
   at System.Diagnostics.Process.Start()
   at System.Diagnostics.Process.Start(ProcessStartInfo startInfo)
   at YiSha.Util.ShellHelper.Cmd(String fileName, String args) in E:\资料\私人项目\2020_08\YiShaAdmin-master\YiSha.Util\YiSha.Util\ShellHelper.cs:line 40
   at YiSha.Util.MemoryMetricsClient.GetWindowsMetrics() in E:\资料\私人项目\2020_08\YiShaAdmin-master\YiSha.Util\YiSha.Util\ComputerHelper.cs:line 104
   at YiSha.Util.MemoryMetricsClient.GetMetrics() in E:\资料\私人项目\2020_08\YiShaAdmin-master\YiSha.Util\YiSha.Util\ComputerHelper.cs:line 99
   at YiSha.Util.ComputerHelper.GetComputerInfo() in E:\资料\私人项目\2020_08\YiShaAdmin-master\YiSha.Util\YiSha.Util\ComputerHelper.cs:line 20
 |url: http://localhost/ToolManage/Server/GetServerJson|action: GetServerJson
2020-08-13 15:26:10.7899||ERROR||系统找不到指定的文件。
   at System.Diagnostics.Process.StartWithCreateProcess(ProcessStartInfo startInfo)
   at System.Diagnostics.Process.Start()
   at System.Diagnostics.Process.Start(ProcessStartInfo startInfo)
   at YiSha.Util.ShellHelper.Cmd(String fileName, String args) in E:\资料\私人项目\2020_08\YiShaAdmin-master\YiSha.Util\YiSha.Util\ShellHelper.cs:line 40
   at YiSha.Util.MemoryMetricsClient.GetWindowsMetrics() in E:\资料\私人项目\2020_08\YiShaAdmin-master\YiSha.Util\YiSha.Util\ComputerHelper.cs:line 104
   at YiSha.Util.MemoryMetricsClient.GetMetrics() in E:\资料\私人项目\2020_08\YiShaAdmin-master\YiSha.Util\YiSha.Util\ComputerHelper.cs:line 99
   at YiSha.Util.ComputerHelper.GetComputerInfo() in E:\资料\私人项目\2020_08\YiShaAdmin-master\YiSha.Util\YiSha.Util\ComputerHelper.cs:line 20
 |url: http://localhost/ToolManage/Server/GetServerJson|action: GetServerJson
2020-08-13 15:26:13.7919||ERROR||系统找不到指定的文件。
   at System.Diagnostics.Process.StartWithCreateProcess(ProcessStartInfo startInfo)
   at System.Diagnostics.Process.Start()
   at System.Diagnostics.Process.Start(ProcessStartInfo startInfo)
   at YiSha.Util.ShellHelper.Cmd(String fileName, String args) in E:\资料\私人项目\2020_08\YiShaAdmin-master\YiSha.Util\YiSha.Util\ShellHelper.cs:line 40
   at YiSha.Util.MemoryMetricsClient.GetWindowsMetrics() in E:\资料\私人项目\2020_08\YiShaAdmin-master\YiSha.Util\YiSha.Util\ComputerHelper.cs:line 104
   at YiSha.Util.MemoryMetricsClient.GetMetrics() in E:\资料\私人项目\2020_08\YiShaAdmin-master\YiSha.Util\YiSha.Util\ComputerHelper.cs:line 99
   at YiSha.Util.ComputerHelper.GetComputerInfo() in E:\资料\私人项目\2020_08\YiShaAdmin-master\YiSha.Util\YiSha.Util\ComputerHelper.cs:line 20
 |url: http://localhost/ToolManage/Server/GetServerJson|action: GetServerJson
2020-08-13 15:26:16.7911||ERROR||系统找不到指定的文件。
   at System.Diagnostics.Process.StartWithCreateProcess(ProcessStartInfo startInfo)
   at System.Diagnostics.Process.Start()
   at System.Diagnostics.Process.Start(ProcessStartInfo startInfo)
   at YiSha.Util.ShellHelper.Cmd(String fileName, String args) in E:\资料\私人项目\2020_08\YiShaAdmin-master\YiSha.Util\YiSha.Util\ShellHelper.cs:line 40
   at YiSha.Util.MemoryMetricsClient.GetWindowsMetrics() in E:\资料\私人项目\2020_08\YiShaAdmin-master\YiSha.Util\YiSha.Util\ComputerHelper.cs:line 104
   at YiSha.Util.MemoryMetricsClient.GetMetrics() in E:\资料\私人项目\2020_08\YiShaAdmin-master\YiSha.Util\YiSha.Util\ComputerHelper.cs:line 99
   at YiSha.Util.ComputerHelper.GetComputerInfo() in E:\资料\私人项目\2020_08\YiShaAdmin-master\YiSha.Util\YiSha.Util\ComputerHelper.cs:line 20
 |url: http://localhost/ToolManage/Server/GetServerJson|action: GetServerJson
2020-08-13 15:26:19.7861||ERROR||系统找不到指定的文件。
   at System.Diagnostics.Process.StartWithCreateProcess(ProcessStartInfo startInfo)
   at System.Diagnostics.Process.Start()
   at System.Diagnostics.Process.Start(ProcessStartInfo startInfo)
   at YiSha.Util.ShellHelper.Cmd(String fileName, String args) in E:\资料\私人项目\2020_08\YiShaAdmin-master\YiSha.Util\YiSha.Util\ShellHelper.cs:line 40
   at YiSha.Util.MemoryMetricsClient.GetWindowsMetrics() in E:\资料\私人项目\2020_08\YiShaAdmin-master\YiSha.Util\YiSha.Util\ComputerHelper.cs:line 104
   at YiSha.Util.MemoryMetricsClient.GetMetrics() in E:\资料\私人项目\2020_08\YiShaAdmin-master\YiSha.Util\YiSha.Util\ComputerHelper.cs:line 99
   at YiSha.Util.ComputerHelper.GetComputerInfo() in E:\资料\私人项目\2020_08\YiShaAdmin-master\YiSha.Util\YiSha.Util\ComputerHelper.cs:line 20
 |url: http://localhost/ToolManage/Server/GetServerJson|action: GetServerJson
2020-08-13 15:26:22.7990||ERROR||系统找不到指定的文件。
   at System.Diagnostics.Process.StartWithCreateProcess(ProcessStartInfo startInfo)
   at System.Diagnostics.Process.Start()
   at System.Diagnostics.Process.Start(ProcessStartInfo startInfo)
   at YiSha.Util.ShellHelper.Cmd(String fileName, String args) in E:\资料\私人项目\2020_08\YiShaAdmin-master\YiSha.Util\YiSha.Util\ShellHelper.cs:line 40
   at YiSha.Util.MemoryMetricsClient.GetWindowsMetrics() in E:\资料\私人项目\2020_08\YiShaAdmin-master\YiSha.Util\YiSha.Util\ComputerHelper.cs:line 104
   at YiSha.Util.MemoryMetricsClient.GetMetrics() in E:\资料\私人项目\2020_08\YiShaAdmin-master\YiSha.Util\YiSha.Util\ComputerHelper.cs:line 99
   at YiSha.Util.ComputerHelper.GetComputerInfo() in E:\资料\私人项目\2020_08\YiShaAdmin-master\YiSha.Util\YiSha.Util\ComputerHelper.cs:line 20
 |url: http://localhost/ToolManage/Server/GetServerJson|action: GetServerJson
2020-08-13 15:26:25.7964||ERROR||系统找不到指定的文件。
   at System.Diagnostics.Process.StartWithCreateProcess(ProcessStartInfo startInfo)
   at System.Diagnostics.Process.Start()
   at System.Diagnostics.Process.Start(ProcessStartInfo startInfo)
   at YiSha.Util.ShellHelper.Cmd(String fileName, String args) in E:\资料\私人项目\2020_08\YiShaAdmin-master\YiSha.Util\YiSha.Util\ShellHelper.cs:line 40
   at YiSha.Util.MemoryMetricsClient.GetWindowsMetrics() in E:\资料\私人项目\2020_08\YiShaAdmin-master\YiSha.Util\YiSha.Util\ComputerHelper.cs:line 104
   at YiSha.Util.MemoryMetricsClient.GetMetrics() in E:\资料\私人项目\2020_08\YiShaAdmin-master\YiSha.Util\YiSha.Util\ComputerHelper.cs:line 99
   at YiSha.Util.ComputerHelper.GetComputerInfo() in E:\资料\私人项目\2020_08\YiShaAdmin-master\YiSha.Util\YiSha.Util\ComputerHelper.cs:line 20
 |url: http://localhost/ToolManage/Server/GetServerJson|action: GetServerJson
2020-08-13 15:26:28.7945||ERROR||系统找不到指定的文件。
   at System.Diagnostics.Process.StartWithCreateProcess(ProcessStartInfo startInfo)
   at System.Diagnostics.Process.Start()
   at System.Diagnostics.Process.Start(ProcessStartInfo startInfo)
   at YiSha.Util.ShellHelper.Cmd(String fileName, String args) in E:\资料\私人项目\2020_08\YiShaAdmin-master\YiSha.Util\YiSha.Util\ShellHelper.cs:line 40
   at YiSha.Util.MemoryMetricsClient.GetWindowsMetrics() in E:\资料\私人项目\2020_08\YiShaAdmin-master\YiSha.Util\YiSha.Util\ComputerHelper.cs:line 104
   at YiSha.Util.MemoryMetricsClient.GetMetrics() in E:\资料\私人项目\2020_08\YiShaAdmin-master\YiSha.Util\YiSha.Util\ComputerHelper.cs:line 99
   at YiSha.Util.ComputerHelper.GetComputerInfo() in E:\资料\私人项目\2020_08\YiShaAdmin-master\YiSha.Util\YiSha.Util\ComputerHelper.cs:line 20
 |url: http://localhost/ToolManage/Server/GetServerJson|action: GetServerJson
2020-08-13 15:26:31.7907||ERROR||系统找不到指定的文件。
   at System.Diagnostics.Process.StartWithCreateProcess(ProcessStartInfo startInfo)
   at System.Diagnostics.Process.Start()
   at System.Diagnostics.Process.Start(ProcessStartInfo startInfo)
   at YiSha.Util.ShellHelper.Cmd(String fileName, String args) in E:\资料\私人项目\2020_08\YiShaAdmin-master\YiSha.Util\YiSha.Util\ShellHelper.cs:line 40
   at YiSha.Util.MemoryMetricsClient.GetWindowsMetrics() in E:\资料\私人项目\2020_08\YiShaAdmin-master\YiSha.Util\YiSha.Util\ComputerHelper.cs:line 104
   at YiSha.Util.MemoryMetricsClient.GetMetrics() in E:\资料\私人项目\2020_08\YiShaAdmin-master\YiSha.Util\YiSha.Util\ComputerHelper.cs:line 99
   at YiSha.Util.ComputerHelper.GetComputerInfo() in E:\资料\私人项目\2020_08\YiShaAdmin-master\YiSha.Util\YiSha.Util\ComputerHelper.cs:line 20
 |url: http://localhost/ToolManage/Server/GetServerJson|action: GetServerJson
2020-08-13 15:26:34.7913||ERROR||系统找不到指定的文件。
   at System.Diagnostics.Process.StartWithCreateProcess(ProcessStartInfo startInfo)
   at System.Diagnostics.Process.Start()
   at System.Diagnostics.Process.Start(ProcessStartInfo startInfo)
   at YiSha.Util.ShellHelper.Cmd(String fileName, String args) in E:\资料\私人项目\2020_08\YiShaAdmin-master\YiSha.Util\YiSha.Util\ShellHelper.cs:line 40
   at YiSha.Util.MemoryMetricsClient.GetWindowsMetrics() in E:\资料\私人项目\2020_08\YiShaAdmin-master\YiSha.Util\YiSha.Util\ComputerHelper.cs:line 104
   at YiSha.Util.MemoryMetricsClient.GetMetrics() in E:\资料\私人项目\2020_08\YiShaAdmin-master\YiSha.Util\YiSha.Util\ComputerHelper.cs:line 99
   at YiSha.Util.ComputerHelper.GetComputerInfo() in E:\资料\私人项目\2020_08\YiShaAdmin-master\YiSha.Util\YiSha.Util\ComputerHelper.cs:line 20
 |url: http://localhost/ToolManage/Server/GetServerJson|action: GetServerJson
2020-08-13 15:26:37.7857||ERROR||系统找不到指定的文件。
   at System.Diagnostics.Process.StartWithCreateProcess(ProcessStartInfo startInfo)
   at System.Diagnostics.Process.Start()
   at System.Diagnostics.Process.Start(ProcessStartInfo startInfo)
   at YiSha.Util.ShellHelper.Cmd(String fileName, String args) in E:\资料\私人项目\2020_08\YiShaAdmin-master\YiSha.Util\YiSha.Util\ShellHelper.cs:line 40
   at YiSha.Util.MemoryMetricsClient.GetWindowsMetrics() in E:\资料\私人项目\2020_08\YiShaAdmin-master\YiSha.Util\YiSha.Util\ComputerHelper.cs:line 104
   at YiSha.Util.MemoryMetricsClient.GetMetrics() in E:\资料\私人项目\2020_08\YiShaAdmin-master\YiSha.Util\YiSha.Util\ComputerHelper.cs:line 99
   at YiSha.Util.ComputerHelper.GetComputerInfo() in E:\资料\私人项目\2020_08\YiShaAdmin-master\YiSha.Util\YiSha.Util\ComputerHelper.cs:line 20
 |url: http://localhost/ToolManage/Server/GetServerJson|action: GetServerJson
2020-08-13 15:26:40.7881||ERROR||系统找不到指定的文件。
   at System.Diagnostics.Process.StartWithCreateProcess(ProcessStartInfo startInfo)
   at System.Diagnostics.Process.Start()
   at System.Diagnostics.Process.Start(ProcessStartInfo startInfo)
   at YiSha.Util.ShellHelper.Cmd(String fileName, String args) in E:\资料\私人项目\2020_08\YiShaAdmin-master\YiSha.Util\YiSha.Util\ShellHelper.cs:line 40
   at YiSha.Util.MemoryMetricsClient.GetWindowsMetrics() in E:\资料\私人项目\2020_08\YiShaAdmin-master\YiSha.Util\YiSha.Util\ComputerHelper.cs:line 104
   at YiSha.Util.MemoryMetricsClient.GetMetrics() in E:\资料\私人项目\2020_08\YiShaAdmin-master\YiSha.Util\YiSha.Util\ComputerHelper.cs:line 99
   at YiSha.Util.ComputerHelper.GetComputerInfo() in E:\资料\私人项目\2020_08\YiShaAdmin-master\YiSha.Util\YiSha.Util\ComputerHelper.cs:line 20
 |url: http://localhost/ToolManage/Server/GetServerJson|action: GetServerJson
2020-08-13 15:26:43.7926||ERROR||系统找不到指定的文件。
   at System.Diagnostics.Process.StartWithCreateProcess(ProcessStartInfo startInfo)
   at System.Diagnostics.Process.Start()
   at System.Diagnostics.Process.Start(ProcessStartInfo startInfo)
   at YiSha.Util.ShellHelper.Cmd(String fileName, String args) in E:\资料\私人项目\2020_08\YiShaAdmin-master\YiSha.Util\YiSha.Util\ShellHelper.cs:line 40
   at YiSha.Util.MemoryMetricsClient.GetWindowsMetrics() in E:\资料\私人项目\2020_08\YiShaAdmin-master\YiSha.Util\YiSha.Util\ComputerHelper.cs:line 104
   at YiSha.Util.MemoryMetricsClient.GetMetrics() in E:\资料\私人项目\2020_08\YiShaAdmin-master\YiSha.Util\YiSha.Util\ComputerHelper.cs:line 99
   at YiSha.Util.ComputerHelper.GetComputerInfo() in E:\资料\私人项目\2020_08\YiShaAdmin-master\YiSha.Util\YiSha.Util\ComputerHelper.cs:line 20
 |url: http://localhost/ToolManage/Server/GetServerJson|action: GetServerJson
2020-08-13 15:26:46.8026||ERROR||系统找不到指定的文件。
   at System.Diagnostics.Process.StartWithCreateProcess(ProcessStartInfo startInfo)
   at System.Diagnostics.Process.Start()
   at System.Diagnostics.Process.Start(ProcessStartInfo startInfo)
   at YiSha.Util.ShellHelper.Cmd(String fileName, String args) in E:\资料\私人项目\2020_08\YiShaAdmin-master\YiSha.Util\YiSha.Util\ShellHelper.cs:line 40
   at YiSha.Util.MemoryMetricsClient.GetWindowsMetrics() in E:\资料\私人项目\2020_08\YiShaAdmin-master\YiSha.Util\YiSha.Util\ComputerHelper.cs:line 104
   at YiSha.Util.MemoryMetricsClient.GetMetrics() in E:\资料\私人项目\2020_08\YiShaAdmin-master\YiSha.Util\YiSha.Util\ComputerHelper.cs:line 99
   at YiSha.Util.ComputerHelper.GetComputerInfo() in E:\资料\私人项目\2020_08\YiShaAdmin-master\YiSha.Util\YiSha.Util\ComputerHelper.cs:line 20
 |url: http://localhost/ToolManage/Server/GetServerJson|action: GetServerJson
2020-08-13 15:26:49.7911||ERROR||系统找不到指定的文件。
   at System.Diagnostics.Process.StartWithCreateProcess(ProcessStartInfo startInfo)
   at System.Diagnostics.Process.Start()
   at System.Diagnostics.Process.Start(ProcessStartInfo startInfo)
   at YiSha.Util.ShellHelper.Cmd(String fileName, String args) in E:\资料\私人项目\2020_08\YiShaAdmin-master\YiSha.Util\YiSha.Util\ShellHelper.cs:line 40
   at YiSha.Util.MemoryMetricsClient.GetWindowsMetrics() in E:\资料\私人项目\2020_08\YiShaAdmin-master\YiSha.Util\YiSha.Util\ComputerHelper.cs:line 104
   at YiSha.Util.MemoryMetricsClient.GetMetrics() in E:\资料\私人项目\2020_08\YiShaAdmin-master\YiSha.Util\YiSha.Util\ComputerHelper.cs:line 99
   at YiSha.Util.ComputerHelper.GetComputerInfo() in E:\资料\私人项目\2020_08\YiShaAdmin-master\YiSha.Util\YiSha.Util\ComputerHelper.cs:line 20
 |url: http://localhost/ToolManage/Server/GetServerJson|action: GetServerJson
2020-08-13 15:26:52.7912||ERROR||系统找不到指定的文件。
   at System.Diagnostics.Process.StartWithCreateProcess(ProcessStartInfo startInfo)
   at System.Diagnostics.Process.Start(ProcessStartInfo startInfo)
   at YiSha.Util.ShellHelper.Cmd(String fileName, String args) in E:\资料\私人项目\2020_08\YiShaAdmin-master\YiSha.Util\YiSha.Util\ShellHelper.cs:line 40
   at YiSha.Util.MemoryMetricsClient.GetWindowsMetrics() in E:\资料\私人项目\2020_08\YiShaAdmin-master\YiSha.Util\YiSha.Util\ComputerHelper.cs:line 104
   at YiSha.Util.MemoryMetricsClient.GetMetrics() in E:\资料\私人项目\2020_08\YiShaAdmin-master\YiSha.Util\YiSha.Util\ComputerHelper.cs:line 99
   at YiSha.Util.ComputerHelper.GetComputerInfo() in E:\资料\私人项目\2020_08\YiShaAdmin-master\YiSha.Util\YiSha.Util\ComputerHelper.cs:line 20
 |url: http://localhost/ToolManage/Server/GetServerJson|action: GetServerJson
2020-08-13 15:26:55.7857||ERROR||系统找不到指定的文件。
   at System.Diagnostics.Process.StartWithCreateProcess(ProcessStartInfo startInfo)
   at System.Diagnostics.Process.Start(ProcessStartInfo startInfo)
   at YiSha.Util.ShellHelper.Cmd(String fileName, String args) in E:\资料\私人项目\2020_08\YiShaAdmin-master\YiSha.Util\YiSha.Util\ShellHelper.cs:line 40
   at YiSha.Util.MemoryMetricsClient.GetWindowsMetrics() in E:\资料\私人项目\2020_08\YiShaAdmin-master\YiSha.Util\YiSha.Util\ComputerHelper.cs:line 104
   at YiSha.Util.MemoryMetricsClient.GetMetrics() in E:\资料\私人项目\2020_08\YiShaAdmin-master\YiSha.Util\YiSha.Util\ComputerHelper.cs:line 99
   at YiSha.Util.ComputerHelper.GetComputerInfo() in E:\资料\私人项目\2020_08\YiShaAdmin-master\YiSha.Util\YiSha.Util\ComputerHelper.cs:line 20
 |url: http://localhost/ToolManage/Server/GetServerJson|action: GetServerJson
2020-08-13 15:26:58.7854||ERROR||系统找不到指定的文件。
   at System.Diagnostics.Process.StartWithCreateProcess(ProcessStartInfo startInfo)
   at System.Diagnostics.Process.Start(ProcessStartInfo startInfo)
   at YiSha.Util.ShellHelper.Cmd(String fileName, String args) in E:\资料\私人项目\2020_08\YiShaAdmin-master\YiSha.Util\YiSha.Util\ShellHelper.cs:line 40
   at YiSha.Util.MemoryMetricsClient.GetWindowsMetrics() in E:\资料\私人项目\2020_08\YiShaAdmin-master\YiSha.Util\YiSha.Util\ComputerHelper.cs:line 104
   at YiSha.Util.MemoryMetricsClient.GetMetrics() in E:\资料\私人项目\2020_08\YiShaAdmin-master\YiSha.Util\YiSha.Util\ComputerHelper.cs:line 99
   at YiSha.Util.ComputerHelper.GetComputerInfo() in E:\资料\私人项目\2020_08\YiShaAdmin-master\YiSha.Util\YiSha.Util\ComputerHelper.cs:line 20
 |url: http://localhost/ToolManage/Server/GetServerJson|action: GetServerJson
2020-08-13 15:27:01.7916||ERROR||系统找不到指定的文件。
   at System.Diagnostics.Process.StartWithCreateProcess(ProcessStartInfo startInfo)
   at System.Diagnostics.Process.Start(ProcessStartInfo startInfo)
   at YiSha.Util.ShellHelper.Cmd(String fileName, String args) in E:\资料\私人项目\2020_08\YiShaAdmin-master\YiSha.Util\YiSha.Util\ShellHelper.cs:line 40
   at YiSha.Util.MemoryMetricsClient.GetWindowsMetrics() in E:\资料\私人项目\2020_08\YiShaAdmin-master\YiSha.Util\YiSha.Util\ComputerHelper.cs:line 104
   at YiSha.Util.MemoryMetricsClient.GetMetrics() in E:\资料\私人项目\2020_08\YiShaAdmin-master\YiSha.Util\YiSha.Util\ComputerHelper.cs:line 99
   at YiSha.Util.ComputerHelper.GetComputerInfo() in E:\资料\私人项目\2020_08\YiShaAdmin-master\YiSha.Util\YiSha.Util\ComputerHelper.cs:line 20
 |url: http://localhost/ToolManage/Server/GetServerJson|action: GetServerJson
2020-08-13 15:27:04.7863||ERROR||系统找不到指定的文件。
   at System.Diagnostics.Process.StartWithCreateProcess(ProcessStartInfo startInfo)
   at System.Diagnostics.Process.Start(ProcessStartInfo startInfo)
   at YiSha.Util.ShellHelper.Cmd(String fileName, String args) in E:\资料\私人项目\2020_08\YiShaAdmin-master\YiSha.Util\YiSha.Util\ShellHelper.cs:line 40
   at YiSha.Util.MemoryMetricsClient.GetWindowsMetrics() in E:\资料\私人项目\2020_08\YiShaAdmin-master\YiSha.Util\YiSha.Util\ComputerHelper.cs:line 104
   at YiSha.Util.MemoryMetricsClient.GetMetrics() in E:\资料\私人项目\2020_08\YiShaAdmin-master\YiSha.Util\YiSha.Util\ComputerHelper.cs:line 99
   at YiSha.Util.ComputerHelper.GetComputerInfo() in E:\资料\私人项目\2020_08\YiShaAdmin-master\YiSha.Util\YiSha.Util\ComputerHelper.cs:line 20
 |url: http://localhost/ToolManage/Server/GetServerJson|action: GetServerJson
2020-08-13 15:27:07.7928||ERROR||系统找不到指定的文件。
   at System.Diagnostics.Process.StartWithCreateProcess(ProcessStartInfo startInfo)
   at System.Diagnostics.Process.Start(ProcessStartInfo startInfo)
   at YiSha.Util.ShellHelper.Cmd(String fileName, String args) in E:\资料\私人项目\2020_08\YiShaAdmin-master\YiSha.Util\YiSha.Util\ShellHelper.cs:line 40
   at YiSha.Util.MemoryMetricsClient.GetWindowsMetrics() in E:\资料\私人项目\2020_08\YiShaAdmin-master\YiSha.Util\YiSha.Util\ComputerHelper.cs:line 104
   at YiSha.Util.MemoryMetricsClient.GetMetrics() in E:\资料\私人项目\2020_08\YiShaAdmin-master\YiSha.Util\YiSha.Util\ComputerHelper.cs:line 99
   at YiSha.Util.ComputerHelper.GetComputerInfo() in E:\资料\私人项目\2020_08\YiShaAdmin-master\YiSha.Util\YiSha.Util\ComputerHelper.cs:line 20
 |url: http://localhost/ToolManage/Server/GetServerJson|action: GetServerJson
2020-08-13 15:27:10.7887||ERROR||系统找不到指定的文件。
   at System.Diagnostics.Process.StartWithCreateProcess(ProcessStartInfo startInfo)
   at System.Diagnostics.Process.Start(ProcessStartInfo startInfo)
   at YiSha.Util.ShellHelper.Cmd(String fileName, String args) in E:\资料\私人项目\2020_08\YiShaAdmin-master\YiSha.Util\YiSha.Util\ShellHelper.cs:line 40
   at YiSha.Util.MemoryMetricsClient.GetWindowsMetrics() in E:\资料\私人项目\2020_08\YiShaAdmin-master\YiSha.Util\YiSha.Util\ComputerHelper.cs:line 104
   at YiSha.Util.MemoryMetricsClient.GetMetrics() in E:\资料\私人项目\2020_08\YiShaAdmin-master\YiSha.Util\YiSha.Util\ComputerHelper.cs:line 99
   at YiSha.Util.ComputerHelper.GetComputerInfo() in E:\资料\私人项目\2020_08\YiShaAdmin-master\YiSha.Util\YiSha.Util\ComputerHelper.cs:line 20
 |url: http://localhost/ToolManage/Server/GetServerJson|action: GetServerJson
2020-08-13 15:27:13.7968||ERROR||系统找不到指定的文件。
   at System.Diagnostics.Process.StartWithCreateProcess(ProcessStartInfo startInfo)
   at System.Diagnostics.Process.Start(ProcessStartInfo startInfo)
   at YiSha.Util.ShellHelper.Cmd(String fileName, String args) in E:\资料\私人项目\2020_08\YiShaAdmin-master\YiSha.Util\YiSha.Util\ShellHelper.cs:line 40
   at YiSha.Util.MemoryMetricsClient.GetWindowsMetrics() in E:\资料\私人项目\2020_08\YiShaAdmin-master\YiSha.Util\YiSha.Util\ComputerHelper.cs:line 104
   at YiSha.Util.MemoryMetricsClient.GetMetrics() in E:\资料\私人项目\2020_08\YiShaAdmin-master\YiSha.Util\YiSha.Util\ComputerHelper.cs:line 99
   at YiSha.Util.ComputerHelper.GetComputerInfo() in E:\资料\私人项目\2020_08\YiShaAdmin-master\YiSha.Util\YiSha.Util\ComputerHelper.cs:line 20
 |url: http://localhost/ToolManage/Server/GetServerJson|action: GetServerJson
2020-08-13 15:27:16.7970||ERROR||系统找不到指定的文件。
   at System.Diagnostics.Process.StartWithCreateProcess(ProcessStartInfo startInfo)
   at System.Diagnostics.Process.Start(ProcessStartInfo startInfo)
   at YiSha.Util.ShellHelper.Cmd(String fileName, String args) in E:\资料\私人项目\2020_08\YiShaAdmin-master\YiSha.Util\YiSha.Util\ShellHelper.cs:line 40
   at YiSha.Util.MemoryMetricsClient.GetWindowsMetrics() in E:\资料\私人项目\2020_08\YiShaAdmin-master\YiSha.Util\YiSha.Util\ComputerHelper.cs:line 104
   at YiSha.Util.MemoryMetricsClient.GetMetrics() in E:\资料\私人项目\2020_08\YiShaAdmin-master\YiSha.Util\YiSha.Util\ComputerHelper.cs:line 99
   at YiSha.Util.ComputerHelper.GetComputerInfo() in E:\资料\私人项目\2020_08\YiShaAdmin-master\YiSha.Util\YiSha.Util\ComputerHelper.cs:line 20
 |url: http://localhost/ToolManage/Server/GetServerJson|action: GetServerJson
2020-08-13 15:27:19.7877||ERROR||系统找不到指定的文件。
   at System.Diagnostics.Process.StartWithCreateProcess(ProcessStartInfo startInfo)
   at System.Diagnostics.Process.Start(ProcessStartInfo startInfo)
   at YiSha.Util.ShellHelper.Cmd(String fileName, String args) in E:\资料\私人项目\2020_08\YiShaAdmin-master\YiSha.Util\YiSha.Util\ShellHelper.cs:line 40
   at YiSha.Util.MemoryMetricsClient.GetWindowsMetrics() in E:\资料\私人项目\2020_08\YiShaAdmin-master\YiSha.Util\YiSha.Util\ComputerHelper.cs:line 104
   at YiSha.Util.MemoryMetricsClient.GetMetrics() in E:\资料\私人项目\2020_08\YiShaAdmin-master\YiSha.Util\YiSha.Util\ComputerHelper.cs:line 99
   at YiSha.Util.ComputerHelper.GetComputerInfo() in E:\资料\私人项目\2020_08\YiShaAdmin-master\YiSha.Util\YiSha.Util\ComputerHelper.cs:line 20
 |url: http://localhost/ToolManage/Server/GetServerJson|action: GetServerJson
2020-08-13 15:27:22.7882||ERROR||系统找不到指定的文件。
   at System.Diagnostics.Process.StartWithCreateProcess(ProcessStartInfo startInfo)
   at System.Diagnostics.Process.Start(ProcessStartInfo startInfo)
   at YiSha.Util.ShellHelper.Cmd(String fileName, String args) in E:\资料\私人项目\2020_08\YiShaAdmin-master\YiSha.Util\YiSha.Util\ShellHelper.cs:line 40
   at YiSha.Util.MemoryMetricsClient.GetWindowsMetrics() in E:\资料\私人项目\2020_08\YiShaAdmin-master\YiSha.Util\YiSha.Util\ComputerHelper.cs:line 104
   at YiSha.Util.MemoryMetricsClient.GetMetrics() in E:\资料\私人项目\2020_08\YiShaAdmin-master\YiSha.Util\YiSha.Util\ComputerHelper.cs:line 99
   at YiSha.Util.ComputerHelper.GetComputerInfo() in E:\资料\私人项目\2020_08\YiShaAdmin-master\YiSha.Util\YiSha.Util\ComputerHelper.cs:line 20
 |url: http://localhost/ToolManage/Server/GetServerJson|action: GetServerJson
2020-08-13 15:27:25.7866||ERROR||系统找不到指定的文件。
   at System.Diagnostics.Process.StartWithCreateProcess(ProcessStartInfo startInfo)
   at System.Diagnostics.Process.Start(ProcessStartInfo startInfo)
   at YiSha.Util.ShellHelper.Cmd(String fileName, String args) in E:\资料\私人项目\2020_08\YiShaAdmin-master\YiSha.Util\YiSha.Util\ShellHelper.cs:line 40
   at YiSha.Util.MemoryMetricsClient.GetWindowsMetrics() in E:\资料\私人项目\2020_08\YiShaAdmin-master\YiSha.Util\YiSha.Util\ComputerHelper.cs:line 104
   at YiSha.Util.MemoryMetricsClient.GetMetrics() in E:\资料\私人项目\2020_08\YiShaAdmin-master\YiSha.Util\YiSha.Util\ComputerHelper.cs:line 99
   at YiSha.Util.ComputerHelper.GetComputerInfo() in E:\资料\私人项目\2020_08\YiShaAdmin-master\YiSha.Util\YiSha.Util\ComputerHelper.cs:line 20
 |url: http://localhost/ToolManage/Server/GetServerJson|action: GetServerJson
2020-08-13 15:27:28.7882||ERROR||系统找不到指定的文件。
   at System.Diagnostics.Process.StartWithCreateProcess(ProcessStartInfo startInfo)
   at System.Diagnostics.Process.Start(ProcessStartInfo startInfo)
   at YiSha.Util.ShellHelper.Cmd(String fileName, String args) in E:\资料\私人项目\2020_08\YiShaAdmin-master\YiSha.Util\YiSha.Util\ShellHelper.cs:line 40
   at YiSha.Util.MemoryMetricsClient.GetWindowsMetrics() in E:\资料\私人项目\2020_08\YiShaAdmin-master\YiSha.Util\YiSha.Util\ComputerHelper.cs:line 104
   at YiSha.Util.MemoryMetricsClient.GetMetrics() in E:\资料\私人项目\2020_08\YiShaAdmin-master\YiSha.Util\YiSha.Util\ComputerHelper.cs:line 99
   at YiSha.Util.ComputerHelper.GetComputerInfo() in E:\资料\私人项目\2020_08\YiShaAdmin-master\YiSha.Util\YiSha.Util\ComputerHelper.cs:line 20
 |url: http://localhost/ToolManage/Server/GetServerJson|action: GetServerJson
2020-08-13 15:27:31.7865||ERROR||系统找不到指定的文件。
   at System.Diagnostics.Process.StartWithCreateProcess(ProcessStartInfo startInfo)
   at System.Diagnostics.Process.Start(ProcessStartInfo startInfo)
   at YiSha.Util.ShellHelper.Cmd(String fileName, String args) in E:\资料\私人项目\2020_08\YiShaAdmin-master\YiSha.Util\YiSha.Util\ShellHelper.cs:line 40
   at YiSha.Util.MemoryMetricsClient.GetWindowsMetrics() in E:\资料\私人项目\2020_08\YiShaAdmin-master\YiSha.Util\YiSha.Util\ComputerHelper.cs:line 104
   at YiSha.Util.MemoryMetricsClient.GetMetrics() in E:\资料\私人项目\2020_08\YiShaAdmin-master\YiSha.Util\YiSha.Util\ComputerHelper.cs:line 99
   at YiSha.Util.ComputerHelper.GetComputerInfo() in E:\资料\私人项目\2020_08\YiShaAdmin-master\YiSha.Util\YiSha.Util\ComputerHelper.cs:line 20
 |url: http://localhost/ToolManage/Server/GetServerJson|action: GetServerJson
2020-08-13 15:27:34.7899||ERROR||系统找不到指定的文件。
   at System.Diagnostics.Process.StartWithCreateProcess(ProcessStartInfo startInfo)
   at System.Diagnostics.Process.Start(ProcessStartInfo startInfo)
   at YiSha.Util.ShellHelper.Cmd(String fileName, String args) in E:\资料\私人项目\2020_08\YiShaAdmin-master\YiSha.Util\YiSha.Util\ShellHelper.cs:line 40
   at YiSha.Util.MemoryMetricsClient.GetWindowsMetrics() in E:\资料\私人项目\2020_08\YiShaAdmin-master\YiSha.Util\YiSha.Util\ComputerHelper.cs:line 104
   at YiSha.Util.MemoryMetricsClient.GetMetrics() in E:\资料\私人项目\2020_08\YiShaAdmin-master\YiSha.Util\YiSha.Util\ComputerHelper.cs:line 99
   at YiSha.Util.ComputerHelper.GetComputerInfo() in E:\资料\私人项目\2020_08\YiShaAdmin-master\YiSha.Util\YiSha.Util\ComputerHelper.cs:line 20
 |url: http://localhost/ToolManage/Server/GetServerJson|action: GetServerJson
2020-08-13 15:27:37.7852||ERROR||系统找不到指定的文件。
   at System.Diagnostics.Process.StartWithCreateProcess(ProcessStartInfo startInfo)
   at System.Diagnostics.Process.Start(ProcessStartInfo startInfo)
   at YiSha.Util.ShellHelper.Cmd(String fileName, String args) in E:\资料\私人项目\2020_08\YiShaAdmin-master\YiSha.Util\YiSha.Util\ShellHelper.cs:line 40
   at YiSha.Util.MemoryMetricsClient.GetWindowsMetrics() in E:\资料\私人项目\2020_08\YiShaAdmin-master\YiSha.Util\YiSha.Util\ComputerHelper.cs:line 104
   at YiSha.Util.MemoryMetricsClient.GetMetrics() in E:\资料\私人项目\2020_08\YiShaAdmin-master\YiSha.Util\YiSha.Util\ComputerHelper.cs:line 99
   at YiSha.Util.ComputerHelper.GetComputerInfo() in E:\资料\私人项目\2020_08\YiShaAdmin-master\YiSha.Util\YiSha.Util\ComputerHelper.cs:line 20
 |url: http://localhost/ToolManage/Server/GetServerJson|action: GetServerJson
2020-08-13 15:27:40.7877||ERROR||系统找不到指定的文件。
   at System.Diagnostics.Process.StartWithCreateProcess(ProcessStartInfo startInfo)
   at System.Diagnostics.Process.Start(ProcessStartInfo startInfo)
   at YiSha.Util.ShellHelper.Cmd(String fileName, String args) in E:\资料\私人项目\2020_08\YiShaAdmin-master\YiSha.Util\YiSha.Util\ShellHelper.cs:line 40
   at YiSha.Util.MemoryMetricsClient.GetWindowsMetrics() in E:\资料\私人项目\2020_08\YiShaAdmin-master\YiSha.Util\YiSha.Util\ComputerHelper.cs:line 104
   at YiSha.Util.MemoryMetricsClient.GetMetrics() in E:\资料\私人项目\2020_08\YiShaAdmin-master\YiSha.Util\YiSha.Util\ComputerHelper.cs:line 99
   at YiSha.Util.ComputerHelper.GetComputerInfo() in E:\资料\私人项目\2020_08\YiShaAdmin-master\YiSha.Util\YiSha.Util\ComputerHelper.cs:line 20
 |url: http://localhost/ToolManage/Server/GetServerJson|action: GetServerJson
2020-08-13 15:27:43.7857||ERROR||系统找不到指定的文件。
   at System.Diagnostics.Process.StartWithCreateProcess(ProcessStartInfo startInfo)
   at System.Diagnostics.Process.Start(ProcessStartInfo startInfo)
   at YiSha.Util.ShellHelper.Cmd(String fileName, String args) in E:\资料\私人项目\2020_08\YiShaAdmin-master\YiSha.Util\YiSha.Util\ShellHelper.cs:line 40
   at YiSha.Util.MemoryMetricsClient.GetWindowsMetrics() in E:\资料\私人项目\2020_08\YiShaAdmin-master\YiSha.Util\YiSha.Util\ComputerHelper.cs:line 104
   at YiSha.Util.MemoryMetricsClient.GetMetrics() in E:\资料\私人项目\2020_08\YiShaAdmin-master\YiSha.Util\YiSha.Util\ComputerHelper.cs:line 99
   at YiSha.Util.ComputerHelper.GetComputerInfo() in E:\资料\私人项目\2020_08\YiShaAdmin-master\YiSha.Util\YiSha.Util\ComputerHelper.cs:line 20
 |url: http://localhost/ToolManage/Server/GetServerJson|action: GetServerJson
2020-08-13 15:27:46.7851||ERROR||系统找不到指定的文件。
   at System.Diagnostics.Process.StartWithCreateProcess(ProcessStartInfo startInfo)
   at System.Diagnostics.Process.Start(ProcessStartInfo startInfo)
   at YiSha.Util.ShellHelper.Cmd(String fileName, String args) in E:\资料\私人项目\2020_08\YiShaAdmin-master\YiSha.Util\YiSha.Util\ShellHelper.cs:line 40
   at YiSha.Util.MemoryMetricsClient.GetWindowsMetrics() in E:\资料\私人项目\2020_08\YiShaAdmin-master\YiSha.Util\YiSha.Util\ComputerHelper.cs:line 104
   at YiSha.Util.MemoryMetricsClient.GetMetrics() in E:\资料\私人项目\2020_08\YiShaAdmin-master\YiSha.Util\YiSha.Util\ComputerHelper.cs:line 99
   at YiSha.Util.ComputerHelper.GetComputerInfo() in E:\资料\私人项目\2020_08\YiShaAdmin-master\YiSha.Util\YiSha.Util\ComputerHelper.cs:line 20
 |url: http://localhost/ToolManage/Server/GetServerJson|action: GetServerJson
2020-08-13 15:27:49.7866||ERROR||系统找不到指定的文件。
   at System.Diagnostics.Process.StartWithCreateProcess(ProcessStartInfo startInfo)
   at System.Diagnostics.Process.Start(ProcessStartInfo startInfo)
   at YiSha.Util.ShellHelper.Cmd(String fileName, String args) in E:\资料\私人项目\2020_08\YiShaAdmin-master\YiSha.Util\YiSha.Util\ShellHelper.cs:line 40
   at YiSha.Util.MemoryMetricsClient.GetWindowsMetrics() in E:\资料\私人项目\2020_08\YiShaAdmin-master\YiSha.Util\YiSha.Util\ComputerHelper.cs:line 104
   at YiSha.Util.MemoryMetricsClient.GetMetrics() in E:\资料\私人项目\2020_08\YiShaAdmin-master\YiSha.Util\YiSha.Util\ComputerHelper.cs:line 99
   at YiSha.Util.ComputerHelper.GetComputerInfo() in E:\资料\私人项目\2020_08\YiShaAdmin-master\YiSha.Util\YiSha.Util\ComputerHelper.cs:line 20
 |url: http://localhost/ToolManage/Server/GetServerJson|action: GetServerJson
2020-08-13 15:27:52.7882||ERROR||系统找不到指定的文件。
   at System.Diagnostics.Process.StartWithCreateProcess(ProcessStartInfo startInfo)
   at System.Diagnostics.Process.Start(ProcessStartInfo startInfo)
   at YiSha.Util.ShellHelper.Cmd(String fileName, String args) in E:\资料\私人项目\2020_08\YiShaAdmin-master\YiSha.Util\YiSha.Util\ShellHelper.cs:line 40
   at YiSha.Util.MemoryMetricsClient.GetWindowsMetrics() in E:\资料\私人项目\2020_08\YiShaAdmin-master\YiSha.Util\YiSha.Util\ComputerHelper.cs:line 104
   at YiSha.Util.MemoryMetricsClient.GetMetrics() in E:\资料\私人项目\2020_08\YiShaAdmin-master\YiSha.Util\YiSha.Util\ComputerHelper.cs:line 99
   at YiSha.Util.ComputerHelper.GetComputerInfo() in E:\资料\私人项目\2020_08\YiShaAdmin-master\YiSha.Util\YiSha.Util\ComputerHelper.cs:line 20
 |url: http://localhost/ToolManage/Server/GetServerJson|action: GetServerJson
2020-08-13 15:30:19.7713||DEBUG||程序启动 |ContentRootPath:E:\资料\私人项目\2020_08\YiShaAdmin-master\YiSha.Web\YiSha.Admin.Web |WebRootPath:E:\资料\私人项目\2020_08\YiShaAdmin-master\YiSha.Web\YiSha.Admin.Web\wwwroot |IsDevelopment:True |url: |action: 
2020-08-13 15:47:14.2950||DEBUG||程序启动 |ContentRootPath:E:\资料\私人项目\2020_08\YiShaAdmin-master\YiSha.Web\YiSha.Admin.Web |WebRootPath:E:\资料\私人项目\2020_08\YiShaAdmin-master\YiSha.Web\YiSha.Admin.Web\wwwroot |IsDevelopment:True |url: |action: 
2020-08-13 15:56:59.8651||DEBUG||程序启动 |ContentRootPath:E:\资料\私人项目\2020_08\YiShaAdmin-master\YiSha.Web\YiSha.Admin.Web |WebRootPath:E:\资料\私人项目\2020_08\YiShaAdmin-master\YiSha.Web\YiSha.Admin.Web\wwwroot |IsDevelopment:True |url: |action: 
2020-08-13 16:15:36.4890||ERROR||An error occurred while updating the entries. See the inner exception for details.
Out of range value for column 'Id' at row 1
   at Microsoft.EntityFrameworkCore.Update.ReaderModificationCommandBatch.ExecuteAsync(IRelationalConnection connection, CancellationToken cancellationToken)
   at Microsoft.EntityFrameworkCore.Update.Internal.BatchExecutor.ExecuteAsync(IEnumerable`1 commandBatches, IRelationalConnection connection, CancellationToken cancellationToken)
   at Microsoft.EntityFrameworkCore.Update.Internal.BatchExecutor.ExecuteAsync(IEnumerable`1 commandBatches, IRelationalConnection connection, CancellationToken cancellationToken)
   at Microsoft.EntityFrameworkCore.ChangeTracking.Internal.StateManager.SaveChangesAsync(IList`1 entriesToSave, CancellationToken cancellationToken)
   at Microsoft.EntityFrameworkCore.ChangeTracking.Internal.StateManager.SaveChangesAsync(DbContext _, Boolean acceptAllChangesOnSuccess, CancellationToken cancellationToken)
   at Pomelo.EntityFrameworkCore.MySql.Storage.Internal.MySqlExecutionStrategy.ExecuteAsync[TState,TResult](TState state, Func`4 operation, Func`4 verifySucceeded, CancellationToken cancellationToken)
   at Microsoft.EntityFrameworkCore.DbContext.SaveChangesAsync(Boolean acceptAllChangesOnSuccess, CancellationToken cancellationToken)
   at YiSha.Data.EF.MySqlDatabase.CommitTrans() in E:\资料\私人项目\2020_08\YiShaAdmin-master\YiSha.Data\YiSha.Data.EF\Database\MySqlDatabase.cs:line 65
   at YiSha.Data.EF.MySqlDatabase.CommitTrans() in E:\资料\私人项目\2020_08\YiShaAdmin-master\YiSha.Data\YiSha.Data.EF\Database\MySqlDatabase.cs:line 87
   at YiSha.Data.EF.MySqlDatabase.Insert[T](T entity) in E:\资料\私人项目\2020_08\YiShaAdmin-master\YiSha.Data\YiSha.Data.EF\Database\MySqlDatabase.cs:line 162
   at YiSha.Data.Repository.Repository.Insert[T](T entity) in E:\资料\私人项目\2020_08\YiShaAdmin-master\YiSha.Data\YiSha.Data.Repository\Repository.cs:line 69
   at YiSha.Service.TerManage.PartsService.SaveForm(PartsEntity entity) in E:\资料\私人项目\2020_08\YiShaAdmin-master\YiSha.Business\YiSha.Service\TerManage\PartsService.cs:line 52
   at YiSha.Business.TerManage.PartsBLL.SaveForm(PartsEntity entity) in E:\资料\私人项目\2020_08\YiShaAdmin-master\YiSha.Business\YiSha.Business\TerManage\PartsBLL.cs:line 58
   at YiSha.Admin.Web.Areas.TerManage.Controllers.PartsController.SaveFormJson(PartsEntity entity) in E:\资料\私人项目\2020_08\YiShaAdmin-master\YiSha.Web\YiSha.Admin.Web\Areas\TerManage\Controllers\PartsController.cs:line 71
   at lambda_method(Closure , Object )
   at Microsoft.Extensions.Internal.ObjectMethodExecutorAwaitable.Awaiter.GetResult()
   at Microsoft.AspNetCore.Mvc.Infrastructure.ActionMethodExecutor.TaskOfActionResultExecutor.Execute(IActionResultTypeMapper mapper, ObjectMethodExecutor executor, Object controller, Object[] arguments)
   at Microsoft.AspNetCore.Mvc.Infrastructure.ControllerActionInvoker.<InvokeActionMethodAsync>g__Awaited|12_0(ControllerActionInvoker invoker, ValueTask`1 actionResultValueTask)
   at Microsoft.AspNetCore.Mvc.Infrastructure.ControllerActionInvoker.<InvokeNextActionFilterAsync>g__Awaited|10_0(ControllerActionInvoker invoker, Task lastTask, State next, Scope scope, Object state, Boolean isCompleted)
   at Microsoft.AspNetCore.Mvc.Infrastructure.ControllerActionInvoker.Rethrow(ActionExecutedContextSealed context)
   at Microsoft.AspNetCore.Mvc.Infrastructure.ControllerActionInvoker.Next(State& next, Scope& scope, Object& state, Boolean& isCompleted)
   at Microsoft.AspNetCore.Mvc.Infrastructure.ControllerActionInvoker.<InvokeInnerFilterAsync>g__Awaited|13_0(ControllerActionInvoker invoker, Task lastTask, State next, Scope scope, Object state, Boolean isCompleted)
   at Microsoft.AspNetCore.Mvc.Infrastructure.ResourceInvoker.<InvokeNextExceptionFilterAsync>g__Awaited|25_0(ResourceInvoker invoker, Task lastTask, State next, Scope scope, Object state, Boolean isCompleted)
 |url: http://localhost/TerManage/Parts/SaveFormJson|action: SaveFormJson
2020-08-13 16:15:44.0158||ERROR||An error occurred while updating the entries. See the inner exception for details.
Out of range value for column 'Id' at row 1
   at Microsoft.EntityFrameworkCore.Update.ReaderModificationCommandBatch.ExecuteAsync(IRelationalConnection connection, CancellationToken cancellationToken)
   at Microsoft.EntityFrameworkCore.Update.Internal.BatchExecutor.ExecuteAsync(IEnumerable`1 commandBatches, IRelationalConnection connection, CancellationToken cancellationToken)
   at Microsoft.EntityFrameworkCore.Update.Internal.BatchExecutor.ExecuteAsync(IEnumerable`1 commandBatches, IRelationalConnection connection, CancellationToken cancellationToken)
   at Microsoft.EntityFrameworkCore.ChangeTracking.Internal.StateManager.SaveChangesAsync(IList`1 entriesToSave, CancellationToken cancellationToken)
   at Microsoft.EntityFrameworkCore.ChangeTracking.Internal.StateManager.SaveChangesAsync(DbContext _, Boolean acceptAllChangesOnSuccess, CancellationToken cancellationToken)
   at Pomelo.EntityFrameworkCore.MySql.Storage.Internal.MySqlExecutionStrategy.ExecuteAsync[TState,TResult](TState state, Func`4 operation, Func`4 verifySucceeded, CancellationToken cancellationToken)
   at Microsoft.EntityFrameworkCore.DbContext.SaveChangesAsync(Boolean acceptAllChangesOnSuccess, CancellationToken cancellationToken)
   at YiSha.Data.EF.MySqlDatabase.CommitTrans() in E:\资料\私人项目\2020_08\YiShaAdmin-master\YiSha.Data\YiSha.Data.EF\Database\MySqlDatabase.cs:line 65
   at YiSha.Data.EF.MySqlDatabase.CommitTrans() in E:\资料\私人项目\2020_08\YiShaAdmin-master\YiSha.Data\YiSha.Data.EF\Database\MySqlDatabase.cs:line 87
   at YiSha.Data.EF.MySqlDatabase.Insert[T](T entity) in E:\资料\私人项目\2020_08\YiShaAdmin-master\YiSha.Data\YiSha.Data.EF\Database\MySqlDatabase.cs:line 162
   at YiSha.Data.Repository.Repository.Insert[T](T entity) in E:\资料\私人项目\2020_08\YiShaAdmin-master\YiSha.Data\YiSha.Data.Repository\Repository.cs:line 69
   at YiSha.Service.TerManage.PartsService.SaveForm(PartsEntity entity) in E:\资料\私人项目\2020_08\YiShaAdmin-master\YiSha.Business\YiSha.Service\TerManage\PartsService.cs:line 52
   at YiSha.Business.TerManage.PartsBLL.SaveForm(PartsEntity entity) in E:\资料\私人项目\2020_08\YiShaAdmin-master\YiSha.Business\YiSha.Business\TerManage\PartsBLL.cs:line 58
   at YiSha.Admin.Web.Areas.TerManage.Controllers.PartsController.SaveFormJson(PartsEntity entity) in E:\资料\私人项目\2020_08\YiShaAdmin-master\YiSha.Web\YiSha.Admin.Web\Areas\TerManage\Controllers\PartsController.cs:line 71
   at lambda_method(Closure , Object )
   at Microsoft.Extensions.Internal.ObjectMethodExecutorAwaitable.Awaiter.GetResult()
   at Microsoft.AspNetCore.Mvc.Infrastructure.ActionMethodExecutor.TaskOfActionResultExecutor.Execute(IActionResultTypeMapper mapper, ObjectMethodExecutor executor, Object controller, Object[] arguments)
   at Microsoft.AspNetCore.Mvc.Infrastructure.ControllerActionInvoker.<InvokeActionMethodAsync>g__Awaited|12_0(ControllerActionInvoker invoker, ValueTask`1 actionResultValueTask)
   at Microsoft.AspNetCore.Mvc.Infrastructure.ControllerActionInvoker.<InvokeNextActionFilterAsync>g__Awaited|10_0(ControllerActionInvoker invoker, Task lastTask, State next, Scope scope, Object state, Boolean isCompleted)
   at Microsoft.AspNetCore.Mvc.Infrastructure.ControllerActionInvoker.Rethrow(ActionExecutedContextSealed context)
   at Microsoft.AspNetCore.Mvc.Infrastructure.ControllerActionInvoker.Next(State& next, Scope& scope, Object& state, Boolean& isCompleted)
   at Microsoft.AspNetCore.Mvc.Infrastructure.ControllerActionInvoker.<InvokeInnerFilterAsync>g__Awaited|13_0(ControllerActionInvoker invoker, Task lastTask, State next, Scope scope, Object state, Boolean isCompleted)
   at Microsoft.AspNetCore.Mvc.Infrastructure.ResourceInvoker.<InvokeNextExceptionFilterAsync>g__Awaited|25_0(ResourceInvoker invoker, Task lastTask, State next, Scope scope, Object state, Boolean isCompleted)
 |url: http://localhost/TerManage/Parts/SaveFormJson|action: SaveFormJson
2020-08-13 16:22:13.4476||ERROR||An error occurred while updating the entries. See the inner exception for details.
Out of range value for column 'Id' at row 1
   at Microsoft.EntityFrameworkCore.Update.ReaderModificationCommandBatch.ExecuteAsync(IRelationalConnection connection, CancellationToken cancellationToken)
   at Microsoft.EntityFrameworkCore.Update.Internal.BatchExecutor.ExecuteAsync(IEnumerable`1 commandBatches, IRelationalConnection connection, CancellationToken cancellationToken)
   at Microsoft.EntityFrameworkCore.Update.Internal.BatchExecutor.ExecuteAsync(IEnumerable`1 commandBatches, IRelationalConnection connection, CancellationToken cancellationToken)
   at Microsoft.EntityFrameworkCore.ChangeTracking.Internal.StateManager.SaveChangesAsync(IList`1 entriesToSave, CancellationToken cancellationToken)
   at Microsoft.EntityFrameworkCore.ChangeTracking.Internal.StateManager.SaveChangesAsync(DbContext _, Boolean acceptAllChangesOnSuccess, CancellationToken cancellationToken)
   at Pomelo.EntityFrameworkCore.MySql.Storage.Internal.MySqlExecutionStrategy.ExecuteAsync[TState,TResult](TState state, Func`4 operation, Func`4 verifySucceeded, CancellationToken cancellationToken)
   at Microsoft.EntityFrameworkCore.DbContext.SaveChangesAsync(Boolean acceptAllChangesOnSuccess, CancellationToken cancellationToken)
   at YiSha.Data.EF.MySqlDatabase.CommitTrans() in E:\资料\私人项目\2020_08\YiShaAdmin-master\YiSha.Data\YiSha.Data.EF\Database\MySqlDatabase.cs:line 65
   at YiSha.Data.EF.MySqlDatabase.CommitTrans() in E:\资料\私人项目\2020_08\YiShaAdmin-master\YiSha.Data\YiSha.Data.EF\Database\MySqlDatabase.cs:line 87
   at YiSha.Data.EF.MySqlDatabase.Insert[T](T entity) in E:\资料\私人项目\2020_08\YiShaAdmin-master\YiSha.Data\YiSha.Data.EF\Database\MySqlDatabase.cs:line 162
   at YiSha.Data.Repository.Repository.Insert[T](T entity) in E:\资料\私人项目\2020_08\YiShaAdmin-master\YiSha.Data\YiSha.Data.Repository\Repository.cs:line 69
   at YiSha.Service.TerManage.PartsService.SaveForm(PartsEntity entity) in E:\资料\私人项目\2020_08\YiShaAdmin-master\YiSha.Business\YiSha.Service\TerManage\PartsService.cs:line 52
   at YiSha.Business.TerManage.PartsBLL.SaveForm(PartsEntity entity) in E:\资料\私人项目\2020_08\YiShaAdmin-master\YiSha.Business\YiSha.Business\TerManage\PartsBLL.cs:line 58
   at YiSha.Admin.Web.Areas.TerManage.Controllers.PartsController.SaveFormJson(PartsEntity entity) in E:\资料\私人项目\2020_08\YiShaAdmin-master\YiSha.Web\YiSha.Admin.Web\Areas\TerManage\Controllers\PartsController.cs:line 71
   at lambda_method(Closure , Object )
   at Microsoft.Extensions.Internal.ObjectMethodExecutorAwaitable.Awaiter.GetResult()
   at Microsoft.AspNetCore.Mvc.Infrastructure.ActionMethodExecutor.TaskOfActionResultExecutor.Execute(IActionResultTypeMapper mapper, ObjectMethodExecutor executor, Object controller, Object[] arguments)
   at Microsoft.AspNetCore.Mvc.Infrastructure.ControllerActionInvoker.<InvokeActionMethodAsync>g__Awaited|12_0(ControllerActionInvoker invoker, ValueTask`1 actionResultValueTask)
   at Microsoft.AspNetCore.Mvc.Infrastructure.ControllerActionInvoker.<InvokeNextActionFilterAsync>g__Awaited|10_0(ControllerActionInvoker invoker, Task lastTask, State next, Scope scope, Object state, Boolean isCompleted)
   at Microsoft.AspNetCore.Mvc.Infrastructure.ControllerActionInvoker.Rethrow(ActionExecutedContextSealed context)
   at Microsoft.AspNetCore.Mvc.Infrastructure.ControllerActionInvoker.Next(State& next, Scope& scope, Object& state, Boolean& isCompleted)
   at Microsoft.AspNetCore.Mvc.Infrastructure.ControllerActionInvoker.<InvokeInnerFilterAsync>g__Awaited|13_0(ControllerActionInvoker invoker, Task lastTask, State next, Scope scope, Object state, Boolean isCompleted)
   at Microsoft.AspNetCore.Mvc.Infrastructure.ResourceInvoker.<InvokeNextExceptionFilterAsync>g__Awaited|25_0(ResourceInvoker invoker, Task lastTask, State next, Scope scope, Object state, Boolean isCompleted)
 |url: http://localhost/TerManage/Parts/SaveFormJson|action: SaveFormJson
2020-08-13 16:22:18.0198||ERROR||An error occurred while updating the entries. See the inner exception for details.
Out of range value for column 'Id' at row 1
   at Microsoft.EntityFrameworkCore.Update.ReaderModificationCommandBatch.ExecuteAsync(IRelationalConnection connection, CancellationToken cancellationToken)
   at Microsoft.EntityFrameworkCore.Update.Internal.BatchExecutor.ExecuteAsync(IEnumerable`1 commandBatches, IRelationalConnection connection, CancellationToken cancellationToken)
   at Microsoft.EntityFrameworkCore.Update.Internal.BatchExecutor.ExecuteAsync(IEnumerable`1 commandBatches, IRelationalConnection connection, CancellationToken cancellationToken)
   at Microsoft.EntityFrameworkCore.ChangeTracking.Internal.StateManager.SaveChangesAsync(IList`1 entriesToSave, CancellationToken cancellationToken)
   at Microsoft.EntityFrameworkCore.ChangeTracking.Internal.StateManager.SaveChangesAsync(DbContext _, Boolean acceptAllChangesOnSuccess, CancellationToken cancellationToken)
   at Pomelo.EntityFrameworkCore.MySql.Storage.Internal.MySqlExecutionStrategy.ExecuteAsync[TState,TResult](TState state, Func`4 operation, Func`4 verifySucceeded, CancellationToken cancellationToken)
   at Microsoft.EntityFrameworkCore.DbContext.SaveChangesAsync(Boolean acceptAllChangesOnSuccess, CancellationToken cancellationToken)
   at YiSha.Data.EF.MySqlDatabase.CommitTrans() in E:\资料\私人项目\2020_08\YiShaAdmin-master\YiSha.Data\YiSha.Data.EF\Database\MySqlDatabase.cs:line 65
   at YiSha.Data.EF.MySqlDatabase.CommitTrans() in E:\资料\私人项目\2020_08\YiShaAdmin-master\YiSha.Data\YiSha.Data.EF\Database\MySqlDatabase.cs:line 87
   at YiSha.Data.EF.MySqlDatabase.Insert[T](T entity) in E:\资料\私人项目\2020_08\YiShaAdmin-master\YiSha.Data\YiSha.Data.EF\Database\MySqlDatabase.cs:line 162
   at YiSha.Data.Repository.Repository.Insert[T](T entity) in E:\资料\私人项目\2020_08\YiShaAdmin-master\YiSha.Data\YiSha.Data.Repository\Repository.cs:line 69
   at YiSha.Service.TerManage.PartsService.SaveForm(PartsEntity entity) in E:\资料\私人项目\2020_08\YiShaAdmin-master\YiSha.Business\YiSha.Service\TerManage\PartsService.cs:line 52
   at YiSha.Business.TerManage.PartsBLL.SaveForm(PartsEntity entity) in E:\资料\私人项目\2020_08\YiShaAdmin-master\YiSha.Business\YiSha.Business\TerManage\PartsBLL.cs:line 58
   at YiSha.Admin.Web.Areas.TerManage.Controllers.PartsController.SaveFormJson(PartsEntity entity) in E:\资料\私人项目\2020_08\YiShaAdmin-master\YiSha.Web\YiSha.Admin.Web\Areas\TerManage\Controllers\PartsController.cs:line 71
   at lambda_method(Closure , Object )
   at Microsoft.Extensions.Internal.ObjectMethodExecutorAwaitable.Awaiter.GetResult()
   at Microsoft.AspNetCore.Mvc.Infrastructure.ActionMethodExecutor.TaskOfActionResultExecutor.Execute(IActionResultTypeMapper mapper, ObjectMethodExecutor executor, Object controller, Object[] arguments)
   at Microsoft.AspNetCore.Mvc.Infrastructure.ControllerActionInvoker.<InvokeActionMethodAsync>g__Awaited|12_0(ControllerActionInvoker invoker, ValueTask`1 actionResultValueTask)
   at Microsoft.AspNetCore.Mvc.Infrastructure.ControllerActionInvoker.<InvokeNextActionFilterAsync>g__Awaited|10_0(ControllerActionInvoker invoker, Task lastTask, State next, Scope scope, Object state, Boolean isCompleted)
   at Microsoft.AspNetCore.Mvc.Infrastructure.ControllerActionInvoker.Rethrow(ActionExecutedContextSealed context)
   at Microsoft.AspNetCore.Mvc.Infrastructure.ControllerActionInvoker.Next(State& next, Scope& scope, Object& state, Boolean& isCompleted)
   at Microsoft.AspNetCore.Mvc.Infrastructure.ControllerActionInvoker.<InvokeInnerFilterAsync>g__Awaited|13_0(ControllerActionInvoker invoker, Task lastTask, State next, Scope scope, Object state, Boolean isCompleted)
   at Microsoft.AspNetCore.Mvc.Infrastructure.ResourceInvoker.<InvokeNextExceptionFilterAsync>g__Awaited|25_0(ResourceInvoker invoker, Task lastTask, State next, Scope scope, Object state, Boolean isCompleted)
 |url: http://localhost/TerManage/Parts/SaveFormJson|action: SaveFormJson
2020-08-13 16:25:59.2730||ERROR||An error occurred while updating the entries. See the inner exception for details.
Out of range value for column 'Id' at row 1
   at Microsoft.EntityFrameworkCore.Update.ReaderModificationCommandBatch.ExecuteAsync(IRelationalConnection connection, CancellationToken cancellationToken)
   at Microsoft.EntityFrameworkCore.Update.Internal.BatchExecutor.ExecuteAsync(IEnumerable`1 commandBatches, IRelationalConnection connection, CancellationToken cancellationToken)
   at Microsoft.EntityFrameworkCore.Update.Internal.BatchExecutor.ExecuteAsync(IEnumerable`1 commandBatches, IRelationalConnection connection, CancellationToken cancellationToken)
   at Microsoft.EntityFrameworkCore.ChangeTracking.Internal.StateManager.SaveChangesAsync(IList`1 entriesToSave, CancellationToken cancellationToken)
   at Microsoft.EntityFrameworkCore.ChangeTracking.Internal.StateManager.SaveChangesAsync(DbContext _, Boolean acceptAllChangesOnSuccess, CancellationToken cancellationToken)
   at Pomelo.EntityFrameworkCore.MySql.Storage.Internal.MySqlExecutionStrategy.ExecuteAsync[TState,TResult](TState state, Func`4 operation, Func`4 verifySucceeded, CancellationToken cancellationToken)
   at Microsoft.EntityFrameworkCore.DbContext.SaveChangesAsync(Boolean acceptAllChangesOnSuccess, CancellationToken cancellationToken)
   at YiSha.Data.EF.MySqlDatabase.CommitTrans() in E:\资料\私人项目\2020_08\YiShaAdmin-master\YiSha.Data\YiSha.Data.EF\Database\MySqlDatabase.cs:line 65
   at YiSha.Data.EF.MySqlDatabase.CommitTrans() in E:\资料\私人项目\2020_08\YiShaAdmin-master\YiSha.Data\YiSha.Data.EF\Database\MySqlDatabase.cs:line 87
   at YiSha.Data.EF.MySqlDatabase.Insert[T](T entity) in E:\资料\私人项目\2020_08\YiShaAdmin-master\YiSha.Data\YiSha.Data.EF\Database\MySqlDatabase.cs:line 162
   at YiSha.Data.Repository.Repository.Insert[T](T entity) in E:\资料\私人项目\2020_08\YiShaAdmin-master\YiSha.Data\YiSha.Data.Repository\Repository.cs:line 69
   at YiSha.Service.TerManage.PartsService.SaveForm(PartsEntity entity) in E:\资料\私人项目\2020_08\YiShaAdmin-master\YiSha.Business\YiSha.Service\TerManage\PartsService.cs:line 52
   at YiSha.Business.TerManage.PartsBLL.SaveForm(PartsEntity entity) in E:\资料\私人项目\2020_08\YiShaAdmin-master\YiSha.Business\YiSha.Business\TerManage\PartsBLL.cs:line 58
   at YiSha.Admin.Web.Areas.TerManage.Controllers.PartsController.SaveFormJson(PartsEntity entity) in E:\资料\私人项目\2020_08\YiShaAdmin-master\YiSha.Web\YiSha.Admin.Web\Areas\TerManage\Controllers\PartsController.cs:line 71
   at lambda_method(Closure , Object )
   at Microsoft.Extensions.Internal.ObjectMethodExecutorAwaitable.Awaiter.GetResult()
   at Microsoft.AspNetCore.Mvc.Infrastructure.ActionMethodExecutor.TaskOfActionResultExecutor.Execute(IActionResultTypeMapper mapper, ObjectMethodExecutor executor, Object controller, Object[] arguments)
   at Microsoft.AspNetCore.Mvc.Infrastructure.ControllerActionInvoker.<InvokeActionMethodAsync>g__Awaited|12_0(ControllerActionInvoker invoker, ValueTask`1 actionResultValueTask)
   at Microsoft.AspNetCore.Mvc.Infrastructure.ControllerActionInvoker.<InvokeNextActionFilterAsync>g__Awaited|10_0(ControllerActionInvoker invoker, Task lastTask, State next, Scope scope, Object state, Boolean isCompleted)
   at Microsoft.AspNetCore.Mvc.Infrastructure.ControllerActionInvoker.Rethrow(ActionExecutedContextSealed context)
   at Microsoft.AspNetCore.Mvc.Infrastructure.ControllerActionInvoker.Next(State& next, Scope& scope, Object& state, Boolean& isCompleted)
   at Microsoft.AspNetCore.Mvc.Infrastructure.ControllerActionInvoker.<InvokeInnerFilterAsync>g__Awaited|13_0(ControllerActionInvoker invoker, Task lastTask, State next, Scope scope, Object state, Boolean isCompleted)
   at Microsoft.AspNetCore.Mvc.Infrastructure.ResourceInvoker.<InvokeNextExceptionFilterAsync>g__Awaited|25_0(ResourceInvoker invoker, Task lastTask, State next, Scope scope, Object state, Boolean isCompleted)
 |url: http://localhost/TerManage/Parts/SaveFormJson|action: SaveFormJson
2020-08-13 16:26:03.9926||ERROR||An error occurred while updating the entries. See the inner exception for details.
Out of range value for column 'Id' at row 1
   at Microsoft.EntityFrameworkCore.Update.ReaderModificationCommandBatch.ExecuteAsync(IRelationalConnection connection, CancellationToken cancellationToken)
   at Microsoft.EntityFrameworkCore.Update.Internal.BatchExecutor.ExecuteAsync(IEnumerable`1 commandBatches, IRelationalConnection connection, CancellationToken cancellationToken)
   at Microsoft.EntityFrameworkCore.Update.Internal.BatchExecutor.ExecuteAsync(IEnumerable`1 commandBatches, IRelationalConnection connection, CancellationToken cancellationToken)
   at Microsoft.EntityFrameworkCore.ChangeTracking.Internal.StateManager.SaveChangesAsync(IList`1 entriesToSave, CancellationToken cancellationToken)
   at Microsoft.EntityFrameworkCore.ChangeTracking.Internal.StateManager.SaveChangesAsync(DbContext _, Boolean acceptAllChangesOnSuccess, CancellationToken cancellationToken)
   at Pomelo.EntityFrameworkCore.MySql.Storage.Internal.MySqlExecutionStrategy.ExecuteAsync[TState,TResult](TState state, Func`4 operation, Func`4 verifySucceeded, CancellationToken cancellationToken)
   at Microsoft.EntityFrameworkCore.DbContext.SaveChangesAsync(Boolean acceptAllChangesOnSuccess, CancellationToken cancellationToken)
   at YiSha.Data.EF.MySqlDatabase.CommitTrans() in E:\资料\私人项目\2020_08\YiShaAdmin-master\YiSha.Data\YiSha.Data.EF\Database\MySqlDatabase.cs:line 65
   at YiSha.Data.EF.MySqlDatabase.CommitTrans() in E:\资料\私人项目\2020_08\YiShaAdmin-master\YiSha.Data\YiSha.Data.EF\Database\MySqlDatabase.cs:line 87
   at YiSha.Data.EF.MySqlDatabase.Insert[T](T entity) in E:\资料\私人项目\2020_08\YiShaAdmin-master\YiSha.Data\YiSha.Data.EF\Database\MySqlDatabase.cs:line 162
   at YiSha.Data.Repository.Repository.Insert[T](T entity) in E:\资料\私人项目\2020_08\YiShaAdmin-master\YiSha.Data\YiSha.Data.Repository\Repository.cs:line 69
   at YiSha.Service.TerManage.PartsService.SaveForm(PartsEntity entity) in E:\资料\私人项目\2020_08\YiShaAdmin-master\YiSha.Business\YiSha.Service\TerManage\PartsService.cs:line 52
   at YiSha.Business.TerManage.PartsBLL.SaveForm(PartsEntity entity) in E:\资料\私人项目\2020_08\YiShaAdmin-master\YiSha.Business\YiSha.Business\TerManage\PartsBLL.cs:line 58
   at YiSha.Admin.Web.Areas.TerManage.Controllers.PartsController.SaveFormJson(PartsEntity entity) in E:\资料\私人项目\2020_08\YiShaAdmin-master\YiSha.Web\YiSha.Admin.Web\Areas\TerManage\Controllers\PartsController.cs:line 71
   at lambda_method(Closure , Object )
   at Microsoft.Extensions.Internal.ObjectMethodExecutorAwaitable.Awaiter.GetResult()
   at Microsoft.AspNetCore.Mvc.Infrastructure.ActionMethodExecutor.TaskOfActionResultExecutor.Execute(IActionResultTypeMapper mapper, ObjectMethodExecutor executor, Object controller, Object[] arguments)
   at Microsoft.AspNetCore.Mvc.Infrastructure.ControllerActionInvoker.<InvokeActionMethodAsync>g__Awaited|12_0(ControllerActionInvoker invoker, ValueTask`1 actionResultValueTask)
   at Microsoft.AspNetCore.Mvc.Infrastructure.ControllerActionInvoker.<InvokeNextActionFilterAsync>g__Awaited|10_0(ControllerActionInvoker invoker, Task lastTask, State next, Scope scope, Object state, Boolean isCompleted)
   at Microsoft.AspNetCore.Mvc.Infrastructure.ControllerActionInvoker.Rethrow(ActionExecutedContextSealed context)
   at Microsoft.AspNetCore.Mvc.Infrastructure.ControllerActionInvoker.Next(State& next, Scope& scope, Object& state, Boolean& isCompleted)
   at Microsoft.AspNetCore.Mvc.Infrastructure.ControllerActionInvoker.<InvokeInnerFilterAsync>g__Awaited|13_0(ControllerActionInvoker invoker, Task lastTask, State next, Scope scope, Object state, Boolean isCompleted)
   at Microsoft.AspNetCore.Mvc.Infrastructure.ResourceInvoker.<InvokeNextExceptionFilterAsync>g__Awaited|25_0(ResourceInvoker invoker, Task lastTask, State next, Scope scope, Object state, Boolean isCompleted)
 |url: http://localhost/TerManage/Parts/SaveFormJson|action: SaveFormJson
2020-08-13 16:27:19.8129||DEBUG||程序启动 |ContentRootPath:E:\资料\私人项目\2020_08\YiShaAdmin-master\YiSha.Web\YiSha.Admin.Web |WebRootPath:E:\资料\私人项目\2020_08\YiShaAdmin-master\YiSha.Web\YiSha.Admin.Web\wwwroot |IsDevelopment:True |url: |action: 
2020-08-13 16:29:15.3338||ERROR||An error occurred while updating the entries. See the inner exception for details.
Out of range value for column 'Id' at row 1
   at Microsoft.EntityFrameworkCore.Update.ReaderModificationCommandBatch.ExecuteAsync(IRelationalConnection connection, CancellationToken cancellationToken)
   at Microsoft.EntityFrameworkCore.Update.Internal.BatchExecutor.ExecuteAsync(IEnumerable`1 commandBatches, IRelationalConnection connection, CancellationToken cancellationToken)
   at Microsoft.EntityFrameworkCore.Update.Internal.BatchExecutor.ExecuteAsync(IEnumerable`1 commandBatches, IRelationalConnection connection, CancellationToken cancellationToken)
   at Microsoft.EntityFrameworkCore.ChangeTracking.Internal.StateManager.SaveChangesAsync(IList`1 entriesToSave, CancellationToken cancellationToken)
   at Microsoft.EntityFrameworkCore.ChangeTracking.Internal.StateManager.SaveChangesAsync(DbContext _, Boolean acceptAllChangesOnSuccess, CancellationToken cancellationToken)
   at Pomelo.EntityFrameworkCore.MySql.Storage.Internal.MySqlExecutionStrategy.ExecuteAsync[TState,TResult](TState state, Func`4 operation, Func`4 verifySucceeded, CancellationToken cancellationToken)
   at Microsoft.EntityFrameworkCore.DbContext.SaveChangesAsync(Boolean acceptAllChangesOnSuccess, CancellationToken cancellationToken)
   at YiSha.Data.EF.MySqlDatabase.CommitTrans() in E:\资料\私人项目\2020_08\YiShaAdmin-master\YiSha.Data\YiSha.Data.EF\Database\MySqlDatabase.cs:line 65
   at YiSha.Data.EF.MySqlDatabase.CommitTrans() in E:\资料\私人项目\2020_08\YiShaAdmin-master\YiSha.Data\YiSha.Data.EF\Database\MySqlDatabase.cs:line 87
   at YiSha.Data.EF.MySqlDatabase.Insert[T](T entity) in E:\资料\私人项目\2020_08\YiShaAdmin-master\YiSha.Data\YiSha.Data.EF\Database\MySqlDatabase.cs:line 162
   at YiSha.Data.Repository.Repository.Insert[T](T entity) in E:\资料\私人项目\2020_08\YiShaAdmin-master\YiSha.Data\YiSha.Data.Repository\Repository.cs:line 69
   at YiSha.Service.TerManage.PartsService.SaveForm(PartsEntity entity) in E:\资料\私人项目\2020_08\YiShaAdmin-master\YiSha.Business\YiSha.Service\TerManage\PartsService.cs:line 52
   at YiSha.Business.TerManage.PartsBLL.SaveForm(PartsEntity entity) in E:\资料\私人项目\2020_08\YiShaAdmin-master\YiSha.Business\YiSha.Business\TerManage\PartsBLL.cs:line 58
   at YiSha.Admin.Web.Areas.TerManage.Controllers.PartsController.SaveFormJson(PartsEntity entity) in E:\资料\私人项目\2020_08\YiShaAdmin-master\YiSha.Web\YiSha.Admin.Web\Areas\TerManage\Controllers\PartsController.cs:line 71
   at lambda_method(Closure , Object )
   at Microsoft.Extensions.Internal.ObjectMethodExecutorAwaitable.Awaiter.GetResult()
   at Microsoft.AspNetCore.Mvc.Infrastructure.ActionMethodExecutor.TaskOfActionResultExecutor.Execute(IActionResultTypeMapper mapper, ObjectMethodExecutor executor, Object controller, Object[] arguments)
   at Microsoft.AspNetCore.Mvc.Infrastructure.ControllerActionInvoker.<InvokeActionMethodAsync>g__Awaited|12_0(ControllerActionInvoker invoker, ValueTask`1 actionResultValueTask)
   at Microsoft.AspNetCore.Mvc.Infrastructure.ControllerActionInvoker.<InvokeNextActionFilterAsync>g__Awaited|10_0(ControllerActionInvoker invoker, Task lastTask, State next, Scope scope, Object state, Boolean isCompleted)
   at Microsoft.AspNetCore.Mvc.Infrastructure.ControllerActionInvoker.Rethrow(ActionExecutedContextSealed context)
   at Microsoft.AspNetCore.Mvc.Infrastructure.ControllerActionInvoker.Next(State& next, Scope& scope, Object& state, Boolean& isCompleted)
   at Microsoft.AspNetCore.Mvc.Infrastructure.ControllerActionInvoker.<InvokeInnerFilterAsync>g__Awaited|13_0(ControllerActionInvoker invoker, Task lastTask, State next, Scope scope, Object state, Boolean isCompleted)
   at Microsoft.AspNetCore.Mvc.Infrastructure.ResourceInvoker.<InvokeNextExceptionFilterAsync>g__Awaited|25_0(ResourceInvoker invoker, Task lastTask, State next, Scope scope, Object state, Boolean isCompleted)
 |url: http://localhost/TerManage/Parts/SaveFormJson|action: SaveFormJson
2020-08-13 16:33:38.8076||ERROR||An error occurred while updating the entries. See the inner exception for details.
Out of range value for column 'Id' at row 1
   at Microsoft.EntityFrameworkCore.Update.ReaderModificationCommandBatch.ExecuteAsync(IRelationalConnection connection, CancellationToken cancellationToken)
   at Microsoft.EntityFrameworkCore.Update.Internal.BatchExecutor.ExecuteAsync(IEnumerable`1 commandBatches, IRelationalConnection connection, CancellationToken cancellationToken)
   at Microsoft.EntityFrameworkCore.Update.Internal.BatchExecutor.ExecuteAsync(IEnumerable`1 commandBatches, IRelationalConnection connection, CancellationToken cancellationToken)
   at Microsoft.EntityFrameworkCore.ChangeTracking.Internal.StateManager.SaveChangesAsync(IList`1 entriesToSave, CancellationToken cancellationToken)
   at Microsoft.EntityFrameworkCore.ChangeTracking.Internal.StateManager.SaveChangesAsync(DbContext _, Boolean acceptAllChangesOnSuccess, CancellationToken cancellationToken)
   at Pomelo.EntityFrameworkCore.MySql.Storage.Internal.MySqlExecutionStrategy.ExecuteAsync[TState,TResult](TState state, Func`4 operation, Func`4 verifySucceeded, CancellationToken cancellationToken)
   at Microsoft.EntityFrameworkCore.DbContext.SaveChangesAsync(Boolean acceptAllChangesOnSuccess, CancellationToken cancellationToken)
   at YiSha.Data.EF.MySqlDatabase.CommitTrans() in E:\资料\私人项目\2020_08\YiShaAdmin-master\YiSha.Data\YiSha.Data.EF\Database\MySqlDatabase.cs:line 65
   at YiSha.Data.EF.MySqlDatabase.CommitTrans() in E:\资料\私人项目\2020_08\YiShaAdmin-master\YiSha.Data\YiSha.Data.EF\Database\MySqlDatabase.cs:line 87
   at YiSha.Data.EF.MySqlDatabase.Insert[T](T entity) in E:\资料\私人项目\2020_08\YiShaAdmin-master\YiSha.Data\YiSha.Data.EF\Database\MySqlDatabase.cs:line 162
   at YiSha.Data.Repository.Repository.Insert[T](T entity) in E:\资料\私人项目\2020_08\YiShaAdmin-master\YiSha.Data\YiSha.Data.Repository\Repository.cs:line 69
   at YiSha.Service.TerManage.PartsService.SaveForm(PartsEntity entity) in E:\资料\私人项目\2020_08\YiShaAdmin-master\YiSha.Business\YiSha.Service\TerManage\PartsService.cs:line 52
   at YiSha.Business.TerManage.PartsBLL.SaveForm(PartsEntity entity) in E:\资料\私人项目\2020_08\YiShaAdmin-master\YiSha.Business\YiSha.Business\TerManage\PartsBLL.cs:line 58
   at YiSha.Admin.Web.Areas.TerManage.Controllers.PartsController.SaveFormJson(PartsEntity entity) in E:\资料\私人项目\2020_08\YiShaAdmin-master\YiSha.Web\YiSha.Admin.Web\Areas\TerManage\Controllers\PartsController.cs:line 71
   at lambda_method(Closure , Object )
   at Microsoft.Extensions.Internal.ObjectMethodExecutorAwaitable.Awaiter.GetResult()
   at Microsoft.AspNetCore.Mvc.Infrastructure.ActionMethodExecutor.TaskOfActionResultExecutor.Execute(IActionResultTypeMapper mapper, ObjectMethodExecutor executor, Object controller, Object[] arguments)
   at Microsoft.AspNetCore.Mvc.Infrastructure.ControllerActionInvoker.<InvokeActionMethodAsync>g__Awaited|12_0(ControllerActionInvoker invoker, ValueTask`1 actionResultValueTask)
   at Microsoft.AspNetCore.Mvc.Infrastructure.ControllerActionInvoker.<InvokeNextActionFilterAsync>g__Awaited|10_0(ControllerActionInvoker invoker, Task lastTask, State next, Scope scope, Object state, Boolean isCompleted)
   at Microsoft.AspNetCore.Mvc.Infrastructure.ControllerActionInvoker.Rethrow(ActionExecutedContextSealed context)
   at Microsoft.AspNetCore.Mvc.Infrastructure.ControllerActionInvoker.Next(State& next, Scope& scope, Object& state, Boolean& isCompleted)
   at Microsoft.AspNetCore.Mvc.Infrastructure.ControllerActionInvoker.<InvokeInnerFilterAsync>g__Awaited|13_0(ControllerActionInvoker invoker, Task lastTask, State next, Scope scope, Object state, Boolean isCompleted)
   at Microsoft.AspNetCore.Mvc.Infrastructure.ResourceInvoker.<InvokeNextExceptionFilterAsync>g__Awaited|25_0(ResourceInvoker invoker, Task lastTask, State next, Scope scope, Object state, Boolean isCompleted)
 |url: http://localhost/TerManage/Parts/SaveFormJson|action: SaveFormJson
2020-08-13 16:33:49.9549||ERROR||An error occurred while updating the entries. See the inner exception for details.
Out of range value for column 'Id' at row 1
   at Microsoft.EntityFrameworkCore.Update.ReaderModificationCommandBatch.ExecuteAsync(IRelationalConnection connection, CancellationToken cancellationToken)
   at Microsoft.EntityFrameworkCore.Update.Internal.BatchExecutor.ExecuteAsync(IEnumerable`1 commandBatches, IRelationalConnection connection, CancellationToken cancellationToken)
   at Microsoft.EntityFrameworkCore.Update.Internal.BatchExecutor.ExecuteAsync(IEnumerable`1 commandBatches, IRelationalConnection connection, CancellationToken cancellationToken)
   at Microsoft.EntityFrameworkCore.ChangeTracking.Internal.StateManager.SaveChangesAsync(IList`1 entriesToSave, CancellationToken cancellationToken)
   at Microsoft.EntityFrameworkCore.ChangeTracking.Internal.StateManager.SaveChangesAsync(DbContext _, Boolean acceptAllChangesOnSuccess, CancellationToken cancellationToken)
   at Pomelo.EntityFrameworkCore.MySql.Storage.Internal.MySqlExecutionStrategy.ExecuteAsync[TState,TResult](TState state, Func`4 operation, Func`4 verifySucceeded, CancellationToken cancellationToken)
   at Microsoft.EntityFrameworkCore.DbContext.SaveChangesAsync(Boolean acceptAllChangesOnSuccess, CancellationToken cancellationToken)
   at YiSha.Data.EF.MySqlDatabase.CommitTrans() in E:\资料\私人项目\2020_08\YiShaAdmin-master\YiSha.Data\YiSha.Data.EF\Database\MySqlDatabase.cs:line 65
   at YiSha.Data.EF.MySqlDatabase.CommitTrans() in E:\资料\私人项目\2020_08\YiShaAdmin-master\YiSha.Data\YiSha.Data.EF\Database\MySqlDatabase.cs:line 87
   at YiSha.Data.EF.MySqlDatabase.Insert[T](T entity) in E:\资料\私人项目\2020_08\YiShaAdmin-master\YiSha.Data\YiSha.Data.EF\Database\MySqlDatabase.cs:line 162
   at YiSha.Data.Repository.Repository.Insert[T](T entity) in E:\资料\私人项目\2020_08\YiShaAdmin-master\YiSha.Data\YiSha.Data.Repository\Repository.cs:line 69
   at YiSha.Service.TerManage.PartsService.SaveForm(PartsEntity entity) in E:\资料\私人项目\2020_08\YiShaAdmin-master\YiSha.Business\YiSha.Service\TerManage\PartsService.cs:line 52
   at YiSha.Business.TerManage.PartsBLL.SaveForm(PartsEntity entity) in E:\资料\私人项目\2020_08\YiShaAdmin-master\YiSha.Business\YiSha.Business\TerManage\PartsBLL.cs:line 58
   at YiSha.Admin.Web.Areas.TerManage.Controllers.PartsController.SaveFormJson(PartsEntity entity) in E:\资料\私人项目\2020_08\YiShaAdmin-master\YiSha.Web\YiSha.Admin.Web\Areas\TerManage\Controllers\PartsController.cs:line 71
   at lambda_method(Closure , Object )
   at Microsoft.Extensions.Internal.ObjectMethodExecutorAwaitable.Awaiter.GetResult()
   at Microsoft.AspNetCore.Mvc.Infrastructure.ActionMethodExecutor.TaskOfActionResultExecutor.Execute(IActionResultTypeMapper mapper, ObjectMethodExecutor executor, Object controller, Object[] arguments)
   at Microsoft.AspNetCore.Mvc.Infrastructure.ControllerActionInvoker.<InvokeActionMethodAsync>g__Awaited|12_0(ControllerActionInvoker invoker, ValueTask`1 actionResultValueTask)
   at Microsoft.AspNetCore.Mvc.Infrastructure.ControllerActionInvoker.<InvokeNextActionFilterAsync>g__Awaited|10_0(ControllerActionInvoker invoker, Task lastTask, State next, Scope scope, Object state, Boolean isCompleted)
   at Microsoft.AspNetCore.Mvc.Infrastructure.ControllerActionInvoker.Rethrow(ActionExecutedContextSealed context)
   at Microsoft.AspNetCore.Mvc.Infrastructure.ControllerActionInvoker.Next(State& next, Scope& scope, Object& state, Boolean& isCompleted)
   at Microsoft.AspNetCore.Mvc.Infrastructure.ControllerActionInvoker.<InvokeInnerFilterAsync>g__Awaited|13_0(ControllerActionInvoker invoker, Task lastTask, State next, Scope scope, Object state, Boolean isCompleted)
   at Microsoft.AspNetCore.Mvc.Infrastructure.ResourceInvoker.<InvokeNextExceptionFilterAsync>g__Awaited|25_0(ResourceInvoker invoker, Task lastTask, State next, Scope scope, Object state, Boolean isCompleted)
 |url: http://localhost/TerManage/Parts/SaveFormJson|action: SaveFormJson
2020-08-13 16:35:40.1443||DEBUG||程序启动 |ContentRootPath:E:\资料\私人项目\2020_08\YiShaAdmin-master\YiSha.Web\YiSha.Admin.Web |WebRootPath:E:\资料\私人项目\2020_08\YiShaAdmin-master\YiSha.Web\YiSha.Admin.Web\wwwroot |IsDevelopment:True |url: |action: 
2020-08-13 16:36:37.2109||DEBUG||程序启动 |ContentRootPath:E:\资料\私人项目\2020_08\YiShaAdmin-master\YiSha.Web\YiSha.Admin.Web |WebRootPath:E:\资料\私人项目\2020_08\YiShaAdmin-master\YiSha.Web\YiSha.Admin.Web\wwwroot |IsDevelopment:True |url: |action: 
2020-08-13 16:37:39.6187||DEBUG||程序启动 |ContentRootPath:E:\资料\私人项目\2020_08\YiShaAdmin-master\YiSha.Web\YiSha.Admin.Web |WebRootPath:E:\资料\私人项目\2020_08\YiShaAdmin-master\YiSha.Web\YiSha.Admin.Web\wwwroot |IsDevelopment:True |url: |action: 
2020-08-13 16:48:55.6977||DEBUG||程序启动 |ContentRootPath:E:\资料\私人项目\2020_08\YiShaAdmin-master\YiSha.Web\YiSha.Admin.Web |WebRootPath:E:\资料\私人项目\2020_08\YiShaAdmin-master\YiSha.Web\YiSha.Admin.Web\wwwroot |IsDevelopment:True |url: |action: 
2020-08-13 17:36:32.2332||ERROR||'GBK' is not a supported encoding name. For information on defining a custom encoding, see the documentation for the Encoding.RegisterProvider method. (Parameter 'name')
   at System.Text.EncodingTable.InternalGetCodePageFromName(String name)
   at System.Text.EncodingTable.GetCodePageFromName(String name)
   at System.Text.Encoding.GetEncoding(String name)
   at YiSha.Util.HttpHelper.GetHttpRequestData(HttpItem objhttpitem) in E:\资料\私人项目\2020_08\YiShaAdmin-master\YiSha.Util\YiSha.Util\HttpHelper.cs:line 223
   at YiSha.Util.HttpHelper.GetHtml(HttpItem httpItem) in E:\资料\私人项目\2020_08\YiShaAdmin-master\YiSha.Util\YiSha.Util\HttpHelper.cs:line 463
   at YiSha.Util.IpLocationHelper.GetIpLocationFromPCOnline(String ipAddress) in E:\资料\私人项目\2020_08\YiShaAdmin-master\YiSha.Util\YiSha.Util\IpLocationHelper.cs:line 54
   at YiSha.Util.IpLocationHelper.GetIpLocation(String ipAddress) in E:\资料\私人项目\2020_08\YiShaAdmin-master\YiSha.Util\YiSha.Util\IpLocationHelper.cs:line 22
 |url: http://localhost/ToolManage/Server/GetServerIpJson|action: GetServerIpJson
2020-08-13 17:36:34.5984||ERROR||系统找不到指定的文件。
   at System.Diagnostics.Process.StartWithCreateProcess(ProcessStartInfo startInfo)
   at System.Diagnostics.Process.Start()
   at System.Diagnostics.Process.Start(ProcessStartInfo startInfo)
   at YiSha.Util.ShellHelper.Cmd(String fileName, String args) in E:\资料\私人项目\2020_08\YiShaAdmin-master\YiSha.Util\YiSha.Util\ShellHelper.cs:line 40
   at YiSha.Util.MemoryMetricsClient.GetWindowsMetrics() in E:\资料\私人项目\2020_08\YiShaAdmin-master\YiSha.Util\YiSha.Util\ComputerHelper.cs:line 104
   at YiSha.Util.MemoryMetricsClient.GetMetrics() in E:\资料\私人项目\2020_08\YiShaAdmin-master\YiSha.Util\YiSha.Util\ComputerHelper.cs:line 99
   at YiSha.Util.ComputerHelper.GetComputerInfo() in E:\资料\私人项目\2020_08\YiShaAdmin-master\YiSha.Util\YiSha.Util\ComputerHelper.cs:line 20
 |url: http://localhost/ToolManage/Server/GetServerJson|action: GetServerJson
2020-08-13 17:36:37.5802||ERROR||系统找不到指定的文件。
   at System.Diagnostics.Process.StartWithCreateProcess(ProcessStartInfo startInfo)
   at System.Diagnostics.Process.Start()
   at System.Diagnostics.Process.Start(ProcessStartInfo startInfo)
   at YiSha.Util.ShellHelper.Cmd(String fileName, String args) in E:\资料\私人项目\2020_08\YiShaAdmin-master\YiSha.Util\YiSha.Util\ShellHelper.cs:line 40
   at YiSha.Util.MemoryMetricsClient.GetWindowsMetrics() in E:\资料\私人项目\2020_08\YiShaAdmin-master\YiSha.Util\YiSha.Util\ComputerHelper.cs:line 104
   at YiSha.Util.MemoryMetricsClient.GetMetrics() in E:\资料\私人项目\2020_08\YiShaAdmin-master\YiSha.Util\YiSha.Util\ComputerHelper.cs:line 99
   at YiSha.Util.ComputerHelper.GetComputerInfo() in E:\资料\私人项目\2020_08\YiShaAdmin-master\YiSha.Util\YiSha.Util\ComputerHelper.cs:line 20
 |url: http://localhost/ToolManage/Server/GetServerJson|action: GetServerJson
2020-08-13 20:51:19.6478||DEBUG||程序启动 |ContentRootPath:E:\资料\私人项目\2020_08\YiShaAdmin-master\YiSha.Web\YiSha.Admin.Web |WebRootPath:E:\资料\私人项目\2020_08\YiShaAdmin-master\YiSha.Web\YiSha.Admin.Web\wwwroot |IsDevelopment:True |url: |action: 
