2020-09-09 11:35:24.0487||DEBUG||程序启动 |ContentRootPath:E:\资料\私人项目\2020_08\code\YiShaAdmin-master\YiSha.Web\YiSha.Admin.Web |WebRootPath:E:\资料\私人项目\2020_08\code\YiShaAdmin-master\YiSha.Web\YiSha.Admin.Web\wwwroot |IsDevelopment:True |url: |action: 
2020-09-09 11:43:45.9553||DEBUG||程序启动 |ContentRootPath:E:\资料\私人项目\2020_08\code\YiShaAdmin-master\YiSha.Web\YiSha.Admin.Web |WebRootPath:E:\资料\私人项目\2020_08\code\YiShaAdmin-master\YiSha.Web\YiSha.Admin.Web\wwwroot |IsDevelopment:True |url: |action: 
2020-09-09 11:43:51.7632||ERROR||'GBK' is not a supported encoding name. For information on defining a custom encoding, see the documentation for the Encoding.RegisterProvider method. (Parameter 'name')
   at System.Text.EncodingTable.InternalGetCodePageFromName(String name)
   at System.Text.EncodingTable.GetCodePageFromName(String name)
   at System.Text.Encoding.GetEncoding(String name)
   at YiSha.Util.HttpHelper.GetHttpRequestData(HttpItem objhttpitem) in E:\资料\私人项目\2020_08\code\YiShaAdmin-master\YiSha.Util\YiSha.Util\HttpHelper.cs:line 223
   at YiSha.Util.HttpHelper.GetHtml(HttpItem httpItem) in E:\资料\私人项目\2020_08\code\YiShaAdmin-master\YiSha.Util\YiSha.Util\HttpHelper.cs:line 463
   at YiSha.Util.IpLocationHelper.GetIpLocationFromPCOnline(String ipAddress) in E:\资料\私人项目\2020_08\code\YiShaAdmin-master\YiSha.Util\YiSha.Util\IpLocationHelper.cs:line 54
   at YiSha.Util.IpLocationHelper.GetIpLocation(String ipAddress) in E:\资料\私人项目\2020_08\code\YiShaAdmin-master\YiSha.Util\YiSha.Util\IpLocationHelper.cs:line 22
 |url: http://localhost/ToolManage/Server/GetServerIpJson|action: GetServerIpJson
2020-09-09 14:13:58.2953||DEBUG||程序启动 |ContentRootPath:E:\资料\私人项目\2020_08\code\YiShaAdmin-master\YiSha.Web\YiSha.Admin.Web |WebRootPath:E:\资料\私人项目\2020_08\code\YiShaAdmin-master\YiSha.Web\YiSha.Admin.Web\wwwroot |IsDevelopment:True |url: |action: 
2020-09-09 14:14:58.4564||DEBUG||程序启动 |ContentRootPath:E:\资料\私人项目\2020_08\code\YiShaAdmin-master\YiSha.Web\YiSha.Admin.Web |WebRootPath:E:\资料\私人项目\2020_08\code\YiShaAdmin-master\YiSha.Web\YiSha.Admin.Web\wwwroot |IsDevelopment:True |url: |action: 
2020-09-09 14:16:10.6393||DEBUG||程序启动 |ContentRootPath:E:\资料\私人项目\2020_08\code\YiShaAdmin-master\YiSha.Web\YiSha.Admin.Web |WebRootPath:E:\资料\私人项目\2020_08\code\YiShaAdmin-master\YiSha.Web\YiSha.Admin.Web\wwwroot |IsDevelopment:True |url: |action: 
2020-09-09 14:17:38.0656||DEBUG||程序启动 |ContentRootPath:E:\资料\私人项目\2020_08\code\YiShaAdmin-master\YiSha.Web\YiSha.Admin.Web |WebRootPath:E:\资料\私人项目\2020_08\code\YiShaAdmin-master\YiSha.Web\YiSha.Admin.Web\wwwroot |IsDevelopment:True |url: |action: 
2020-09-09 14:17:54.4044||DEBUG||程序启动 |ContentRootPath:E:\资料\私人项目\2020_08\code\YiShaAdmin-master\YiSha.Web\YiSha.Admin.Web |WebRootPath:E:\资料\私人项目\2020_08\code\YiShaAdmin-master\YiSha.Web\YiSha.Admin.Web\wwwroot |IsDevelopment:True |url: |action: 
2020-09-09 14:18:12.3172||DEBUG||程序启动 |ContentRootPath:E:\资料\私人项目\2020_08\code\YiShaAdmin-master\YiSha.Web\YiSha.Admin.Web |WebRootPath:E:\资料\私人项目\2020_08\code\YiShaAdmin-master\YiSha.Web\YiSha.Admin.Web\wwwroot |IsDevelopment:True |url: |action: 
2020-09-09 14:33:29.8421||DEBUG||程序启动 |ContentRootPath:E:\资料\私人项目\2020_08\code\YiShaAdmin-master\YiSha.Web\YiSha.Admin.Web |WebRootPath:E:\资料\私人项目\2020_08\code\YiShaAdmin-master\YiSha.Web\YiSha.Admin.Web\wwwroot |IsDevelopment:True |url: |action: 
2020-09-09 14:33:50.6262||DEBUG||程序启动 |ContentRootPath:E:\资料\私人项目\2020_08\code\YiShaAdmin-master\YiSha.Web\YiSha.Admin.Web |WebRootPath:E:\资料\私人项目\2020_08\code\YiShaAdmin-master\YiSha.Web\YiSha.Admin.Web\wwwroot |IsDevelopment:True |url: |action: 
2020-09-09 14:34:42.6977||DEBUG||程序启动 |ContentRootPath:E:\资料\私人项目\2020_08\code\YiShaAdmin-master\YiSha.Web\YiSha.Admin.Web |WebRootPath:E:\资料\私人项目\2020_08\code\YiShaAdmin-master\YiSha.Web\YiSha.Admin.Web\wwwroot |IsDevelopment:True |url: |action: 
2020-09-09 14:34:56.1098||DEBUG||程序启动 |ContentRootPath:E:\资料\私人项目\2020_08\code\YiShaAdmin-master\YiSha.Web\YiSha.Admin.Web |WebRootPath:E:\资料\私人项目\2020_08\code\YiShaAdmin-master\YiSha.Web\YiSha.Admin.Web\wwwroot |IsDevelopment:True |url: |action: 
2020-09-09 14:35:37.1462||DEBUG||程序启动 |ContentRootPath:E:\资料\私人项目\2020_08\code\YiShaAdmin-master\YiSha.Web\YiSha.Admin.Web |WebRootPath:E:\资料\私人项目\2020_08\code\YiShaAdmin-master\YiSha.Web\YiSha.Admin.Web\wwwroot |IsDevelopment:True |url: |action: 
2020-09-09 14:37:08.2945||DEBUG||程序启动 |ContentRootPath:E:\资料\私人项目\2020_08\code\YiShaAdmin-master\YiSha.Web\YiSha.Admin.Web |WebRootPath:E:\资料\私人项目\2020_08\code\YiShaAdmin-master\YiSha.Web\YiSha.Admin.Web\wwwroot |IsDevelopment:True |url: |action: 
2020-09-09 14:37:26.4645||DEBUG||程序启动 |ContentRootPath:E:\资料\私人项目\2020_08\code\YiShaAdmin-master\YiSha.Web\YiSha.Admin.Web |WebRootPath:E:\资料\私人项目\2020_08\code\YiShaAdmin-master\YiSha.Web\YiSha.Admin.Web\wwwroot |IsDevelopment:True |url: |action: 
2020-09-09 14:38:34.2369||DEBUG||程序启动 |ContentRootPath:E:\资料\私人项目\2020_08\code\YiShaAdmin-master\YiSha.Web\YiSha.Admin.Web |WebRootPath:E:\资料\私人项目\2020_08\code\YiShaAdmin-master\YiSha.Web\YiSha.Admin.Web\wwwroot |IsDevelopment:True |url: |action: 
2020-09-09 14:39:14.7500||DEBUG||程序启动 |ContentRootPath:E:\资料\私人项目\2020_08\code\YiShaAdmin-master\YiSha.Web\YiSha.Admin.Web |WebRootPath:E:\资料\私人项目\2020_08\code\YiShaAdmin-master\YiSha.Web\YiSha.Admin.Web\wwwroot |IsDevelopment:True |url: |action: 
2020-09-09 14:40:18.6086||DEBUG||程序启动 |ContentRootPath:E:\资料\私人项目\2020_08\code\YiShaAdmin-master\YiSha.Web\YiSha.Admin.Web |WebRootPath:E:\资料\私人项目\2020_08\code\YiShaAdmin-master\YiSha.Web\YiSha.Admin.Web\wwwroot |IsDevelopment:True |url: |action: 
2020-09-09 14:42:13.3499||DEBUG||程序启动 |ContentRootPath:E:\资料\私人项目\2020_08\code\YiShaAdmin-master\YiSha.Web\YiSha.Admin.Web |WebRootPath:E:\资料\私人项目\2020_08\code\YiShaAdmin-master\YiSha.Web\YiSha.Admin.Web\wwwroot |IsDevelopment:True |url: |action: 
2020-09-09 14:42:50.0505||DEBUG||程序启动 |ContentRootPath:E:\资料\私人项目\2020_08\code\YiShaAdmin-master\YiSha.Web\YiSha.Admin.Web |WebRootPath:E:\资料\私人项目\2020_08\code\YiShaAdmin-master\YiSha.Web\YiSha.Admin.Web\wwwroot |IsDevelopment:True |url: |action: 
2020-09-09 14:43:06.5068||DEBUG||程序启动 |ContentRootPath:E:\资料\私人项目\2020_08\code\YiShaAdmin-master\YiSha.Web\YiSha.Admin.Web |WebRootPath:E:\资料\私人项目\2020_08\code\YiShaAdmin-master\YiSha.Web\YiSha.Admin.Web\wwwroot |IsDevelopment:True |url: |action: 
2020-09-09 14:46:30.5426||DEBUG||程序启动 |ContentRootPath:E:\资料\私人项目\2020_08\code\YiShaAdmin-master\YiSha.Web\YiSha.Admin.Web |WebRootPath:E:\资料\私人项目\2020_08\code\YiShaAdmin-master\YiSha.Web\YiSha.Admin.Web\wwwroot |IsDevelopment:True |url: |action: 
2020-09-09 14:47:44.5292||DEBUG||程序启动 |ContentRootPath:E:\资料\私人项目\2020_08\code\YiShaAdmin-master\YiSha.Web\YiSha.Admin.Web |WebRootPath:E:\资料\私人项目\2020_08\code\YiShaAdmin-master\YiSha.Web\YiSha.Admin.Web\wwwroot |IsDevelopment:True |url: |action: 
2020-09-09 14:49:00.3651||DEBUG||程序启动 |ContentRootPath:E:\资料\私人项目\2020_08\code\YiShaAdmin-master\YiSha.Web\YiSha.Admin.Web |WebRootPath:E:\资料\私人项目\2020_08\code\YiShaAdmin-master\YiSha.Web\YiSha.Admin.Web\wwwroot |IsDevelopment:True |url: |action: 
2020-09-09 14:53:01.4313||DEBUG||程序启动 |ContentRootPath:E:\资料\私人项目\2020_08\code\YiShaAdmin-master\YiSha.Web\YiSha.Admin.Web |WebRootPath:E:\资料\私人项目\2020_08\code\YiShaAdmin-master\YiSha.Web\YiSha.Admin.Web\wwwroot |IsDevelopment:True |url: |action: 
2020-09-09 15:02:01.0734||DEBUG||程序启动 |ContentRootPath:E:\资料\私人项目\2020_08\code\YiShaAdmin-master\YiSha.Web\YiSha.Admin.Web |WebRootPath:E:\资料\私人项目\2020_08\code\YiShaAdmin-master\YiSha.Web\YiSha.Admin.Web\wwwroot |IsDevelopment:True |url: |action: 
2020-09-09 15:02:18.8771||DEBUG||程序启动 |ContentRootPath:E:\资料\私人项目\2020_08\code\YiShaAdmin-master\YiSha.Web\YiSha.Admin.Web |WebRootPath:E:\资料\私人项目\2020_08\code\YiShaAdmin-master\YiSha.Web\YiSha.Admin.Web\wwwroot |IsDevelopment:True |url: |action: 
2020-09-09 15:03:01.0427||DEBUG||程序启动 |ContentRootPath:E:\资料\私人项目\2020_08\code\YiShaAdmin-master\YiSha.Web\YiSha.Admin.Web |WebRootPath:E:\资料\私人项目\2020_08\code\YiShaAdmin-master\YiSha.Web\YiSha.Admin.Web\wwwroot |IsDevelopment:True |url: |action: 
2020-09-09 15:07:30.8807||DEBUG||程序启动 |ContentRootPath:E:\资料\私人项目\2020_08\code\YiShaAdmin-master\YiSha.Web\YiSha.Admin.Web |WebRootPath:E:\资料\私人项目\2020_08\code\YiShaAdmin-master\YiSha.Web\YiSha.Admin.Web\wwwroot |IsDevelopment:True |url: |action: 
2020-09-09 15:08:09.8652||DEBUG||程序启动 |ContentRootPath:E:\资料\私人项目\2020_08\code\YiShaAdmin-master\YiSha.Web\YiSha.Admin.Web |WebRootPath:E:\资料\私人项目\2020_08\code\YiShaAdmin-master\YiSha.Web\YiSha.Admin.Web\wwwroot |IsDevelopment:True |url: |action: 
2020-09-09 15:11:14.5526||DEBUG||程序启动 |ContentRootPath:E:\资料\私人项目\2020_08\code\YiShaAdmin-master\YiSha.Web\YiSha.Admin.Web |WebRootPath:E:\资料\私人项目\2020_08\code\YiShaAdmin-master\YiSha.Web\YiSha.Admin.Web\wwwroot |IsDevelopment:True |url: |action: 
2020-09-09 15:13:34.7318||DEBUG||程序启动 |ContentRootPath:E:\资料\私人项目\2020_08\code\YiShaAdmin-master\YiSha.Web\YiSha.Admin.Web |WebRootPath:E:\资料\私人项目\2020_08\code\YiShaAdmin-master\YiSha.Web\YiSha.Admin.Web\wwwroot |IsDevelopment:True |url: |action: 
2020-09-09 15:14:27.4773||DEBUG||程序启动 |ContentRootPath:E:\资料\私人项目\2020_08\code\YiShaAdmin-master\YiSha.Web\YiSha.Admin.Web |WebRootPath:E:\资料\私人项目\2020_08\code\YiShaAdmin-master\YiSha.Web\YiSha.Admin.Web\wwwroot |IsDevelopment:True |url: |action: 
2020-09-09 15:15:11.9196||DEBUG||程序启动 |ContentRootPath:E:\资料\私人项目\2020_08\code\YiShaAdmin-master\YiSha.Web\YiSha.Admin.Web |WebRootPath:E:\资料\私人项目\2020_08\code\YiShaAdmin-master\YiSha.Web\YiSha.Admin.Web\wwwroot |IsDevelopment:True |url: |action: 
2020-09-09 15:15:21.9915||DEBUG||程序启动 |ContentRootPath:E:\资料\私人项目\2020_08\code\YiShaAdmin-master\YiSha.Web\YiSha.Admin.Web |WebRootPath:E:\资料\私人项目\2020_08\code\YiShaAdmin-master\YiSha.Web\YiSha.Admin.Web\wwwroot |IsDevelopment:True |url: |action: 
2020-09-09 15:15:41.0526||DEBUG||程序启动 |ContentRootPath:E:\资料\私人项目\2020_08\code\YiShaAdmin-master\YiSha.Web\YiSha.Admin.Web |WebRootPath:E:\资料\私人项目\2020_08\code\YiShaAdmin-master\YiSha.Web\YiSha.Admin.Web\wwwroot |IsDevelopment:True |url: |action: 
2020-09-09 15:28:44.8751||DEBUG||程序启动 |ContentRootPath:E:\资料\私人项目\2020_08\code\YiShaAdmin-master\YiSha.Web\YiSha.Admin.Web |WebRootPath:E:\资料\私人项目\2020_08\code\YiShaAdmin-master\YiSha.Web\YiSha.Admin.Web\wwwroot |IsDevelopment:True |url: |action: 
2020-09-09 15:33:57.3672|1|ERROR|Microsoft.AspNetCore.Diagnostics.DeveloperExceptionPageMiddleware|An unhandled exception has occurred while executing the request. System.ArgumentException: The path in 'value' must start with '/'. (Parameter 'value')
   at Microsoft.AspNetCore.Http.PathString..ctor(String value)
   at Microsoft.AspNetCore.Mvc.Routing.UrlHelperBase.Content(String contentPath)
   at AspNetCore.Areas_OrderManage_Views_OrderMateriel_OrderMaterielIndex.ExecuteAsync() in E:\资料\私人项目\2020_08\code\YiShaAdmin-master\YiSha.Web\YiSha.Admin.Web\Areas\OrderManage\Views\OrderMateriel\OrderMaterielIndex.cshtml:line 132
   at Microsoft.AspNetCore.Mvc.Razor.RazorView.RenderPageCoreAsync(IRazorPage page, ViewContext context)
   at Microsoft.AspNetCore.Mvc.Razor.RazorView.RenderPageAsync(IRazorPage page, ViewContext context, Boolean invokeViewStarts)
   at Microsoft.AspNetCore.Mvc.Razor.RazorView.RenderAsync(ViewContext context)
   at Microsoft.AspNetCore.Mvc.ViewFeatures.ViewExecutor.ExecuteAsync(ViewContext viewContext, String contentType, Nullable`1 statusCode)
   at Microsoft.AspNetCore.Mvc.ViewFeatures.ViewExecutor.ExecuteAsync(ViewContext viewContext, String contentType, Nullable`1 statusCode)
   at Microsoft.AspNetCore.Mvc.ViewFeatures.ViewExecutor.ExecuteAsync(ActionContext actionContext, IView view, ViewDataDictionary viewData, ITempDataDictionary tempData, String contentType, Nullable`1 statusCode)
   at Microsoft.AspNetCore.Mvc.ViewFeatures.ViewResultExecutor.ExecuteAsync(ActionContext context, ViewResult result)
   at Microsoft.AspNetCore.Mvc.ViewResult.ExecuteResultAsync(ActionContext context)
   at Microsoft.AspNetCore.Mvc.Infrastructure.ResourceInvoker.<InvokeNextResultFilterAsync>g__Awaited|29_0[TFilter,TFilterAsync](ResourceInvoker invoker, Task lastTask, State next, Scope scope, Object state, Boolean isCompleted)
   at Microsoft.AspNetCore.Mvc.Infrastructure.ResourceInvoker.Rethrow(ResultExecutedContextSealed context)
   at Microsoft.AspNetCore.Mvc.Infrastructure.ResourceInvoker.ResultNext[TFilter,TFilterAsync](State& next, Scope& scope, Object& state, Boolean& isCompleted)
   at Microsoft.AspNetCore.Mvc.Infrastructure.ResourceInvoker.InvokeResultFilters()
--- End of stack trace from previous location where exception was thrown ---
   at Microsoft.AspNetCore.Mvc.Infrastructure.ResourceInvoker.<InvokeNextResourceFilter>g__Awaited|24_0(ResourceInvoker invoker, Task lastTask, State next, Scope scope, Object state, Boolean isCompleted)
   at Microsoft.AspNetCore.Mvc.Infrastructure.ResourceInvoker.Rethrow(ResourceExecutedContextSealed context)
   at Microsoft.AspNetCore.Mvc.Infrastructure.ResourceInvoker.Next(State& next, Scope& scope, Object& state, Boolean& isCompleted)
   at Microsoft.AspNetCore.Mvc.Infrastructure.ResourceInvoker.InvokeFilterPipelineAsync()
--- End of stack trace from previous location where exception was thrown ---
   at Microsoft.AspNetCore.Mvc.Infrastructure.ResourceInvoker.<InvokeAsync>g__Awaited|17_0(ResourceInvoker invoker, Task task, IDisposable scope)
   at Microsoft.AspNetCore.Routing.EndpointMiddleware.<Invoke>g__AwaitRequestTask|6_0(Endpoint endpoint, Task requestTask, ILogger logger)
   at Microsoft.AspNetCore.Session.SessionMiddleware.Invoke(HttpContext context)
   at Microsoft.AspNetCore.Session.SessionMiddleware.Invoke(HttpContext context)
   at Microsoft.AspNetCore.Diagnostics.DeveloperExceptionPageMiddleware.Invoke(HttpContext context)|url: http://localhost/OrderManage/OrderMateriel/OrderMaterielIndex|action: OrderMaterielIndex
2020-09-09 15:35:35.1839||DEBUG||程序启动 |ContentRootPath:E:\资料\私人项目\2020_08\code\YiShaAdmin-master\YiSha.Web\YiSha.Admin.Web |WebRootPath:E:\资料\私人项目\2020_08\code\YiShaAdmin-master\YiSha.Web\YiSha.Admin.Web\wwwroot |IsDevelopment:True |url: |action: 
2020-09-09 15:35:42.8270|1|ERROR|Microsoft.AspNetCore.Diagnostics.DeveloperExceptionPageMiddleware|An unhandled exception has occurred while executing the request. System.ArgumentException: The path in 'value' must start with '/'. (Parameter 'value')
   at Microsoft.AspNetCore.Http.PathString..ctor(String value)
   at Microsoft.AspNetCore.Mvc.Routing.UrlHelperBase.Content(String contentPath)
   at AspNetCore.Areas_OrderManage_Views_OrderMateriel_OrderMaterielIndex.ExecuteAsync() in E:\资料\私人项目\2020_08\code\YiShaAdmin-master\YiSha.Web\YiSha.Admin.Web\Areas\OrderManage\Views\OrderMateriel\OrderMaterielIndex.cshtml:line 132
   at Microsoft.AspNetCore.Mvc.Razor.RazorView.RenderPageCoreAsync(IRazorPage page, ViewContext context)
   at Microsoft.AspNetCore.Mvc.Razor.RazorView.RenderPageAsync(IRazorPage page, ViewContext context, Boolean invokeViewStarts)
   at Microsoft.AspNetCore.Mvc.Razor.RazorView.RenderAsync(ViewContext context)
   at Microsoft.AspNetCore.Mvc.ViewFeatures.ViewExecutor.ExecuteAsync(ViewContext viewContext, String contentType, Nullable`1 statusCode)
   at Microsoft.AspNetCore.Mvc.ViewFeatures.ViewExecutor.ExecuteAsync(ViewContext viewContext, String contentType, Nullable`1 statusCode)
   at Microsoft.AspNetCore.Mvc.ViewFeatures.ViewExecutor.ExecuteAsync(ActionContext actionContext, IView view, ViewDataDictionary viewData, ITempDataDictionary tempData, String contentType, Nullable`1 statusCode)
   at Microsoft.AspNetCore.Mvc.ViewFeatures.ViewResultExecutor.ExecuteAsync(ActionContext context, ViewResult result)
   at Microsoft.AspNetCore.Mvc.ViewResult.ExecuteResultAsync(ActionContext context)
   at Microsoft.AspNetCore.Mvc.Infrastructure.ResourceInvoker.<InvokeNextResultFilterAsync>g__Awaited|29_0[TFilter,TFilterAsync](ResourceInvoker invoker, Task lastTask, State next, Scope scope, Object state, Boolean isCompleted)
   at Microsoft.AspNetCore.Mvc.Infrastructure.ResourceInvoker.Rethrow(ResultExecutedContextSealed context)
   at Microsoft.AspNetCore.Mvc.Infrastructure.ResourceInvoker.ResultNext[TFilter,TFilterAsync](State& next, Scope& scope, Object& state, Boolean& isCompleted)
   at Microsoft.AspNetCore.Mvc.Infrastructure.ResourceInvoker.InvokeResultFilters()
--- End of stack trace from previous location where exception was thrown ---
   at Microsoft.AspNetCore.Mvc.Infrastructure.ResourceInvoker.<InvokeNextResourceFilter>g__Awaited|24_0(ResourceInvoker invoker, Task lastTask, State next, Scope scope, Object state, Boolean isCompleted)
   at Microsoft.AspNetCore.Mvc.Infrastructure.ResourceInvoker.Rethrow(ResourceExecutedContextSealed context)
   at Microsoft.AspNetCore.Mvc.Infrastructure.ResourceInvoker.Next(State& next, Scope& scope, Object& state, Boolean& isCompleted)
   at Microsoft.AspNetCore.Mvc.Infrastructure.ResourceInvoker.InvokeFilterPipelineAsync()
--- End of stack trace from previous location where exception was thrown ---
   at Microsoft.AspNetCore.Mvc.Infrastructure.ResourceInvoker.<InvokeAsync>g__Awaited|17_0(ResourceInvoker invoker, Task task, IDisposable scope)
   at Microsoft.AspNetCore.Routing.EndpointMiddleware.<Invoke>g__AwaitRequestTask|6_0(Endpoint endpoint, Task requestTask, ILogger logger)
   at Microsoft.AspNetCore.Session.SessionMiddleware.Invoke(HttpContext context)
   at Microsoft.AspNetCore.Session.SessionMiddleware.Invoke(HttpContext context)
   at Microsoft.AspNetCore.Diagnostics.DeveloperExceptionPageMiddleware.Invoke(HttpContext context)|url: http://localhost/OrderManage/OrderMateriel/OrderMaterielIndex|action: OrderMaterielIndex
2020-09-09 15:38:45.5228||DEBUG||程序启动 |ContentRootPath:E:\资料\私人项目\2020_08\code\YiShaAdmin-master\YiSha.Web\YiSha.Admin.Web |WebRootPath:E:\资料\私人项目\2020_08\code\YiShaAdmin-master\YiSha.Web\YiSha.Admin.Web\wwwroot |IsDevelopment:True |url: |action: 
2020-09-09 15:39:13.5815||ERROR||Value was either too large or too small for an Int32.
   at System.Number.ThrowOverflowOrFormatException(ParsingStatus status, TypeCode type)
   at System.Number.ParseInt32(ReadOnlySpan`1 value, NumberStyles styles, NumberFormatInfo info)
   at System.Int32.Parse(String s)
   at YiSha.Admin.Web.Areas.OrderManage.Controllers.OrderMaterielController.ModifyMaterielTotal(String id, String num, String remark) in E:\资料\私人项目\2020_08\code\YiShaAdmin-master\YiSha.Web\YiSha.Admin.Web\Areas\OrderManage\Controllers\OrderMaterielController.cs:line 96
   at lambda_method(Closure , Object )
   at Microsoft.Extensions.Internal.ObjectMethodExecutorAwaitable.Awaiter.GetResult()
   at Microsoft.AspNetCore.Mvc.Infrastructure.ActionMethodExecutor.TaskOfActionResultExecutor.Execute(IActionResultTypeMapper mapper, ObjectMethodExecutor executor, Object controller, Object[] arguments)
   at Microsoft.AspNetCore.Mvc.Infrastructure.ControllerActionInvoker.<InvokeActionMethodAsync>g__Awaited|12_0(ControllerActionInvoker invoker, ValueTask`1 actionResultValueTask)
   at Microsoft.AspNetCore.Mvc.Infrastructure.ControllerActionInvoker.<InvokeNextActionFilterAsync>g__Awaited|10_0(ControllerActionInvoker invoker, Task lastTask, State next, Scope scope, Object state, Boolean isCompleted)
   at Microsoft.AspNetCore.Mvc.Infrastructure.ControllerActionInvoker.Rethrow(ActionExecutedContextSealed context)
   at Microsoft.AspNetCore.Mvc.Infrastructure.ControllerActionInvoker.Next(State& next, Scope& scope, Object& state, Boolean& isCompleted)
   at Microsoft.AspNetCore.Mvc.Infrastructure.ControllerActionInvoker.InvokeInnerFilterAsync()
--- End of stack trace from previous location where exception was thrown ---
   at Microsoft.AspNetCore.Mvc.Infrastructure.ResourceInvoker.<InvokeNextExceptionFilterAsync>g__Awaited|25_0(ResourceInvoker invoker, Task lastTask, State next, Scope scope, Object state, Boolean isCompleted)
 |url: http://localhost/OrderManage/OrderMateriel/ModifyMaterielTotal|action: ModifyMaterielTotal
2020-09-09 15:39:42.6719||DEBUG||程序启动 |ContentRootPath:E:\资料\私人项目\2020_08\code\YiShaAdmin-master\YiSha.Web\YiSha.Admin.Web |WebRootPath:E:\资料\私人项目\2020_08\code\YiShaAdmin-master\YiSha.Web\YiSha.Admin.Web\wwwroot |IsDevelopment:True |url: |action: 
2020-09-09 15:40:11.1290||ERROR||Value was either too large or too small for an Int32.
   at System.Number.ThrowOverflowOrFormatException(ParsingStatus status, TypeCode type)
   at System.Number.ParseInt32(ReadOnlySpan`1 value, NumberStyles styles, NumberFormatInfo info)
   at System.Int32.Parse(String s)
   at YiSha.Admin.Web.Areas.OrderManage.Controllers.OrderMaterielController.ModifyMaterielTotal(String id, String num, String remark) in E:\资料\私人项目\2020_08\code\YiShaAdmin-master\YiSha.Web\YiSha.Admin.Web\Areas\OrderManage\Controllers\OrderMaterielController.cs:line 96
   at lambda_method(Closure , Object )
   at Microsoft.Extensions.Internal.ObjectMethodExecutorAwaitable.Awaiter.GetResult()
   at Microsoft.AspNetCore.Mvc.Infrastructure.ActionMethodExecutor.TaskOfActionResultExecutor.Execute(IActionResultTypeMapper mapper, ObjectMethodExecutor executor, Object controller, Object[] arguments)
   at Microsoft.AspNetCore.Mvc.Infrastructure.ControllerActionInvoker.<InvokeActionMethodAsync>g__Awaited|12_0(ControllerActionInvoker invoker, ValueTask`1 actionResultValueTask)
   at Microsoft.AspNetCore.Mvc.Infrastructure.ControllerActionInvoker.<InvokeNextActionFilterAsync>g__Awaited|10_0(ControllerActionInvoker invoker, Task lastTask, State next, Scope scope, Object state, Boolean isCompleted)
   at Microsoft.AspNetCore.Mvc.Infrastructure.ControllerActionInvoker.Rethrow(ActionExecutedContextSealed context)
   at Microsoft.AspNetCore.Mvc.Infrastructure.ControllerActionInvoker.Next(State& next, Scope& scope, Object& state, Boolean& isCompleted)
   at Microsoft.AspNetCore.Mvc.Infrastructure.ControllerActionInvoker.InvokeInnerFilterAsync()
--- End of stack trace from previous location where exception was thrown ---
   at Microsoft.AspNetCore.Mvc.Infrastructure.ResourceInvoker.<InvokeNextExceptionFilterAsync>g__Awaited|25_0(ResourceInvoker invoker, Task lastTask, State next, Scope scope, Object state, Boolean isCompleted)
 |url: http://localhost/OrderManage/OrderMateriel/ModifyMaterielTotal|action: ModifyMaterielTotal
2020-09-09 15:41:32.8696||DEBUG||程序启动 |ContentRootPath:E:\资料\私人项目\2020_08\code\YiShaAdmin-master\YiSha.Web\YiSha.Admin.Web |WebRootPath:E:\资料\私人项目\2020_08\code\YiShaAdmin-master\YiSha.Web\YiSha.Admin.Web\wwwroot |IsDevelopment:True |url: |action: 
2020-09-09 15:42:23.3193||ERROR||Value was either too large or too small for an Int32.
   at System.Number.ThrowOverflowOrFormatException(ParsingStatus status, TypeCode type)
   at System.Number.ParseInt32(ReadOnlySpan`1 value, NumberStyles styles, NumberFormatInfo info)
   at System.Int32.Parse(String s)
   at YiSha.Admin.Web.Areas.OrderManage.Controllers.OrderMaterielController.ModifyMaterielTotal(String id, String num, String remark) in E:\资料\私人项目\2020_08\code\YiShaAdmin-master\YiSha.Web\YiSha.Admin.Web\Areas\OrderManage\Controllers\OrderMaterielController.cs:line 96
   at lambda_method(Closure , Object )
   at Microsoft.Extensions.Internal.ObjectMethodExecutorAwaitable.Awaiter.GetResult()
   at Microsoft.AspNetCore.Mvc.Infrastructure.ActionMethodExecutor.TaskOfActionResultExecutor.Execute(IActionResultTypeMapper mapper, ObjectMethodExecutor executor, Object controller, Object[] arguments)
   at Microsoft.AspNetCore.Mvc.Infrastructure.ControllerActionInvoker.<InvokeActionMethodAsync>g__Awaited|12_0(ControllerActionInvoker invoker, ValueTask`1 actionResultValueTask)
   at Microsoft.AspNetCore.Mvc.Infrastructure.ControllerActionInvoker.<InvokeNextActionFilterAsync>g__Awaited|10_0(ControllerActionInvoker invoker, Task lastTask, State next, Scope scope, Object state, Boolean isCompleted)
   at Microsoft.AspNetCore.Mvc.Infrastructure.ControllerActionInvoker.Rethrow(ActionExecutedContextSealed context)
   at Microsoft.AspNetCore.Mvc.Infrastructure.ControllerActionInvoker.Next(State& next, Scope& scope, Object& state, Boolean& isCompleted)
   at Microsoft.AspNetCore.Mvc.Infrastructure.ControllerActionInvoker.InvokeInnerFilterAsync()
--- End of stack trace from previous location where exception was thrown ---
   at Microsoft.AspNetCore.Mvc.Infrastructure.ResourceInvoker.<InvokeNextExceptionFilterAsync>g__Awaited|25_0(ResourceInvoker invoker, Task lastTask, State next, Scope scope, Object state, Boolean isCompleted)
 |url: http://localhost/OrderManage/OrderMateriel/ModifyMaterielTotal|action: ModifyMaterielTotal
2020-09-09 15:43:07.7653||DEBUG||程序启动 |ContentRootPath:E:\资料\私人项目\2020_08\code\YiShaAdmin-master\YiSha.Web\YiSha.Admin.Web |WebRootPath:E:\资料\私人项目\2020_08\code\YiShaAdmin-master\YiSha.Web\YiSha.Admin.Web\wwwroot |IsDevelopment:True |url: |action: 
2020-09-09 15:44:15.9983||DEBUG||程序启动 |ContentRootPath:E:\资料\私人项目\2020_08\code\YiShaAdmin-master\YiSha.Web\YiSha.Admin.Web |WebRootPath:E:\资料\私人项目\2020_08\code\YiShaAdmin-master\YiSha.Web\YiSha.Admin.Web\wwwroot |IsDevelopment:True |url: |action: 
2020-09-09 15:45:18.1446||DEBUG||程序启动 |ContentRootPath:E:\资料\私人项目\2020_08\code\YiShaAdmin-master\YiSha.Web\YiSha.Admin.Web |WebRootPath:E:\资料\私人项目\2020_08\code\YiShaAdmin-master\YiSha.Web\YiSha.Admin.Web\wwwroot |IsDevelopment:True |url: |action: 
2020-09-09 15:46:06.9758||ERROR||Unknown column 'a.BuyId' in 'on clause'
   at MySql.Data.MySqlClient.MySqlDataReader.ActivateResultSet() in C:\projects\mysqlconnector\src\MySqlConnector\MySql.Data.MySqlClient\MySqlDataReader.cs:line 130
   at MySql.Data.MySqlClient.MySqlDataReader.CreateAsync(CommandListPosition commandListPosition, ICommandPayloadCreator payloadCreator, IDictionary`2 cachedProcedures, IMySqlCommand command, CommandBehavior behavior, IOBehavior ioBehavior, CancellationToken cancellationToken) in C:\projects\mysqlconnector\src\MySqlConnector\MySql.Data.MySqlClient\MySqlDataReader.cs:line 391
   at MySqlConnector.Core.CommandExecutor.ExecuteReaderAsync(IReadOnlyList`1 commands, ICommandPayloadCreator payloadCreator, CommandBehavior behavior, IOBehavior ioBehavior, CancellationToken cancellationToken) in C:\projects\mysqlconnector\src\MySqlConnector\Core\CommandExecutor.cs:line 62
   at MySql.Data.MySqlClient.MySqlCommand.ExecuteScalarAsync(IOBehavior ioBehavior, CancellationToken cancellationToken) in C:\projects\mysqlconnector\src\MySqlConnector\MySql.Data.MySqlClient\MySqlCommand.cs:line 244
   at YiSha.Data.DbHelper.ExecuteScalarAsync(CommandType cmdType, String strSql, DbParameter[] dbParameter) in E:\资料\私人项目\2020_08\code\YiShaAdmin-master\YiSha.Data\YiSha.Data\DbHelper.cs:line 174
   at YiSha.Data.EF.MySqlDatabase.FindList[T](String strSql, DbParameter[] dbParameter, String sort, Boolean isAsc, Int32 pageSize, Int32 pageIndex) in E:\资料\私人项目\2020_08\code\YiShaAdmin-master\YiSha.Data\YiSha.Data.EF\Database\MySqlDatabase.cs:line 338
   at YiSha.Data.EF.MySqlDatabase.FindList[T](String strSql, String sort, Boolean isAsc, Int32 pageSize, Int32 pageIndex) in E:\资料\私人项目\2020_08\code\YiShaAdmin-master\YiSha.Data\YiSha.Data.EF\Database\MySqlDatabase.cs:line 329
   at YiSha.Data.Repository.Repository.FindList[T](String strSql, Pagination pagination) in E:\资料\私人项目\2020_08\code\YiShaAdmin-master\YiSha.Data\YiSha.Data.Repository\Repository.cs:line 179
   at YiSha.Service.OrderManage.OrderMaterielDetailService.GetPageList(OrderMaterielDetailListParam param, Pagination pagination) in E:\资料\私人项目\2020_08\code\YiShaAdmin-master\YiSha.Business\YiSha.Service\OrderManage\OrderMaterielDetailService.cs:line 41
   at YiSha.Business.OrderManage.OrderMaterielDetailBLL.GetPageList(OrderMaterielDetailListParam param, Pagination pagination) in E:\资料\私人项目\2020_08\code\YiShaAdmin-master\YiSha.Business\YiSha.Business\OrderManage\OrderMaterielDetailBLL.cs:line 36
   at YiSha.Admin.Web.Areas.OrderManage.Controllers.OrderMaterielDetailController.GetPageListJson(OrderMaterielDetailListParam param, Pagination pagination) in E:\资料\私人项目\2020_08\code\YiShaAdmin-master\YiSha.Web\YiSha.Admin.Web\Areas\OrderManage\Controllers\OrderMaterielDetailController.cs:line 54
   at lambda_method(Closure , Object )
   at Microsoft.Extensions.Internal.ObjectMethodExecutorAwaitable.Awaiter.GetResult()
   at Microsoft.AspNetCore.Mvc.Infrastructure.ActionMethodExecutor.TaskOfActionResultExecutor.Execute(IActionResultTypeMapper mapper, ObjectMethodExecutor executor, Object controller, Object[] arguments)
   at Microsoft.AspNetCore.Mvc.Infrastructure.ControllerActionInvoker.<InvokeActionMethodAsync>g__Awaited|12_0(ControllerActionInvoker invoker, ValueTask`1 actionResultValueTask)
   at Microsoft.AspNetCore.Mvc.Infrastructure.ControllerActionInvoker.<InvokeNextActionFilterAsync>g__Awaited|10_0(ControllerActionInvoker invoker, Task lastTask, State next, Scope scope, Object state, Boolean isCompleted)
   at Microsoft.AspNetCore.Mvc.Infrastructure.ControllerActionInvoker.Rethrow(ActionExecutedContextSealed context)
   at Microsoft.AspNetCore.Mvc.Infrastructure.ControllerActionInvoker.Next(State& next, Scope& scope, Object& state, Boolean& isCompleted)
   at Microsoft.AspNetCore.Mvc.Infrastructure.ControllerActionInvoker.<InvokeInnerFilterAsync>g__Awaited|13_0(ControllerActionInvoker invoker, Task lastTask, State next, Scope scope, Object state, Boolean isCompleted)
   at Microsoft.AspNetCore.Mvc.Infrastructure.ResourceInvoker.<InvokeNextExceptionFilterAsync>g__Awaited|25_0(ResourceInvoker invoker, Task lastTask, State next, Scope scope, Object state, Boolean isCompleted)
 |url: http://localhost/OrderManage/OrderMaterielDetail/GetPageListJson|action: GetPageListJson
2020-09-09 15:47:13.5294||DEBUG||程序启动 |ContentRootPath:E:\资料\私人项目\2020_08\code\YiShaAdmin-master\YiSha.Web\YiSha.Admin.Web |WebRootPath:E:\资料\私人项目\2020_08\code\YiShaAdmin-master\YiSha.Web\YiSha.Admin.Web\wwwroot |IsDevelopment:True |url: |action: 
2020-09-09 15:51:32.9523||DEBUG||程序启动 |ContentRootPath:E:\资料\私人项目\2020_08\code\YiShaAdmin-master\YiSha.Web\YiSha.Admin.Web |WebRootPath:E:\资料\私人项目\2020_08\code\YiShaAdmin-master\YiSha.Web\YiSha.Admin.Web\wwwroot |IsDevelopment:True |url: |action: 
2020-09-09 15:54:12.0269||DEBUG||程序启动 |ContentRootPath:E:\资料\私人项目\2020_08\code\YiShaAdmin-master\YiSha.Web\YiSha.Admin.Web |WebRootPath:E:\资料\私人项目\2020_08\code\YiShaAdmin-master\YiSha.Web\YiSha.Admin.Web\wwwroot |IsDevelopment:True |url: |action: 
2020-09-09 16:04:31.6093||DEBUG||程序启动 |ContentRootPath:E:\资料\私人项目\2020_08\code\YiShaAdmin-master\YiSha.Web\YiSha.Admin.Web |WebRootPath:E:\资料\私人项目\2020_08\code\YiShaAdmin-master\YiSha.Web\YiSha.Admin.Web\wwwroot |IsDevelopment:True |url: |action: 
2020-09-09 16:07:22.8083||DEBUG||程序启动 |ContentRootPath:E:\资料\私人项目\2020_08\code\YiShaAdmin-master\YiSha.Web\YiSha.Admin.Web |WebRootPath:E:\资料\私人项目\2020_08\code\YiShaAdmin-master\YiSha.Web\YiSha.Admin.Web\wwwroot |IsDevelopment:True |url: |action: 
2020-09-09 16:08:17.9000||DEBUG||程序启动 |ContentRootPath:E:\资料\私人项目\2020_08\code\YiShaAdmin-master\YiSha.Web\YiSha.Admin.Web |WebRootPath:E:\资料\私人项目\2020_08\code\YiShaAdmin-master\YiSha.Web\YiSha.Admin.Web\wwwroot |IsDevelopment:True |url: |action: 
2020-09-09 16:12:22.1578||DEBUG||程序启动 |ContentRootPath:E:\资料\私人项目\2020_08\code\YiShaAdmin-master\YiSha.Web\YiSha.Admin.Web |WebRootPath:E:\资料\私人项目\2020_08\code\YiShaAdmin-master\YiSha.Web\YiSha.Admin.Web\wwwroot |IsDevelopment:True |url: |action: 
2020-09-09 16:15:50.5550||DEBUG||程序启动 |ContentRootPath:E:\资料\私人项目\2020_08\code\YiShaAdmin-master\YiSha.Web\YiSha.Admin.Web |WebRootPath:E:\资料\私人项目\2020_08\code\YiShaAdmin-master\YiSha.Web\YiSha.Admin.Web\wwwroot |IsDevelopment:True |url: |action: 
2020-09-09 16:32:24.3438||ERROR||Object reference not set to an instance of an object.
   at YiSha.Business.OrganizationManage.UserBLL.GetUserBelong(UserEntity user) in E:\资料\私人项目\2020_08\code\YiShaAdmin-master\YiSha.Business\YiSha.Business\OrganizationManage\UserBLL.cs:line 391
   at YiSha.Business.OrganizationManage.UserBLL.GetEntity(Int64 id) in E:\资料\私人项目\2020_08\code\YiShaAdmin-master\YiSha.Business\YiSha.Business\OrganizationManage\UserBLL.cs:line 74
   at YiSha.Business.OrganizationManage.UserBLL.SaveForm(UserEntity entity) in E:\资料\私人项目\2020_08\code\YiShaAdmin-master\YiSha.Business\YiSha.Business\OrganizationManage\UserBLL.cs:line 193
   at YiSha.Admin.Web.Areas.OrganizationManage.Controllers.UserController.SaveFormJson(UserEntity entity) in E:\资料\私人项目\2020_08\code\YiShaAdmin-master\YiSha.Web\YiSha.Admin.Web\Areas\OrganizationManage\Controllers\UserController.cs:line 123
   at Microsoft.AspNetCore.Mvc.Infrastructure.ActionMethodExecutor.TaskOfIActionResultExecutor.Execute(IActionResultTypeMapper mapper, ObjectMethodExecutor executor, Object controller, Object[] arguments)
   at Microsoft.AspNetCore.Mvc.Infrastructure.ControllerActionInvoker.<InvokeActionMethodAsync>g__Awaited|12_0(ControllerActionInvoker invoker, ValueTask`1 actionResultValueTask)
   at Microsoft.AspNetCore.Mvc.Infrastructure.ControllerActionInvoker.<InvokeNextActionFilterAsync>g__Awaited|10_0(ControllerActionInvoker invoker, Task lastTask, State next, Scope scope, Object state, Boolean isCompleted)
   at Microsoft.AspNetCore.Mvc.Infrastructure.ControllerActionInvoker.Rethrow(ActionExecutedContextSealed context)
   at Microsoft.AspNetCore.Mvc.Infrastructure.ControllerActionInvoker.Next(State& next, Scope& scope, Object& state, Boolean& isCompleted)
   at Microsoft.AspNetCore.Mvc.Infrastructure.ControllerActionInvoker.<InvokeInnerFilterAsync>g__Awaited|13_0(ControllerActionInvoker invoker, Task lastTask, State next, Scope scope, Object state, Boolean isCompleted)
   at Microsoft.AspNetCore.Mvc.Infrastructure.ResourceInvoker.<InvokeNextExceptionFilterAsync>g__Awaited|25_0(ResourceInvoker invoker, Task lastTask, State next, Scope scope, Object state, Boolean isCompleted)
 |url: http://localhost/OrganizationManage/User/SaveFormJson|action: SaveFormJson
2020-09-09 16:39:12.9650||DEBUG||程序启动 |ContentRootPath:E:\资料\私人项目\2020_08\code\YiShaAdmin-master\YiSha.Web\YiSha.Admin.Web |WebRootPath:E:\资料\私人项目\2020_08\code\YiShaAdmin-master\YiSha.Web\YiSha.Admin.Web\wwwroot |IsDevelopment:True |url: |action: 
2020-09-09 16:40:56.8616||DEBUG||程序启动 |ContentRootPath:E:\资料\私人项目\2020_08\code\YiShaAdmin-master\YiSha.Web\YiSha.Admin.Web |WebRootPath:E:\资料\私人项目\2020_08\code\YiShaAdmin-master\YiSha.Web\YiSha.Admin.Web\wwwroot |IsDevelopment:True |url: |action: 
2020-09-09 16:43:08.2853||DEBUG||程序启动 |ContentRootPath:E:\资料\私人项目\2020_08\code\YiShaAdmin-master\YiSha.Web\YiSha.Admin.Web |WebRootPath:E:\资料\私人项目\2020_08\code\YiShaAdmin-master\YiSha.Web\YiSha.Admin.Web\wwwroot |IsDevelopment:True |url: |action: 
2020-09-09 16:46:37.6356||DEBUG||程序启动 |ContentRootPath:E:\资料\私人项目\2020_08\code\YiShaAdmin-master\YiSha.Web\YiSha.Admin.Web |WebRootPath:E:\资料\私人项目\2020_08\code\YiShaAdmin-master\YiSha.Web\YiSha.Admin.Web\wwwroot |IsDevelopment:True |url: |action: 
2020-09-09 16:53:31.5151||DEBUG||程序启动 |ContentRootPath:E:\资料\私人项目\2020_08\code\YiShaAdmin-master\YiSha.Web\YiSha.Admin.Web |WebRootPath:E:\资料\私人项目\2020_08\code\YiShaAdmin-master\YiSha.Web\YiSha.Admin.Web\wwwroot |IsDevelopment:True |url: |action: 
2020-09-09 16:57:46.0077||DEBUG||程序启动 |ContentRootPath:E:\资料\私人项目\2020_08\code\YiShaAdmin-master\YiSha.Web\YiSha.Admin.Web |WebRootPath:E:\资料\私人项目\2020_08\code\YiShaAdmin-master\YiSha.Web\YiSha.Admin.Web\wwwroot |IsDevelopment:True |url: |action: 
2020-09-09 16:59:38.0617||ERROR||Object reference not set to an instance of an object.
   at YiSha.Business.OrganizationManage.UserBLL.GetUserBelong(UserEntity user) in E:\资料\私人项目\2020_08\code\YiShaAdmin-master\YiSha.Business\YiSha.Business\OrganizationManage\UserBLL.cs:line 391
   at YiSha.Business.OrganizationManage.UserBLL.GetEntity(Int64 id) in E:\资料\私人项目\2020_08\code\YiShaAdmin-master\YiSha.Business\YiSha.Business\OrganizationManage\UserBLL.cs:line 74
   at YiSha.Business.OrganizationManage.UserBLL.SaveForm(UserEntity entity) in E:\资料\私人项目\2020_08\code\YiShaAdmin-master\YiSha.Business\YiSha.Business\OrganizationManage\UserBLL.cs:line 193
   at YiSha.Admin.Web.Areas.OrganizationManage.Controllers.UserController.SaveFormJson(UserEntity entity) in E:\资料\私人项目\2020_08\code\YiShaAdmin-master\YiSha.Web\YiSha.Admin.Web\Areas\OrganizationManage\Controllers\UserController.cs:line 123
   at Microsoft.AspNetCore.Mvc.Infrastructure.ActionMethodExecutor.TaskOfIActionResultExecutor.Execute(IActionResultTypeMapper mapper, ObjectMethodExecutor executor, Object controller, Object[] arguments)
   at Microsoft.AspNetCore.Mvc.Infrastructure.ControllerActionInvoker.<InvokeActionMethodAsync>g__Awaited|12_0(ControllerActionInvoker invoker, ValueTask`1 actionResultValueTask)
   at Microsoft.AspNetCore.Mvc.Infrastructure.ControllerActionInvoker.<InvokeNextActionFilterAsync>g__Awaited|10_0(ControllerActionInvoker invoker, Task lastTask, State next, Scope scope, Object state, Boolean isCompleted)
   at Microsoft.AspNetCore.Mvc.Infrastructure.ControllerActionInvoker.Rethrow(ActionExecutedContextSealed context)
   at Microsoft.AspNetCore.Mvc.Infrastructure.ControllerActionInvoker.Next(State& next, Scope& scope, Object& state, Boolean& isCompleted)
   at Microsoft.AspNetCore.Mvc.Infrastructure.ControllerActionInvoker.<InvokeInnerFilterAsync>g__Awaited|13_0(ControllerActionInvoker invoker, Task lastTask, State next, Scope scope, Object state, Boolean isCompleted)
   at Microsoft.AspNetCore.Mvc.Infrastructure.ResourceInvoker.<InvokeNextExceptionFilterAsync>g__Awaited|25_0(ResourceInvoker invoker, Task lastTask, State next, Scope scope, Object state, Boolean isCompleted)
 |url: http://localhost/OrganizationManage/User/SaveFormJson|action: SaveFormJson
2020-09-09 17:01:08.3888||DEBUG||程序启动 |ContentRootPath:E:\资料\私人项目\2020_08\code\YiShaAdmin-master\YiSha.Web\YiSha.Admin.Web |WebRootPath:E:\资料\私人项目\2020_08\code\YiShaAdmin-master\YiSha.Web\YiSha.Admin.Web\wwwroot |IsDevelopment:True |url: |action: 
2020-09-09 17:02:49.1061||ERROR||Object reference not set to an instance of an object.
   at YiSha.Business.OrganizationManage.UserBLL.GetUserBelong(UserEntity user) in E:\资料\私人项目\2020_08\code\YiShaAdmin-master\YiSha.Business\YiSha.Business\OrganizationManage\UserBLL.cs:line 391
   at YiSha.Business.OrganizationManage.UserBLL.GetEntity(Int64 id) in E:\资料\私人项目\2020_08\code\YiShaAdmin-master\YiSha.Business\YiSha.Business\OrganizationManage\UserBLL.cs:line 74
   at YiSha.Business.OrganizationManage.UserBLL.SaveForm(UserEntity entity) in E:\资料\私人项目\2020_08\code\YiShaAdmin-master\YiSha.Business\YiSha.Business\OrganizationManage\UserBLL.cs:line 193
   at YiSha.Admin.Web.Areas.OrganizationManage.Controllers.UserController.SaveFormJson(UserEntity entity) in E:\资料\私人项目\2020_08\code\YiShaAdmin-master\YiSha.Web\YiSha.Admin.Web\Areas\OrganizationManage\Controllers\UserController.cs:line 123
   at Microsoft.AspNetCore.Mvc.Infrastructure.ActionMethodExecutor.TaskOfIActionResultExecutor.Execute(IActionResultTypeMapper mapper, ObjectMethodExecutor executor, Object controller, Object[] arguments)
   at Microsoft.AspNetCore.Mvc.Infrastructure.ControllerActionInvoker.<InvokeActionMethodAsync>g__Awaited|12_0(ControllerActionInvoker invoker, ValueTask`1 actionResultValueTask)
   at Microsoft.AspNetCore.Mvc.Infrastructure.ControllerActionInvoker.<InvokeNextActionFilterAsync>g__Awaited|10_0(ControllerActionInvoker invoker, Task lastTask, State next, Scope scope, Object state, Boolean isCompleted)
   at Microsoft.AspNetCore.Mvc.Infrastructure.ControllerActionInvoker.Rethrow(ActionExecutedContextSealed context)
   at Microsoft.AspNetCore.Mvc.Infrastructure.ControllerActionInvoker.Next(State& next, Scope& scope, Object& state, Boolean& isCompleted)
   at Microsoft.AspNetCore.Mvc.Infrastructure.ControllerActionInvoker.<InvokeInnerFilterAsync>g__Awaited|13_0(ControllerActionInvoker invoker, Task lastTask, State next, Scope scope, Object state, Boolean isCompleted)
   at Microsoft.AspNetCore.Mvc.Infrastructure.ResourceInvoker.<InvokeNextExceptionFilterAsync>g__Awaited|25_0(ResourceInvoker invoker, Task lastTask, State next, Scope scope, Object state, Boolean isCompleted)
 |url: http://localhost/OrganizationManage/User/SaveFormJson|action: SaveFormJson
2020-09-09 17:06:11.6738||ERROR||Object reference not set to an instance of an object.
   at YiSha.Business.OrganizationManage.UserBLL.GetUserBelong(UserEntity user) in E:\资料\私人项目\2020_08\code\YiShaAdmin-master\YiSha.Business\YiSha.Business\OrganizationManage\UserBLL.cs:line 391
   at YiSha.Business.OrganizationManage.UserBLL.GetEntity(Int64 id) in E:\资料\私人项目\2020_08\code\YiShaAdmin-master\YiSha.Business\YiSha.Business\OrganizationManage\UserBLL.cs:line 74
   at YiSha.Business.OrganizationManage.UserBLL.SaveForm(UserEntity entity) in E:\资料\私人项目\2020_08\code\YiShaAdmin-master\YiSha.Business\YiSha.Business\OrganizationManage\UserBLL.cs:line 193
   at YiSha.Admin.Web.Areas.OrganizationManage.Controllers.UserController.SaveFormJson(UserEntity entity) in E:\资料\私人项目\2020_08\code\YiShaAdmin-master\YiSha.Web\YiSha.Admin.Web\Areas\OrganizationManage\Controllers\UserController.cs:line 123
   at Microsoft.AspNetCore.Mvc.Infrastructure.ActionMethodExecutor.TaskOfIActionResultExecutor.Execute(IActionResultTypeMapper mapper, ObjectMethodExecutor executor, Object controller, Object[] arguments)
   at Microsoft.AspNetCore.Mvc.Infrastructure.ControllerActionInvoker.<InvokeActionMethodAsync>g__Awaited|12_0(ControllerActionInvoker invoker, ValueTask`1 actionResultValueTask)
   at Microsoft.AspNetCore.Mvc.Infrastructure.ControllerActionInvoker.<InvokeNextActionFilterAsync>g__Awaited|10_0(ControllerActionInvoker invoker, Task lastTask, State next, Scope scope, Object state, Boolean isCompleted)
   at Microsoft.AspNetCore.Mvc.Infrastructure.ControllerActionInvoker.Rethrow(ActionExecutedContextSealed context)
   at Microsoft.AspNetCore.Mvc.Infrastructure.ControllerActionInvoker.Next(State& next, Scope& scope, Object& state, Boolean& isCompleted)
   at Microsoft.AspNetCore.Mvc.Infrastructure.ControllerActionInvoker.<InvokeInnerFilterAsync>g__Awaited|13_0(ControllerActionInvoker invoker, Task lastTask, State next, Scope scope, Object state, Boolean isCompleted)
   at Microsoft.AspNetCore.Mvc.Infrastructure.ResourceInvoker.<InvokeNextExceptionFilterAsync>g__Awaited|25_0(ResourceInvoker invoker, Task lastTask, State next, Scope scope, Object state, Boolean isCompleted)
 |url: http://localhost/OrganizationManage/User/SaveFormJson|action: SaveFormJson
2020-09-09 17:10:24.4237||DEBUG||程序启动 |ContentRootPath:E:\资料\私人项目\2020_08\code\YiShaAdmin-master\YiSha.Web\YiSha.Admin.Web |WebRootPath:E:\资料\私人项目\2020_08\code\YiShaAdmin-master\YiSha.Web\YiSha.Admin.Web\wwwroot |IsDevelopment:True |url: |action: 
2020-09-09 17:13:59.8707||ERROR||Index was out of range. Must be non-negative and less than the size of the collection. (Parameter 'index')
   at System.Collections.Generic.List`1.get_Item(Int32 index)
   at YiSha.Data.Repository.Repository.FindSignalModel[T](String strSql) in E:\资料\私人项目\2020_08\code\YiShaAdmin-master\YiSha.Data\YiSha.Data.Repository\Repository.cs:line 137
   at YiSha.Service.SaleManage.WishUserService.GetEntityByPhone(String phone) in E:\资料\私人项目\2020_08\code\YiShaAdmin-master\YiSha.Business\YiSha.Service\SaleManage\WishUserService.cs:line 59
   at YiSha.Business.SaleManage.WishUserBLL.SaveForm(WishUserEntity entity) in E:\资料\私人项目\2020_08\code\YiShaAdmin-master\YiSha.Business\YiSha.Business\SaleManage\WishUserBLL.cs:line 64
   at YiSha.Admin.Web.Areas.SaleManage.Controllers.WishUserController.SaveFormJson(WishUserEntity entity) in E:\资料\私人项目\2020_08\code\YiShaAdmin-master\YiSha.Web\YiSha.Admin.Web\Areas\SaleManage\Controllers\WishUserController.cs:line 71
   at lambda_method(Closure , Object )
   at Microsoft.Extensions.Internal.ObjectMethodExecutorAwaitable.Awaiter.GetResult()
   at Microsoft.AspNetCore.Mvc.Infrastructure.ActionMethodExecutor.TaskOfActionResultExecutor.Execute(IActionResultTypeMapper mapper, ObjectMethodExecutor executor, Object controller, Object[] arguments)
   at Microsoft.AspNetCore.Mvc.Infrastructure.ControllerActionInvoker.<InvokeActionMethodAsync>g__Awaited|12_0(ControllerActionInvoker invoker, ValueTask`1 actionResultValueTask)
   at Microsoft.AspNetCore.Mvc.Infrastructure.ControllerActionInvoker.<InvokeNextActionFilterAsync>g__Awaited|10_0(ControllerActionInvoker invoker, Task lastTask, State next, Scope scope, Object state, Boolean isCompleted)
   at Microsoft.AspNetCore.Mvc.Infrastructure.ControllerActionInvoker.Rethrow(ActionExecutedContextSealed context)
   at Microsoft.AspNetCore.Mvc.Infrastructure.ControllerActionInvoker.Next(State& next, Scope& scope, Object& state, Boolean& isCompleted)
   at Microsoft.AspNetCore.Mvc.Infrastructure.ControllerActionInvoker.<InvokeInnerFilterAsync>g__Awaited|13_0(ControllerActionInvoker invoker, Task lastTask, State next, Scope scope, Object state, Boolean isCompleted)
   at Microsoft.AspNetCore.Mvc.Infrastructure.ResourceInvoker.<InvokeNextExceptionFilterAsync>g__Awaited|25_0(ResourceInvoker invoker, Task lastTask, State next, Scope scope, Object state, Boolean isCompleted)
 |url: http://localhost/SaleManage/WishUser/SaveFormJson|action: SaveFormJson
2020-09-09 17:14:04.8737||ERROR||Index was out of range. Must be non-negative and less than the size of the collection. (Parameter 'index')
   at System.Collections.Generic.List`1.get_Item(Int32 index)
   at YiSha.Data.Repository.Repository.FindSignalModel[T](String strSql) in E:\资料\私人项目\2020_08\code\YiShaAdmin-master\YiSha.Data\YiSha.Data.Repository\Repository.cs:line 137
   at YiSha.Service.SaleManage.WishUserService.GetEntityByPhone(String phone) in E:\资料\私人项目\2020_08\code\YiShaAdmin-master\YiSha.Business\YiSha.Service\SaleManage\WishUserService.cs:line 59
   at YiSha.Business.SaleManage.WishUserBLL.SaveForm(WishUserEntity entity) in E:\资料\私人项目\2020_08\code\YiShaAdmin-master\YiSha.Business\YiSha.Business\SaleManage\WishUserBLL.cs:line 64
   at YiSha.Admin.Web.Areas.SaleManage.Controllers.WishUserController.SaveFormJson(WishUserEntity entity) in E:\资料\私人项目\2020_08\code\YiShaAdmin-master\YiSha.Web\YiSha.Admin.Web\Areas\SaleManage\Controllers\WishUserController.cs:line 71
   at lambda_method(Closure , Object )
   at Microsoft.Extensions.Internal.ObjectMethodExecutorAwaitable.Awaiter.GetResult()
   at Microsoft.AspNetCore.Mvc.Infrastructure.ActionMethodExecutor.TaskOfActionResultExecutor.Execute(IActionResultTypeMapper mapper, ObjectMethodExecutor executor, Object controller, Object[] arguments)
   at Microsoft.AspNetCore.Mvc.Infrastructure.ControllerActionInvoker.<InvokeActionMethodAsync>g__Awaited|12_0(ControllerActionInvoker invoker, ValueTask`1 actionResultValueTask)
   at Microsoft.AspNetCore.Mvc.Infrastructure.ControllerActionInvoker.<InvokeNextActionFilterAsync>g__Awaited|10_0(ControllerActionInvoker invoker, Task lastTask, State next, Scope scope, Object state, Boolean isCompleted)
   at Microsoft.AspNetCore.Mvc.Infrastructure.ControllerActionInvoker.Rethrow(ActionExecutedContextSealed context)
   at Microsoft.AspNetCore.Mvc.Infrastructure.ControllerActionInvoker.Next(State& next, Scope& scope, Object& state, Boolean& isCompleted)
   at Microsoft.AspNetCore.Mvc.Infrastructure.ControllerActionInvoker.<InvokeInnerFilterAsync>g__Awaited|13_0(ControllerActionInvoker invoker, Task lastTask, State next, Scope scope, Object state, Boolean isCompleted)
   at Microsoft.AspNetCore.Mvc.Infrastructure.ResourceInvoker.<InvokeNextExceptionFilterAsync>g__Awaited|25_0(ResourceInvoker invoker, Task lastTask, State next, Scope scope, Object state, Boolean isCompleted)
 |url: http://localhost/SaleManage/WishUser/SaveFormJson|action: SaveFormJson
2020-09-09 17:14:56.2573||DEBUG||程序启动 |ContentRootPath:E:\资料\私人项目\2020_08\code\YiShaAdmin-master\YiSha.Web\YiSha.Admin.Web |WebRootPath:E:\资料\私人项目\2020_08\code\YiShaAdmin-master\YiSha.Web\YiSha.Admin.Web\wwwroot |IsDevelopment:True |url: |action: 
2020-09-09 17:16:00.5201||ERROR||Index was out of range. Must be non-negative and less than the size of the collection. (Parameter 'index')
   at System.Collections.Generic.List`1.get_Item(Int32 index)
   at YiSha.Data.Repository.Repository.FindSignalModel[T](String strSql) in E:\资料\私人项目\2020_08\code\YiShaAdmin-master\YiSha.Data\YiSha.Data.Repository\Repository.cs:line 137
   at YiSha.Service.SaleManage.WishUserService.GetEntityByPhone(String phone) in E:\资料\私人项目\2020_08\code\YiShaAdmin-master\YiSha.Business\YiSha.Service\SaleManage\WishUserService.cs:line 59
   at YiSha.Business.SaleManage.WishUserBLL.SaveForm(WishUserEntity entity) in E:\资料\私人项目\2020_08\code\YiShaAdmin-master\YiSha.Business\YiSha.Business\SaleManage\WishUserBLL.cs:line 64
   at YiSha.Admin.Web.Areas.SaleManage.Controllers.WishUserController.SaveFormJson(WishUserEntity entity) in E:\资料\私人项目\2020_08\code\YiShaAdmin-master\YiSha.Web\YiSha.Admin.Web\Areas\SaleManage\Controllers\WishUserController.cs:line 71
   at lambda_method(Closure , Object )
   at Microsoft.Extensions.Internal.ObjectMethodExecutorAwaitable.Awaiter.GetResult()
   at Microsoft.AspNetCore.Mvc.Infrastructure.ActionMethodExecutor.TaskOfActionResultExecutor.Execute(IActionResultTypeMapper mapper, ObjectMethodExecutor executor, Object controller, Object[] arguments)
   at Microsoft.AspNetCore.Mvc.Infrastructure.ControllerActionInvoker.<InvokeActionMethodAsync>g__Awaited|12_0(ControllerActionInvoker invoker, ValueTask`1 actionResultValueTask)
   at Microsoft.AspNetCore.Mvc.Infrastructure.ControllerActionInvoker.<InvokeNextActionFilterAsync>g__Awaited|10_0(ControllerActionInvoker invoker, Task lastTask, State next, Scope scope, Object state, Boolean isCompleted)
   at Microsoft.AspNetCore.Mvc.Infrastructure.ControllerActionInvoker.Rethrow(ActionExecutedContextSealed context)
   at Microsoft.AspNetCore.Mvc.Infrastructure.ControllerActionInvoker.Next(State& next, Scope& scope, Object& state, Boolean& isCompleted)
   at Microsoft.AspNetCore.Mvc.Infrastructure.ControllerActionInvoker.<InvokeInnerFilterAsync>g__Awaited|13_0(ControllerActionInvoker invoker, Task lastTask, State next, Scope scope, Object state, Boolean isCompleted)
   at Microsoft.AspNetCore.Mvc.Infrastructure.ResourceInvoker.<InvokeNextExceptionFilterAsync>g__Awaited|25_0(ResourceInvoker invoker, Task lastTask, State next, Scope scope, Object state, Boolean isCompleted)
 |url: http://localhost/SaleManage/WishUser/SaveFormJson|action: SaveFormJson
2020-09-09 17:17:35.2993||ERROR||Index was out of range. Must be non-negative and less than the size of the collection. (Parameter 'index')
   at System.Collections.Generic.List`1.get_Item(Int32 index)
   at YiSha.Data.Repository.Repository.FindSignalModel[T](String strSql) in E:\资料\私人项目\2020_08\code\YiShaAdmin-master\YiSha.Data\YiSha.Data.Repository\Repository.cs:line 137
   at YiSha.Service.SaleManage.WishUserService.GetEntityByPhone(String phone) in E:\资料\私人项目\2020_08\code\YiShaAdmin-master\YiSha.Business\YiSha.Service\SaleManage\WishUserService.cs:line 59
   at YiSha.Business.SaleManage.WishUserBLL.SaveForm(WishUserEntity entity) in E:\资料\私人项目\2020_08\code\YiShaAdmin-master\YiSha.Business\YiSha.Business\SaleManage\WishUserBLL.cs:line 64
   at YiSha.Admin.Web.Areas.SaleManage.Controllers.WishUserController.SaveFormJson(WishUserEntity entity) in E:\资料\私人项目\2020_08\code\YiShaAdmin-master\YiSha.Web\YiSha.Admin.Web\Areas\SaleManage\Controllers\WishUserController.cs:line 71
   at lambda_method(Closure , Object )
   at Microsoft.Extensions.Internal.ObjectMethodExecutorAwaitable.Awaiter.GetResult()
   at Microsoft.AspNetCore.Mvc.Infrastructure.ActionMethodExecutor.TaskOfActionResultExecutor.Execute(IActionResultTypeMapper mapper, ObjectMethodExecutor executor, Object controller, Object[] arguments)
   at Microsoft.AspNetCore.Mvc.Infrastructure.ControllerActionInvoker.<InvokeActionMethodAsync>g__Awaited|12_0(ControllerActionInvoker invoker, ValueTask`1 actionResultValueTask)
   at Microsoft.AspNetCore.Mvc.Infrastructure.ControllerActionInvoker.<InvokeNextActionFilterAsync>g__Awaited|10_0(ControllerActionInvoker invoker, Task lastTask, State next, Scope scope, Object state, Boolean isCompleted)
   at Microsoft.AspNetCore.Mvc.Infrastructure.ControllerActionInvoker.Rethrow(ActionExecutedContextSealed context)
   at Microsoft.AspNetCore.Mvc.Infrastructure.ControllerActionInvoker.Next(State& next, Scope& scope, Object& state, Boolean& isCompleted)
   at Microsoft.AspNetCore.Mvc.Infrastructure.ControllerActionInvoker.InvokeInnerFilterAsync()
--- End of stack trace from previous location where exception was thrown ---
   at Microsoft.AspNetCore.Mvc.Infrastructure.ResourceInvoker.<InvokeNextExceptionFilterAsync>g__Awaited|25_0(ResourceInvoker invoker, Task lastTask, State next, Scope scope, Object state, Boolean isCompleted)
 |url: http://localhost/SaleManage/WishUser/SaveFormJson|action: SaveFormJson
2020-09-09 17:17:40.7212||ERROR||Index was out of range. Must be non-negative and less than the size of the collection. (Parameter 'index')
   at System.Collections.Generic.List`1.get_Item(Int32 index)
   at YiSha.Data.Repository.Repository.FindSignalModel[T](String strSql) in E:\资料\私人项目\2020_08\code\YiShaAdmin-master\YiSha.Data\YiSha.Data.Repository\Repository.cs:line 137
   at YiSha.Service.SaleManage.WishUserService.GetEntityByPhone(String phone) in E:\资料\私人项目\2020_08\code\YiShaAdmin-master\YiSha.Business\YiSha.Service\SaleManage\WishUserService.cs:line 59
   at YiSha.Business.SaleManage.WishUserBLL.SaveForm(WishUserEntity entity) in E:\资料\私人项目\2020_08\code\YiShaAdmin-master\YiSha.Business\YiSha.Business\SaleManage\WishUserBLL.cs:line 64
   at YiSha.Admin.Web.Areas.SaleManage.Controllers.WishUserController.SaveFormJson(WishUserEntity entity) in E:\资料\私人项目\2020_08\code\YiShaAdmin-master\YiSha.Web\YiSha.Admin.Web\Areas\SaleManage\Controllers\WishUserController.cs:line 71
   at lambda_method(Closure , Object )
   at Microsoft.Extensions.Internal.ObjectMethodExecutorAwaitable.Awaiter.GetResult()
   at Microsoft.AspNetCore.Mvc.Infrastructure.ActionMethodExecutor.TaskOfActionResultExecutor.Execute(IActionResultTypeMapper mapper, ObjectMethodExecutor executor, Object controller, Object[] arguments)
   at Microsoft.AspNetCore.Mvc.Infrastructure.ControllerActionInvoker.<InvokeActionMethodAsync>g__Awaited|12_0(ControllerActionInvoker invoker, ValueTask`1 actionResultValueTask)
   at Microsoft.AspNetCore.Mvc.Infrastructure.ControllerActionInvoker.<InvokeNextActionFilterAsync>g__Awaited|10_0(ControllerActionInvoker invoker, Task lastTask, State next, Scope scope, Object state, Boolean isCompleted)
   at Microsoft.AspNetCore.Mvc.Infrastructure.ControllerActionInvoker.Rethrow(ActionExecutedContextSealed context)
   at Microsoft.AspNetCore.Mvc.Infrastructure.ControllerActionInvoker.Next(State& next, Scope& scope, Object& state, Boolean& isCompleted)
   at Microsoft.AspNetCore.Mvc.Infrastructure.ControllerActionInvoker.<InvokeInnerFilterAsync>g__Awaited|13_0(ControllerActionInvoker invoker, Task lastTask, State next, Scope scope, Object state, Boolean isCompleted)
   at Microsoft.AspNetCore.Mvc.Infrastructure.ResourceInvoker.<InvokeNextExceptionFilterAsync>g__Awaited|25_0(ResourceInvoker invoker, Task lastTask, State next, Scope scope, Object state, Boolean isCompleted)
 |url: http://localhost/SaleManage/WishUser/SaveFormJson|action: SaveFormJson
2020-09-09 17:18:07.2177||ERROR||Index was out of range. Must be non-negative and less than the size of the collection. (Parameter 'index')
   at System.Collections.Generic.List`1.get_Item(Int32 index)
   at YiSha.Data.Repository.Repository.FindSignalModel[T](String strSql) in E:\资料\私人项目\2020_08\code\YiShaAdmin-master\YiSha.Data\YiSha.Data.Repository\Repository.cs:line 137
   at YiSha.Service.SaleManage.WishUserService.GetEntityByPhone(String phone) in E:\资料\私人项目\2020_08\code\YiShaAdmin-master\YiSha.Business\YiSha.Service\SaleManage\WishUserService.cs:line 59
   at YiSha.Business.SaleManage.WishUserBLL.SaveForm(WishUserEntity entity) in E:\资料\私人项目\2020_08\code\YiShaAdmin-master\YiSha.Business\YiSha.Business\SaleManage\WishUserBLL.cs:line 64
   at YiSha.Admin.Web.Areas.SaleManage.Controllers.WishUserController.SaveFormJson(WishUserEntity entity) in E:\资料\私人项目\2020_08\code\YiShaAdmin-master\YiSha.Web\YiSha.Admin.Web\Areas\SaleManage\Controllers\WishUserController.cs:line 71
   at lambda_method(Closure , Object )
   at Microsoft.Extensions.Internal.ObjectMethodExecutorAwaitable.Awaiter.GetResult()
   at Microsoft.AspNetCore.Mvc.Infrastructure.ActionMethodExecutor.TaskOfActionResultExecutor.Execute(IActionResultTypeMapper mapper, ObjectMethodExecutor executor, Object controller, Object[] arguments)
   at Microsoft.AspNetCore.Mvc.Infrastructure.ControllerActionInvoker.<InvokeActionMethodAsync>g__Awaited|12_0(ControllerActionInvoker invoker, ValueTask`1 actionResultValueTask)
   at Microsoft.AspNetCore.Mvc.Infrastructure.ControllerActionInvoker.<InvokeNextActionFilterAsync>g__Awaited|10_0(ControllerActionInvoker invoker, Task lastTask, State next, Scope scope, Object state, Boolean isCompleted)
   at Microsoft.AspNetCore.Mvc.Infrastructure.ControllerActionInvoker.Rethrow(ActionExecutedContextSealed context)
   at Microsoft.AspNetCore.Mvc.Infrastructure.ControllerActionInvoker.Next(State& next, Scope& scope, Object& state, Boolean& isCompleted)
   at Microsoft.AspNetCore.Mvc.Infrastructure.ControllerActionInvoker.<InvokeInnerFilterAsync>g__Awaited|13_0(ControllerActionInvoker invoker, Task lastTask, State next, Scope scope, Object state, Boolean isCompleted)
   at Microsoft.AspNetCore.Mvc.Infrastructure.ResourceInvoker.<InvokeNextExceptionFilterAsync>g__Awaited|25_0(ResourceInvoker invoker, Task lastTask, State next, Scope scope, Object state, Boolean isCompleted)
 |url: http://localhost/SaleManage/WishUser/SaveFormJson|action: SaveFormJson
2020-09-09 17:18:25.4887||DEBUG||程序启动 |ContentRootPath:E:\资料\私人项目\2020_08\code\YiShaAdmin-master\YiSha.Web\YiSha.Admin.Web |WebRootPath:E:\资料\私人项目\2020_08\code\YiShaAdmin-master\YiSha.Web\YiSha.Admin.Web\wwwroot |IsDevelopment:True |url: |action: 
2020-09-09 17:19:12.5296||ERROR||Index was out of range. Must be non-negative and less than the size of the collection. (Parameter 'index')
   at System.Collections.Generic.List`1.get_Item(Int32 index)
   at YiSha.Data.Repository.Repository.FindSignalModel[T](String strSql) in E:\资料\私人项目\2020_08\code\YiShaAdmin-master\YiSha.Data\YiSha.Data.Repository\Repository.cs:line 137
   at YiSha.Service.SaleManage.WishUserService.GetEntityByPhone(String phone) in E:\资料\私人项目\2020_08\code\YiShaAdmin-master\YiSha.Business\YiSha.Service\SaleManage\WishUserService.cs:line 59
   at YiSha.Business.SaleManage.WishUserBLL.SaveForm(WishUserEntity entity) in E:\资料\私人项目\2020_08\code\YiShaAdmin-master\YiSha.Business\YiSha.Business\SaleManage\WishUserBLL.cs:line 64
   at YiSha.Admin.Web.Areas.SaleManage.Controllers.WishUserController.SaveFormJson(WishUserEntity entity) in E:\资料\私人项目\2020_08\code\YiShaAdmin-master\YiSha.Web\YiSha.Admin.Web\Areas\SaleManage\Controllers\WishUserController.cs:line 71
   at lambda_method(Closure , Object )
   at Microsoft.Extensions.Internal.ObjectMethodExecutorAwaitable.Awaiter.GetResult()
   at Microsoft.AspNetCore.Mvc.Infrastructure.ActionMethodExecutor.TaskOfActionResultExecutor.Execute(IActionResultTypeMapper mapper, ObjectMethodExecutor executor, Object controller, Object[] arguments)
   at Microsoft.AspNetCore.Mvc.Infrastructure.ControllerActionInvoker.<InvokeActionMethodAsync>g__Awaited|12_0(ControllerActionInvoker invoker, ValueTask`1 actionResultValueTask)
   at Microsoft.AspNetCore.Mvc.Infrastructure.ControllerActionInvoker.<InvokeNextActionFilterAsync>g__Awaited|10_0(ControllerActionInvoker invoker, Task lastTask, State next, Scope scope, Object state, Boolean isCompleted)
   at Microsoft.AspNetCore.Mvc.Infrastructure.ControllerActionInvoker.Rethrow(ActionExecutedContextSealed context)
   at Microsoft.AspNetCore.Mvc.Infrastructure.ControllerActionInvoker.Next(State& next, Scope& scope, Object& state, Boolean& isCompleted)
   at Microsoft.AspNetCore.Mvc.Infrastructure.ControllerActionInvoker.<InvokeInnerFilterAsync>g__Awaited|13_0(ControllerActionInvoker invoker, Task lastTask, State next, Scope scope, Object state, Boolean isCompleted)
   at Microsoft.AspNetCore.Mvc.Infrastructure.ResourceInvoker.<InvokeNextExceptionFilterAsync>g__Awaited|25_0(ResourceInvoker invoker, Task lastTask, State next, Scope scope, Object state, Boolean isCompleted)
 |url: http://localhost/SaleManage/WishUser/SaveFormJson|action: SaveFormJson
2020-09-09 17:19:23.1918||ERROR||Index was out of range. Must be non-negative and less than the size of the collection. (Parameter 'index')
   at System.Collections.Generic.List`1.get_Item(Int32 index)
   at YiSha.Data.Repository.Repository.FindSignalModel[T](String strSql) in E:\资料\私人项目\2020_08\code\YiShaAdmin-master\YiSha.Data\YiSha.Data.Repository\Repository.cs:line 137
   at YiSha.Service.SaleManage.WishUserService.GetEntityByPhone(String phone) in E:\资料\私人项目\2020_08\code\YiShaAdmin-master\YiSha.Business\YiSha.Service\SaleManage\WishUserService.cs:line 59
   at YiSha.Business.SaleManage.WishUserBLL.SaveForm(WishUserEntity entity) in E:\资料\私人项目\2020_08\code\YiShaAdmin-master\YiSha.Business\YiSha.Business\SaleManage\WishUserBLL.cs:line 64
   at YiSha.Admin.Web.Areas.SaleManage.Controllers.WishUserController.SaveFormJson(WishUserEntity entity) in E:\资料\私人项目\2020_08\code\YiShaAdmin-master\YiSha.Web\YiSha.Admin.Web\Areas\SaleManage\Controllers\WishUserController.cs:line 71
   at lambda_method(Closure , Object )
   at Microsoft.Extensions.Internal.ObjectMethodExecutorAwaitable.Awaiter.GetResult()
   at Microsoft.AspNetCore.Mvc.Infrastructure.ActionMethodExecutor.TaskOfActionResultExecutor.Execute(IActionResultTypeMapper mapper, ObjectMethodExecutor executor, Object controller, Object[] arguments)
   at Microsoft.AspNetCore.Mvc.Infrastructure.ControllerActionInvoker.<InvokeActionMethodAsync>g__Awaited|12_0(ControllerActionInvoker invoker, ValueTask`1 actionResultValueTask)
   at Microsoft.AspNetCore.Mvc.Infrastructure.ControllerActionInvoker.<InvokeNextActionFilterAsync>g__Awaited|10_0(ControllerActionInvoker invoker, Task lastTask, State next, Scope scope, Object state, Boolean isCompleted)
   at Microsoft.AspNetCore.Mvc.Infrastructure.ControllerActionInvoker.Rethrow(ActionExecutedContextSealed context)
   at Microsoft.AspNetCore.Mvc.Infrastructure.ControllerActionInvoker.Next(State& next, Scope& scope, Object& state, Boolean& isCompleted)
   at Microsoft.AspNetCore.Mvc.Infrastructure.ControllerActionInvoker.<InvokeInnerFilterAsync>g__Awaited|13_0(ControllerActionInvoker invoker, Task lastTask, State next, Scope scope, Object state, Boolean isCompleted)
   at Microsoft.AspNetCore.Mvc.Infrastructure.ResourceInvoker.<InvokeNextExceptionFilterAsync>g__Awaited|25_0(ResourceInvoker invoker, Task lastTask, State next, Scope scope, Object state, Boolean isCompleted)
 |url: http://localhost/SaleManage/WishUser/SaveFormJson|action: SaveFormJson
2020-09-09 17:19:26.7787||ERROR||Index was out of range. Must be non-negative and less than the size of the collection. (Parameter 'index')
   at System.Collections.Generic.List`1.get_Item(Int32 index)
   at YiSha.Data.Repository.Repository.FindSignalModel[T](String strSql) in E:\资料\私人项目\2020_08\code\YiShaAdmin-master\YiSha.Data\YiSha.Data.Repository\Repository.cs:line 137
   at YiSha.Service.SaleManage.WishUserService.GetEntityByPhone(String phone) in E:\资料\私人项目\2020_08\code\YiShaAdmin-master\YiSha.Business\YiSha.Service\SaleManage\WishUserService.cs:line 59
   at YiSha.Business.SaleManage.WishUserBLL.SaveForm(WishUserEntity entity) in E:\资料\私人项目\2020_08\code\YiShaAdmin-master\YiSha.Business\YiSha.Business\SaleManage\WishUserBLL.cs:line 64
   at YiSha.Admin.Web.Areas.SaleManage.Controllers.WishUserController.SaveFormJson(WishUserEntity entity) in E:\资料\私人项目\2020_08\code\YiShaAdmin-master\YiSha.Web\YiSha.Admin.Web\Areas\SaleManage\Controllers\WishUserController.cs:line 71
   at lambda_method(Closure , Object )
   at Microsoft.Extensions.Internal.ObjectMethodExecutorAwaitable.Awaiter.GetResult()
   at Microsoft.AspNetCore.Mvc.Infrastructure.ActionMethodExecutor.TaskOfActionResultExecutor.Execute(IActionResultTypeMapper mapper, ObjectMethodExecutor executor, Object controller, Object[] arguments)
   at Microsoft.AspNetCore.Mvc.Infrastructure.ControllerActionInvoker.<InvokeActionMethodAsync>g__Awaited|12_0(ControllerActionInvoker invoker, ValueTask`1 actionResultValueTask)
   at Microsoft.AspNetCore.Mvc.Infrastructure.ControllerActionInvoker.<InvokeNextActionFilterAsync>g__Awaited|10_0(ControllerActionInvoker invoker, Task lastTask, State next, Scope scope, Object state, Boolean isCompleted)
   at Microsoft.AspNetCore.Mvc.Infrastructure.ControllerActionInvoker.Rethrow(ActionExecutedContextSealed context)
   at Microsoft.AspNetCore.Mvc.Infrastructure.ControllerActionInvoker.Next(State& next, Scope& scope, Object& state, Boolean& isCompleted)
   at Microsoft.AspNetCore.Mvc.Infrastructure.ControllerActionInvoker.<InvokeInnerFilterAsync>g__Awaited|13_0(ControllerActionInvoker invoker, Task lastTask, State next, Scope scope, Object state, Boolean isCompleted)
   at Microsoft.AspNetCore.Mvc.Infrastructure.ResourceInvoker.<InvokeNextExceptionFilterAsync>g__Awaited|25_0(ResourceInvoker invoker, Task lastTask, State next, Scope scope, Object state, Boolean isCompleted)
 |url: http://localhost/SaleManage/WishUser/SaveFormJson|action: SaveFormJson
2020-09-09 17:19:43.3366||ERROR||Index was out of range. Must be non-negative and less than the size of the collection. (Parameter 'index')
   at System.Collections.Generic.List`1.get_Item(Int32 index)
   at YiSha.Data.Repository.Repository.FindSignalModel[T](String strSql) in E:\资料\私人项目\2020_08\code\YiShaAdmin-master\YiSha.Data\YiSha.Data.Repository\Repository.cs:line 137
   at YiSha.Service.SaleManage.WishUserService.GetEntityByPhone(String phone) in E:\资料\私人项目\2020_08\code\YiShaAdmin-master\YiSha.Business\YiSha.Service\SaleManage\WishUserService.cs:line 59
   at YiSha.Business.SaleManage.WishUserBLL.SaveForm(WishUserEntity entity) in E:\资料\私人项目\2020_08\code\YiShaAdmin-master\YiSha.Business\YiSha.Business\SaleManage\WishUserBLL.cs:line 64
   at YiSha.Admin.Web.Areas.SaleManage.Controllers.WishUserController.SaveFormJson(WishUserEntity entity) in E:\资料\私人项目\2020_08\code\YiShaAdmin-master\YiSha.Web\YiSha.Admin.Web\Areas\SaleManage\Controllers\WishUserController.cs:line 71
   at lambda_method(Closure , Object )
   at Microsoft.Extensions.Internal.ObjectMethodExecutorAwaitable.Awaiter.GetResult()
   at Microsoft.AspNetCore.Mvc.Infrastructure.ActionMethodExecutor.TaskOfActionResultExecutor.Execute(IActionResultTypeMapper mapper, ObjectMethodExecutor executor, Object controller, Object[] arguments)
   at Microsoft.AspNetCore.Mvc.Infrastructure.ControllerActionInvoker.<InvokeActionMethodAsync>g__Awaited|12_0(ControllerActionInvoker invoker, ValueTask`1 actionResultValueTask)
   at Microsoft.AspNetCore.Mvc.Infrastructure.ControllerActionInvoker.<InvokeNextActionFilterAsync>g__Awaited|10_0(ControllerActionInvoker invoker, Task lastTask, State next, Scope scope, Object state, Boolean isCompleted)
   at Microsoft.AspNetCore.Mvc.Infrastructure.ControllerActionInvoker.Rethrow(ActionExecutedContextSealed context)
   at Microsoft.AspNetCore.Mvc.Infrastructure.ControllerActionInvoker.Next(State& next, Scope& scope, Object& state, Boolean& isCompleted)
   at Microsoft.AspNetCore.Mvc.Infrastructure.ControllerActionInvoker.<InvokeInnerFilterAsync>g__Awaited|13_0(ControllerActionInvoker invoker, Task lastTask, State next, Scope scope, Object state, Boolean isCompleted)
   at Microsoft.AspNetCore.Mvc.Infrastructure.ResourceInvoker.<InvokeNextExceptionFilterAsync>g__Awaited|25_0(ResourceInvoker invoker, Task lastTask, State next, Scope scope, Object state, Boolean isCompleted)
 |url: http://localhost/SaleManage/WishUser/SaveFormJson|action: SaveFormJson
2020-09-09 17:20:20.3077||ERROR||Index was out of range. Must be non-negative and less than the size of the collection. (Parameter 'index')
   at System.Collections.Generic.List`1.get_Item(Int32 index)
   at YiSha.Data.Repository.Repository.FindSignalModel[T](String strSql) in E:\资料\私人项目\2020_08\code\YiShaAdmin-master\YiSha.Data\YiSha.Data.Repository\Repository.cs:line 137
   at YiSha.Service.SaleManage.WishUserService.GetEntityByPhone(String phone) in E:\资料\私人项目\2020_08\code\YiShaAdmin-master\YiSha.Business\YiSha.Service\SaleManage\WishUserService.cs:line 59
   at YiSha.Business.SaleManage.WishUserBLL.SaveForm(WishUserEntity entity) in E:\资料\私人项目\2020_08\code\YiShaAdmin-master\YiSha.Business\YiSha.Business\SaleManage\WishUserBLL.cs:line 64
   at YiSha.Admin.Web.Areas.SaleManage.Controllers.WishUserController.SaveFormJson(WishUserEntity entity) in E:\资料\私人项目\2020_08\code\YiShaAdmin-master\YiSha.Web\YiSha.Admin.Web\Areas\SaleManage\Controllers\WishUserController.cs:line 71
   at lambda_method(Closure , Object )
   at Microsoft.Extensions.Internal.ObjectMethodExecutorAwaitable.Awaiter.GetResult()
   at Microsoft.AspNetCore.Mvc.Infrastructure.ActionMethodExecutor.TaskOfActionResultExecutor.Execute(IActionResultTypeMapper mapper, ObjectMethodExecutor executor, Object controller, Object[] arguments)
   at Microsoft.AspNetCore.Mvc.Infrastructure.ControllerActionInvoker.<InvokeActionMethodAsync>g__Awaited|12_0(ControllerActionInvoker invoker, ValueTask`1 actionResultValueTask)
   at Microsoft.AspNetCore.Mvc.Infrastructure.ControllerActionInvoker.<InvokeNextActionFilterAsync>g__Awaited|10_0(ControllerActionInvoker invoker, Task lastTask, State next, Scope scope, Object state, Boolean isCompleted)
   at Microsoft.AspNetCore.Mvc.Infrastructure.ControllerActionInvoker.Rethrow(ActionExecutedContextSealed context)
   at Microsoft.AspNetCore.Mvc.Infrastructure.ControllerActionInvoker.Next(State& next, Scope& scope, Object& state, Boolean& isCompleted)
   at Microsoft.AspNetCore.Mvc.Infrastructure.ControllerActionInvoker.<InvokeInnerFilterAsync>g__Awaited|13_0(ControllerActionInvoker invoker, Task lastTask, State next, Scope scope, Object state, Boolean isCompleted)
   at Microsoft.AspNetCore.Mvc.Infrastructure.ResourceInvoker.<InvokeNextExceptionFilterAsync>g__Awaited|25_0(ResourceInvoker invoker, Task lastTask, State next, Scope scope, Object state, Boolean isCompleted)
 |url: http://localhost/SaleManage/WishUser/SaveFormJson|action: SaveFormJson
2020-09-09 17:22:50.4756||DEBUG||程序启动 |ContentRootPath:E:\资料\私人项目\2020_08\code\YiShaAdmin-master\YiSha.Web\YiSha.Admin.Web |WebRootPath:E:\资料\私人项目\2020_08\code\YiShaAdmin-master\YiSha.Web\YiSha.Admin.Web\wwwroot |IsDevelopment:True |url: |action: 
2020-09-09 17:23:32.6448||ERROR||An error occurred while updating the entries. See the inner exception for details.
Unknown column 'TuiJianUserTxt' in 'field list'
   at Microsoft.EntityFrameworkCore.Update.ReaderModificationCommandBatch.ExecuteAsync(IRelationalConnection connection, CancellationToken cancellationToken)
   at Microsoft.EntityFrameworkCore.Update.Internal.BatchExecutor.ExecuteAsync(IEnumerable`1 commandBatches, IRelationalConnection connection, CancellationToken cancellationToken)
   at Microsoft.EntityFrameworkCore.Update.Internal.BatchExecutor.ExecuteAsync(IEnumerable`1 commandBatches, IRelationalConnection connection, CancellationToken cancellationToken)
   at Microsoft.EntityFrameworkCore.ChangeTracking.Internal.StateManager.SaveChangesAsync(IList`1 entriesToSave, CancellationToken cancellationToken)
   at Microsoft.EntityFrameworkCore.ChangeTracking.Internal.StateManager.SaveChangesAsync(DbContext _, Boolean acceptAllChangesOnSuccess, CancellationToken cancellationToken)
   at Pomelo.EntityFrameworkCore.MySql.Storage.Internal.MySqlExecutionStrategy.ExecuteAsync[TState,TResult](TState state, Func`4 operation, Func`4 verifySucceeded, CancellationToken cancellationToken)
   at Microsoft.EntityFrameworkCore.DbContext.SaveChangesAsync(Boolean acceptAllChangesOnSuccess, CancellationToken cancellationToken)
   at YiSha.Data.EF.MySqlDatabase.CommitTrans() in E:\资料\私人项目\2020_08\code\YiShaAdmin-master\YiSha.Data\YiSha.Data.EF\Database\MySqlDatabase.cs:line 65
   at YiSha.Data.EF.MySqlDatabase.CommitTrans() in E:\资料\私人项目\2020_08\code\YiShaAdmin-master\YiSha.Data\YiSha.Data.EF\Database\MySqlDatabase.cs:line 87
   at YiSha.Data.EF.MySqlDatabase.Insert[T](T entity) in E:\资料\私人项目\2020_08\code\YiShaAdmin-master\YiSha.Data\YiSha.Data.EF\Database\MySqlDatabase.cs:line 162
   at YiSha.Data.Repository.Repository.Insert[T](T entity) in E:\资料\私人项目\2020_08\code\YiShaAdmin-master\YiSha.Data\YiSha.Data.Repository\Repository.cs:line 69
   at YiSha.Service.SaleManage.WishUserService.SaveForm(WishUserEntity entity) in E:\资料\私人项目\2020_08\code\YiShaAdmin-master\YiSha.Business\YiSha.Service\SaleManage\WishUserService.cs:line 69
   at YiSha.Business.SaleManage.WishUserBLL.SaveForm(WishUserEntity entity) in E:\资料\私人项目\2020_08\code\YiShaAdmin-master\YiSha.Business\YiSha.Business\SaleManage\WishUserBLL.cs:line 71
   at YiSha.Admin.Web.Areas.SaleManage.Controllers.WishUserController.SaveFormJson(WishUserEntity entity) in E:\资料\私人项目\2020_08\code\YiShaAdmin-master\YiSha.Web\YiSha.Admin.Web\Areas\SaleManage\Controllers\WishUserController.cs:line 71
   at lambda_method(Closure , Object )
   at Microsoft.Extensions.Internal.ObjectMethodExecutorAwaitable.Awaiter.GetResult()
   at Microsoft.AspNetCore.Mvc.Infrastructure.ActionMethodExecutor.TaskOfActionResultExecutor.Execute(IActionResultTypeMapper mapper, ObjectMethodExecutor executor, Object controller, Object[] arguments)
   at Microsoft.AspNetCore.Mvc.Infrastructure.ControllerActionInvoker.<InvokeActionMethodAsync>g__Awaited|12_0(ControllerActionInvoker invoker, ValueTask`1 actionResultValueTask)
   at Microsoft.AspNetCore.Mvc.Infrastructure.ControllerActionInvoker.<InvokeNextActionFilterAsync>g__Awaited|10_0(ControllerActionInvoker invoker, Task lastTask, State next, Scope scope, Object state, Boolean isCompleted)
   at Microsoft.AspNetCore.Mvc.Infrastructure.ControllerActionInvoker.Rethrow(ActionExecutedContextSealed context)
   at Microsoft.AspNetCore.Mvc.Infrastructure.ControllerActionInvoker.Next(State& next, Scope& scope, Object& state, Boolean& isCompleted)
   at Microsoft.AspNetCore.Mvc.Infrastructure.ControllerActionInvoker.<InvokeInnerFilterAsync>g__Awaited|13_0(ControllerActionInvoker invoker, Task lastTask, State next, Scope scope, Object state, Boolean isCompleted)
   at Microsoft.AspNetCore.Mvc.Infrastructure.ResourceInvoker.<InvokeNextExceptionFilterAsync>g__Awaited|25_0(ResourceInvoker invoker, Task lastTask, State next, Scope scope, Object state, Boolean isCompleted)
 |url: http://localhost/SaleManage/WishUser/SaveFormJson|action: SaveFormJson
2020-09-09 17:24:32.8463||DEBUG||程序启动 |ContentRootPath:E:\资料\私人项目\2020_08\code\YiShaAdmin-master\YiSha.Web\YiSha.Admin.Web |WebRootPath:E:\资料\私人项目\2020_08\code\YiShaAdmin-master\YiSha.Web\YiSha.Admin.Web\wwwroot |IsDevelopment:True |url: |action: 
2020-09-09 17:28:53.1201||DEBUG||程序启动 |ContentRootPath:E:\资料\私人项目\2020_08\code\YiShaAdmin-master\YiSha.Web\YiSha.Admin.Web |WebRootPath:E:\资料\私人项目\2020_08\code\YiShaAdmin-master\YiSha.Web\YiSha.Admin.Web\wwwroot |IsDevelopment:True |url: |action: 
2020-09-09 17:32:52.5344||DEBUG||程序启动 |ContentRootPath:E:\资料\私人项目\2020_08\code\YiShaAdmin-master\YiSha.Web\YiSha.Admin.Web |WebRootPath:E:\资料\私人项目\2020_08\code\YiShaAdmin-master\YiSha.Web\YiSha.Admin.Web\wwwroot |IsDevelopment:True |url: |action: 
