2020-09-15 00:13:28.8629||DEBUG||程序启动 |ContentRootPath:E:\资料\私人项目\2020_08\code\YiShaAdmin-master\YiSha.Web\YiSha.Admin.Web |WebRootPath:E:\资料\私人项目\2020_08\code\YiShaAdmin-master\YiSha.Web\YiSha.Admin.Web\wwwroot |IsDevelopment:True |url: |action: 
2020-09-15 00:18:21.1369||DEBUG||程序启动 |ContentRootPath:E:\资料\私人项目\2020_08\code\YiShaAdmin-master\YiSha.Web\YiSha.Admin.Web |WebRootPath:E:\资料\私人项目\2020_08\code\YiShaAdmin-master\YiSha.Web\YiSha.Admin.Web\wwwroot |IsDevelopment:True |url: |action: 
2020-09-15 09:52:03.4995||DEBUG||程序启动 |ContentRootPath:E:\资料\私人项目\2020_08\code\YiShaAdmin-master\YiSha.Web\YiSha.Admin.Web |WebRootPath:E:\资料\私人项目\2020_08\code\YiShaAdmin-master\YiSha.Web\YiSha.Admin.Web\wwwroot |IsDevelopment:True |url: |action: 
2020-09-15 11:37:22.8596||DEBUG||程序启动 |ContentRootPath:E:\资料\私人项目\2020_08\code\YiShaAdmin-master\YiSha.Web\YiSha.Admin.Web |WebRootPath:E:\资料\私人项目\2020_08\code\YiShaAdmin-master\YiSha.Web\YiSha.Admin.Web\wwwroot |IsDevelopment:True |url: |action: 
2020-09-15 14:04:51.4925||DEBUG||程序启动 |ContentRootPath:E:\资料\私人项目\2020_08\code\YiShaAdmin-master\YiSha.Web\YiSha.Admin.Web |WebRootPath:E:\资料\私人项目\2020_08\code\YiShaAdmin-master\YiSha.Web\YiSha.Admin.Web\wwwroot |IsDevelopment:True |url: |action: 
2020-09-15 17:11:59.1247||ERROR||An error occurred while updating the entries. See the inner exception for details.
Incorrect integer value: '' for column 'SaleNum' at row 1
   at Microsoft.EntityFrameworkCore.Update.ReaderModificationCommandBatch.ExecuteAsync(IRelationalConnection connection, CancellationToken cancellationToken)
   at Microsoft.EntityFrameworkCore.Update.Internal.BatchExecutor.ExecuteAsync(IEnumerable`1 commandBatches, IRelationalConnection connection, CancellationToken cancellationToken)
   at Microsoft.EntityFrameworkCore.Update.Internal.BatchExecutor.ExecuteAsync(IEnumerable`1 commandBatches, IRelationalConnection connection, CancellationToken cancellationToken)
   at Microsoft.EntityFrameworkCore.ChangeTracking.Internal.StateManager.SaveChangesAsync(IList`1 entriesToSave, CancellationToken cancellationToken)
   at Microsoft.EntityFrameworkCore.ChangeTracking.Internal.StateManager.SaveChangesAsync(DbContext _, Boolean acceptAllChangesOnSuccess, CancellationToken cancellationToken)
   at Pomelo.EntityFrameworkCore.MySql.Storage.Internal.MySqlExecutionStrategy.ExecuteAsync[TState,TResult](TState state, Func`4 operation, Func`4 verifySucceeded, CancellationToken cancellationToken)
   at Microsoft.EntityFrameworkCore.DbContext.SaveChangesAsync(Boolean acceptAllChangesOnSuccess, CancellationToken cancellationToken)
   at YiSha.Data.EF.MySqlDatabase.CommitTrans() in E:\资料\私人项目\2020_08\code\YiShaAdmin-master\YiSha.Data\YiSha.Data.EF\Database\MySqlDatabase.cs:line 65
   at YiSha.Data.EF.MySqlDatabase.CommitTrans() in E:\资料\私人项目\2020_08\code\YiShaAdmin-master\YiSha.Data\YiSha.Data.EF\Database\MySqlDatabase.cs:line 87
   at YiSha.Data.EF.MySqlDatabase.Insert[T](T entity) in E:\资料\私人项目\2020_08\code\YiShaAdmin-master\YiSha.Data\YiSha.Data.EF\Database\MySqlDatabase.cs:line 162
   at YiSha.Data.Repository.Repository.Insert[T](T entity) in E:\资料\私人项目\2020_08\code\YiShaAdmin-master\YiSha.Data\YiSha.Data.Repository\Repository.cs:line 69
   at YiSha.Service.OrderManage.OrderTerIssueService.SaveForm(OrderTerIssueEntity entity) in E:\资料\私人项目\2020_08\code\YiShaAdmin-master\YiSha.Business\YiSha.Service\OrderManage\OrderTerIssueService.cs:line 59
   at YiSha.Business.OrderManage.OrderTerIssueBLL.SaveForm(OrderTerIssueEntity entity) in E:\资料\私人项目\2020_08\code\YiShaAdmin-master\YiSha.Business\YiSha.Business\OrderManage\OrderTerIssueBLL.cs:line 58
   at YiSha.Admin.Web.Areas.OrderManage.Controllers.OrderTerIssueController.SaveFormJson(OrderTerIssueEntity entity) in E:\资料\私人项目\2020_08\code\YiShaAdmin-master\YiSha.Web\YiSha.Admin.Web\Areas\OrderManage\Controllers\OrderTerIssueController.cs:line 73
   at lambda_method(Closure , Object )
   at Microsoft.Extensions.Internal.ObjectMethodExecutorAwaitable.Awaiter.GetResult()
   at Microsoft.AspNetCore.Mvc.Infrastructure.ActionMethodExecutor.TaskOfActionResultExecutor.Execute(IActionResultTypeMapper mapper, ObjectMethodExecutor executor, Object controller, Object[] arguments)
   at Microsoft.AspNetCore.Mvc.Infrastructure.ControllerActionInvoker.<InvokeActionMethodAsync>g__Awaited|12_0(ControllerActionInvoker invoker, ValueTask`1 actionResultValueTask)
   at Microsoft.AspNetCore.Mvc.Infrastructure.ControllerActionInvoker.<InvokeNextActionFilterAsync>g__Awaited|10_0(ControllerActionInvoker invoker, Task lastTask, State next, Scope scope, Object state, Boolean isCompleted)
   at Microsoft.AspNetCore.Mvc.Infrastructure.ControllerActionInvoker.Rethrow(ActionExecutedContextSealed context)
   at Microsoft.AspNetCore.Mvc.Infrastructure.ControllerActionInvoker.Next(State& next, Scope& scope, Object& state, Boolean& isCompleted)
   at Microsoft.AspNetCore.Mvc.Infrastructure.ControllerActionInvoker.<InvokeInnerFilterAsync>g__Awaited|13_0(ControllerActionInvoker invoker, Task lastTask, State next, Scope scope, Object state, Boolean isCompleted)
   at Microsoft.AspNetCore.Mvc.Infrastructure.ResourceInvoker.<InvokeNextExceptionFilterAsync>g__Awaited|25_0(ResourceInvoker invoker, Task lastTask, State next, Scope scope, Object state, Boolean isCompleted)
 |url: http://localhost/OrderManage/OrderTerIssue/SaveFormJson|action: SaveFormJson
